<?xml version="1.0" encoding="UTF-8"?>
<testsuites name="San dimas" time="165.14" tests="4" failures="0" errors="0">
   <testsuite name="San dimas" tests="4" failures="0" errors="0" time="165.14" timestamp="2020-12-03 15:06:37" hostname="iperez - EC2AMAZ-DJL71OR.firstmajestic.local" id="Test Suites/San Dimas/San dimas">
      <properties>
         <property name="deviceName" value=""/>
         <property name="devicePlatform" value=""/>
         <property name="logFolder" value="D:\\Users\\iperez\\Katalon Studio\\Balance metalurgico\\Reports\\20201203_150631\\San Dimas\\San dimas\\20201203_150631"/>
         <property name="logFiles" value="D:\\Users\\iperez\\Katalon Studio\\Balance metalurgico\\Reports\\20201203_150631\\San Dimas\\San dimas\\20201203_150631\\execution0.log"/>
         <property name="attachments" value=""/>
         <property name="hostName" value="iperez - EC2AMAZ-DJL71OR.firstmajestic.local"/>
         <property name="os" value="Windows Server 2016 64bit"/>
         <property name="katalonVersion" value="7.0.4.1"/>
         <property name="browser" value="Chrome 86.0.4240.198"/>
         <property name="hostAddress" value="10.41.50.193"/>
         <property name="sessionId" value="285140f123f455750502ce7fecd3b01a"/>
         <property name="seleniumVersion" value="3.141.59"/>
         <property name="proxyInformation" value="ProxyInformation{proxyOption=NO_PROXY, proxyServerType=HTTP, password=, proxyServerAddress=, proxyServerPort=0}"/>
         <property name="platform" value="Windows Server 2016"/>
      </properties>
      <testcase name="Test Cases/Embarques/Barras/Produccion (San Dimas)/Barras embarcadas/Consulta de embarques/Validacion de error lote embarque" time="41.527" classname="Test Cases/Embarques/Barras/Produccion (San Dimas)/Barras embarcadas/Consulta de embarques/Validacion de error lote embarque" status="PASSED">
         <system-out><![CDATA[2020-12-03 15:06:38 - [TEST_CASE][PASSED] - Test Cases/Embarques/Barras/Produccion (San Dimas)/Barras embarcadas/Consulta de embarques/Validacion de error lote embarque: Test Cases/Embarques/Barras/Produccion (San Dimas)/Barras embarcadas/Consulta de embarques/Validacion de error lote embarque

2020-12-03 15:06:38 - [TEST_STEP][PASSED] - callTestCase(findTestCase("Login/Log-in"), [:], CONTINUE_ON_FAILURE): Call Test Case 'Test Cases/Login/Log-in' successfully

2020-12-03 15:06:38 - [TEST_CASE][PASSED] - Test Cases/Login/Log-in: Test Cases/Login/Log-in

2020-12-03 15:06:39 - [TEST_STEP][PASSED] - openBrowser(url): Browser is opened with url: 'https://mb-testing.firstmajestic.com'

2020-12-03 15:06:39 - [MESSAGE][INFO] - Starting 'Chrome' driver

2020-12-03 15:06:39 - [MESSAGE][INFO] - Action delay is set to 0 seconds

2020-12-03 15:06:47 - [MESSAGE][PASSED] - Browser is opened with url: 'https://mb-testing.firstmajestic.com'

2020-12-03 15:06:47 - [TEST_STEP][PASSED] - maximizeWindow(): Current window maximized

2020-12-03 15:06:48 - [MESSAGE][PASSED] - Current window maximized

2020-12-03 15:06:48 - [TEST_STEP][PASSED] - click(findTestObject("Login/La parrilla login/select_Seleccionar UnidadLa ParrillaLa Enca_3f6097")): Object: 'Object Repository/Login/La parrilla login/select_Seleccionar UnidadLa ParrillaLa Enca_3f6097' is clicked on

2020-12-03 15:06:49 - [MESSAGE][PASSED] - Object: 'Object Repository/Login/La parrilla login/select_Seleccionar UnidadLa ParrillaLa Enca_3f6097' is clicked on

2020-12-03 15:06:49 - [TEST_STEP][PASSED] - selectOptionByLabel(findTestObject("Login/La parrilla login/select_Seleccionar UnidadLa ParrillaLa Enca_3f6097"), unidad, false): All options with label 'San Dimas' are selected in object 'Object Repository/Login/La parrilla login/select_Seleccionar UnidadLa ParrillaLa Enca_3f6097' 

2020-12-03 15:06:50 - [MESSAGE][PASSED] - All options with label 'San Dimas' are selected in object 'Object Repository/Login/La parrilla login/select_Seleccionar UnidadLa ParrillaLa Enca_3f6097' 

2020-12-03 15:06:50 - [TEST_STEP][PASSED] - click(findTestObject("Login/La parrilla login/button_Iniciar Sesin")): Object: 'Object Repository/Login/La parrilla login/button_Iniciar Sesin' is clicked on

2020-12-03 15:06:50 - [MESSAGE][PASSED] - Object: 'Object Repository/Login/La parrilla login/button_Iniciar Sesin' is clicked on

2020-12-03 15:06:50 - [TEST_STEP][PASSED] - click(findTestObject("Login/La parrilla login/input_Sign in with your corporate ID_btn bt_b79ff6")): Object: 'Object Repository/Login/La parrilla login/input_Sign in with your corporate ID_btn bt_b79ff6' is clicked on

2020-12-03 15:06:55 - [MESSAGE][PASSED] - Object: 'Object Repository/Login/La parrilla login/input_Sign in with your corporate ID_btn bt_b79ff6' is clicked on

2020-12-03 15:06:55 - [TEST_STEP][PASSED] - setText(findTestObject("Login/La parrilla login/input_Sign in_loginfmt"), "iperez@firstmajestic.com"): Text 'iperez@firstmajestic.com' is set on object 'Object Repository/Login/La parrilla login/input_Sign in_loginfmt'

2020-12-03 15:06:57 - [MESSAGE][PASSED] - Text 'iperez@firstmajestic.com' is set on object 'Object Repository/Login/La parrilla login/input_Sign in_loginfmt'

2020-12-03 15:06:57 - [TEST_STEP][PASSED] - click(findTestObject("Login/La parrilla login/input_Sign in_idSIButton9")): Object: 'Object Repository/Login/La parrilla login/input_Sign in_idSIButton9' is clicked on

2020-12-03 15:06:57 - [MESSAGE][PASSED] - Object: 'Object Repository/Login/La parrilla login/input_Sign in_idSIButton9' is clicked on

2020-12-03 15:06:57 - [TEST_STEP][PASSED] - setEncryptedText(findTestObject("Login/La parrilla login/input_Enter password_passwd"), "ykGCkDCd7AS2UCfUpOmvYw=="): Text ****** has been set on object 'Object Repository/Login/La parrilla login/input_Enter password_passwd'

2020-12-03 15:07:00 - [MESSAGE][PASSED] - Text ****** has been set on object 'Object Repository/Login/La parrilla login/input_Enter password_passwd'

2020-12-03 15:07:00 - [TEST_STEP][PASSED] - click(findTestObject("Login/La parrilla login/input_Sign in_idSIButton9")): Object: 'Object Repository/Login/La parrilla login/input_Sign in_idSIButton9' is clicked on

2020-12-03 15:07:01 - [MESSAGE][PASSED] - Object: 'Object Repository/Login/La parrilla login/input_Sign in_idSIButton9' is clicked on

2020-12-03 15:07:01 - [TEST_STEP][PASSED] - click(findTestObject("Login/La parrilla login/input_Sign in_idSIButton9")): Object: 'Object Repository/Login/La parrilla login/input_Sign in_idSIButton9' is clicked on

2020-12-03 15:07:06 - [MESSAGE][PASSED] - Object: 'Object Repository/Login/La parrilla login/input_Sign in_idSIButton9' is clicked on

2020-12-03 15:07:06 - [TEST_STEP][PASSED] - delay(2): Delayed 2 second(s)

2020-12-03 15:07:08 - [MESSAGE][PASSED] - Delayed 2 second(s)

2020-12-03 15:07:08 - [MESSAGE][PASSED] - Call Test Case 'Test Cases/Login/Log-in' successfully

2020-12-03 15:07:08 - [TEST_STEP][PASSED] - click(findTestObject("Embarques/Barras/Produccion/Consulta de Embarque/button_Embarques")): Object: 'Object Repository/Embarques/Barras/Produccion/Consulta de Embarque/button_Embarques' is clicked on

2020-12-03 15:07:09 - [MESSAGE][PASSED] - Object: 'Object Repository/Embarques/Barras/Produccion/Consulta de Embarque/button_Embarques' is clicked on

2020-12-03 15:07:09 - [TEST_STEP][PASSED] - click(findTestObject("Object Repository/Embarques/Barras/Produccion/Consulta de Embarque/button_Barras")): Object: 'Object Repository/Embarques/Barras/Produccion/Consulta de Embarque/button_Barras' is clicked on

2020-12-03 15:07:10 - [MESSAGE][PASSED] - Object: 'Object Repository/Embarques/Barras/Produccion/Consulta de Embarque/button_Barras' is clicked on

2020-12-03 15:07:10 - [TEST_STEP][PASSED] - click(findTestObject("Object Repository/Embarques/Barras/Produccion/Consulta de Embarque/button_Produccin")): Object: 'Object Repository/Embarques/Barras/Produccion/Consulta de Embarque/button_Produccin' is clicked on

2020-12-03 15:07:10 - [MESSAGE][PASSED] - Object: 'Object Repository/Embarques/Barras/Produccion/Consulta de Embarque/button_Produccin' is clicked on

2020-12-03 15:07:10 - [TEST_STEP][PASSED] - click(findTestObject("Embarques/Barras/Produccion/Consulta de Embarque/button_Barras_Embarcadas")): Object: 'Object Repository/Embarques/Barras/Produccion/Consulta de Embarque/button_Barras_Embarcadas' is clicked on

2020-12-03 15:07:11 - [MESSAGE][PASSED] - Object: 'Object Repository/Embarques/Barras/Produccion/Consulta de Embarque/button_Barras_Embarcadas' is clicked on

2020-12-03 15:07:11 - [TEST_STEP][PASSED] - click(findTestObject("Embarques/Barras/Produccion/Consulta de Embarque/button_Consulta de Embarques")): Object: 'Object Repository/Embarques/Barras/Produccion/Consulta de Embarque/button_Consulta de Embarques' is clicked on

2020-12-03 15:07:12 - [MESSAGE][PASSED] - Object: 'Object Repository/Embarques/Barras/Produccion/Consulta de Embarque/button_Consulta de Embarques' is clicked on

2020-12-03 15:07:12 - [TEST_STEP][PASSED] - click(findTestObject("Object Repository/Embarques/Barras/Produccion/Consulta de Embarque/input_De_Fecha")): Object: 'Object Repository/Embarques/Barras/Produccion/Consulta de Embarque/input_De_Fecha' is clicked on

2020-12-03 15:07:13 - [MESSAGE][PASSED] - Object: 'Object Repository/Embarques/Barras/Produccion/Consulta de Embarque/input_De_Fecha' is clicked on

2020-12-03 15:07:13 - [TEST_STEP][PASSED] - doubleClick(findTestObject("Ventas/Barras/Ensayes oficiales/Captura/button_Previous Month")): Object: 'Object Repository/Ventas/Barras/Ensayes oficiales/Captura/button_Previous Month' is double clicked on

2020-12-03 15:07:13 - [MESSAGE][PASSED] - Object: 'Object Repository/Ventas/Barras/Ensayes oficiales/Captura/button_Previous Month' is double clicked on

2020-12-03 15:07:13 - [TEST_STEP][PASSED] - click(findTestObject("Object Repository/Embarques/Barras/Produccion/Consulta de Embarque/div_1")): Object: 'Object Repository/Embarques/Barras/Produccion/Consulta de Embarque/div_1' is clicked on

2020-12-03 15:07:14 - [MESSAGE][PASSED] - Object: 'Object Repository/Embarques/Barras/Produccion/Consulta de Embarque/div_1' is clicked on

2020-12-03 15:07:14 - [TEST_STEP][PASSED] - click(findTestObject("Object Repository/Embarques/Barras/Produccion/Consulta de Embarque/button_Consultar")): Object: 'Object Repository/Embarques/Barras/Produccion/Consulta de Embarque/button_Consultar' is clicked on

2020-12-03 15:07:15 - [MESSAGE][PASSED] - Object: 'Object Repository/Embarques/Barras/Produccion/Consulta de Embarque/button_Consultar' is clicked on

2020-12-03 15:07:15 - [TEST_STEP][PASSED] - waitForElementPresent(findTestObject("Error"), 2): Object 'Object Repository/Error' is not present after 2 second(s)

2020-12-03 15:07:18 - [MESSAGE][INFO] - Unable to find the element located by 'By.xpath: /html/body/div[1]/div/main/div/div/div/div[2]/div/div/div[1]/img'. Please recheck the objects properties to make sure the desired element is located. 

2020-12-03 15:07:18 - [MESSAGE][WARNING] - Object 'Object Repository/Error' is not present after 2 second(s)

2020-12-03 15:07:18 - [TEST_STEP][PASSED] - closeBrowser(): Browser is closed

2020-12-03 15:07:19 - [MESSAGE][PASSED] - Browser is closed]]></system-out>
         <system-err><![CDATA[]]></system-err>
      </testcase>
      <testcase name="Test Cases/Embarques/Barras/Produccion (San Dimas)/Barras embarcadas/Consulta de volumen/Validacion de error volumen embarque" time="35.681" classname="Test Cases/Embarques/Barras/Produccion (San Dimas)/Barras embarcadas/Consulta de volumen/Validacion de error volumen embarque" status="PASSED">
         <system-out><![CDATA[2020-12-03 15:07:19 - [TEST_CASE][PASSED] - Test Cases/Embarques/Barras/Produccion (San Dimas)/Barras embarcadas/Consulta de volumen/Validacion de error volumen embarque: Test Cases/Embarques/Barras/Produccion (San Dimas)/Barras embarcadas/Consulta de volumen/Validacion de error volumen embarque

2020-12-03 15:07:19 - [TEST_STEP][PASSED] - callTestCase(findTestCase("Login/Log-in"), [:], CONTINUE_ON_FAILURE): Call Test Case 'Test Cases/Login/Log-in' successfully

2020-12-03 15:07:19 - [TEST_CASE][PASSED] - Test Cases/Login/Log-in: Test Cases/Login/Log-in

2020-12-03 15:07:19 - [TEST_STEP][PASSED] - openBrowser(url): Browser is opened with url: 'https://mb-testing.firstmajestic.com'

2020-12-03 15:07:19 - [MESSAGE][INFO] - Starting 'Chrome' driver

2020-12-03 15:07:25 - [MESSAGE][PASSED] - Browser is opened with url: 'https://mb-testing.firstmajestic.com'

2020-12-03 15:07:25 - [TEST_STEP][PASSED] - maximizeWindow(): Current window maximized

2020-12-03 15:07:26 - [MESSAGE][PASSED] - Current window maximized

2020-12-03 15:07:26 - [TEST_STEP][PASSED] - click(findTestObject("Login/La parrilla login/select_Seleccionar UnidadLa ParrillaLa Enca_3f6097")): Object: 'Object Repository/Login/La parrilla login/select_Seleccionar UnidadLa ParrillaLa Enca_3f6097' is clicked on

2020-12-03 15:07:27 - [MESSAGE][PASSED] - Object: 'Object Repository/Login/La parrilla login/select_Seleccionar UnidadLa ParrillaLa Enca_3f6097' is clicked on

2020-12-03 15:07:27 - [TEST_STEP][PASSED] - selectOptionByLabel(findTestObject("Login/La parrilla login/select_Seleccionar UnidadLa ParrillaLa Enca_3f6097"), unidad, false): All options with label 'San Dimas' are selected in object 'Object Repository/Login/La parrilla login/select_Seleccionar UnidadLa ParrillaLa Enca_3f6097' 

2020-12-03 15:07:27 - [MESSAGE][PASSED] - All options with label 'San Dimas' are selected in object 'Object Repository/Login/La parrilla login/select_Seleccionar UnidadLa ParrillaLa Enca_3f6097' 

2020-12-03 15:07:27 - [TEST_STEP][PASSED] - click(findTestObject("Login/La parrilla login/button_Iniciar Sesin")): Object: 'Object Repository/Login/La parrilla login/button_Iniciar Sesin' is clicked on

2020-12-03 15:07:28 - [MESSAGE][PASSED] - Object: 'Object Repository/Login/La parrilla login/button_Iniciar Sesin' is clicked on

2020-12-03 15:07:28 - [TEST_STEP][PASSED] - click(findTestObject("Login/La parrilla login/input_Sign in with your corporate ID_btn bt_b79ff6")): Object: 'Object Repository/Login/La parrilla login/input_Sign in with your corporate ID_btn bt_b79ff6' is clicked on

2020-12-03 15:07:31 - [MESSAGE][PASSED] - Object: 'Object Repository/Login/La parrilla login/input_Sign in with your corporate ID_btn bt_b79ff6' is clicked on

2020-12-03 15:07:31 - [TEST_STEP][PASSED] - setText(findTestObject("Login/La parrilla login/input_Sign in_loginfmt"), "iperez@firstmajestic.com"): Text 'iperez@firstmajestic.com' is set on object 'Object Repository/Login/La parrilla login/input_Sign in_loginfmt'

2020-12-03 15:07:34 - [MESSAGE][PASSED] - Text 'iperez@firstmajestic.com' is set on object 'Object Repository/Login/La parrilla login/input_Sign in_loginfmt'

2020-12-03 15:07:34 - [TEST_STEP][PASSED] - click(findTestObject("Login/La parrilla login/input_Sign in_idSIButton9")): Object: 'Object Repository/Login/La parrilla login/input_Sign in_idSIButton9' is clicked on

2020-12-03 15:07:34 - [MESSAGE][PASSED] - Object: 'Object Repository/Login/La parrilla login/input_Sign in_idSIButton9' is clicked on

2020-12-03 15:07:34 - [TEST_STEP][PASSED] - setEncryptedText(findTestObject("Login/La parrilla login/input_Enter password_passwd"), "ykGCkDCd7AS2UCfUpOmvYw=="): Text ****** has been set on object 'Object Repository/Login/La parrilla login/input_Enter password_passwd'

2020-12-03 15:07:36 - [MESSAGE][PASSED] - Text ****** has been set on object 'Object Repository/Login/La parrilla login/input_Enter password_passwd'

2020-12-03 15:07:36 - [TEST_STEP][PASSED] - click(findTestObject("Login/La parrilla login/input_Sign in_idSIButton9")): Object: 'Object Repository/Login/La parrilla login/input_Sign in_idSIButton9' is clicked on

2020-12-03 15:07:38 - [MESSAGE][PASSED] - Object: 'Object Repository/Login/La parrilla login/input_Sign in_idSIButton9' is clicked on

2020-12-03 15:07:38 - [TEST_STEP][PASSED] - click(findTestObject("Login/La parrilla login/input_Sign in_idSIButton9")): Object: 'Object Repository/Login/La parrilla login/input_Sign in_idSIButton9' is clicked on

2020-12-03 15:07:43 - [MESSAGE][PASSED] - Object: 'Object Repository/Login/La parrilla login/input_Sign in_idSIButton9' is clicked on

2020-12-03 15:07:43 - [TEST_STEP][PASSED] - delay(2): Delayed 2 second(s)

2020-12-03 15:07:45 - [MESSAGE][PASSED] - Delayed 2 second(s)

2020-12-03 15:07:45 - [MESSAGE][PASSED] - Call Test Case 'Test Cases/Login/Log-in' successfully

2020-12-03 15:07:45 - [TEST_STEP][PASSED] - click(findTestObject("Object Repository/Embarques/Barras/Produccion/Consulta de volumen/button_Embarques")): Object: 'Object Repository/Embarques/Barras/Produccion/Consulta de volumen/button_Embarques' is clicked on

2020-12-03 15:07:46 - [MESSAGE][PASSED] - Object: 'Object Repository/Embarques/Barras/Produccion/Consulta de volumen/button_Embarques' is clicked on

2020-12-03 15:07:46 - [TEST_STEP][PASSED] - click(findTestObject("Object Repository/Embarques/Barras/Produccion/Consulta de volumen/button_Barras")): Object: 'Object Repository/Embarques/Barras/Produccion/Consulta de volumen/button_Barras' is clicked on

2020-12-03 15:07:47 - [MESSAGE][PASSED] - Object: 'Object Repository/Embarques/Barras/Produccion/Consulta de volumen/button_Barras' is clicked on

2020-12-03 15:07:47 - [TEST_STEP][PASSED] - click(findTestObject("Object Repository/Embarques/Barras/Produccion/Consulta de volumen/button_Produccin")): Object: 'Object Repository/Embarques/Barras/Produccion/Consulta de volumen/button_Produccin' is clicked on

2020-12-03 15:07:47 - [MESSAGE][PASSED] - Object: 'Object Repository/Embarques/Barras/Produccion/Consulta de volumen/button_Produccin' is clicked on

2020-12-03 15:07:47 - [TEST_STEP][PASSED] - click(findTestObject("Embarques/Barras/Produccion/Consulta de Embarque/button_Barras_Embarcadas")): Object: 'Object Repository/Embarques/Barras/Produccion/Consulta de Embarque/button_Barras_Embarcadas' is clicked on

2020-12-03 15:07:48 - [MESSAGE][PASSED] - Object: 'Object Repository/Embarques/Barras/Produccion/Consulta de Embarque/button_Barras_Embarcadas' is clicked on

2020-12-03 15:07:48 - [TEST_STEP][PASSED] - click(findTestObject("Embarques/Barras/Produccion/Consulta de volumen/button_Volumen_Embarcados")): Object: 'Object Repository/Embarques/Barras/Produccion/Consulta de volumen/button_Volumen_Embarcados' is clicked on

2020-12-03 15:07:49 - [MESSAGE][PASSED] - Object: 'Object Repository/Embarques/Barras/Produccion/Consulta de volumen/button_Volumen_Embarcados' is clicked on

2020-12-03 15:07:49 - [TEST_STEP][PASSED] - setText(findTestObject("Embarques/Barras/Produccion/Consulta de volumen/input_barra_ini_emb"), "1"): Text '1' is set on object 'Object Repository/Embarques/Barras/Produccion/Consulta de volumen/input_barra_ini_emb'

2020-12-03 15:07:49 - [MESSAGE][PASSED] - Text '1' is set on object 'Object Repository/Embarques/Barras/Produccion/Consulta de volumen/input_barra_ini_emb'

2020-12-03 15:07:49 - [TEST_STEP][PASSED] - setText(findTestObject("Embarques/Barras/Produccion/Consulta de volumen/input_barra_fin_emb"), "50"): Text '50' is set on object 'Object Repository/Embarques/Barras/Produccion/Consulta de volumen/input_barra_fin_emb'

2020-12-03 15:07:50 - [MESSAGE][PASSED] - Text '50' is set on object 'Object Repository/Embarques/Barras/Produccion/Consulta de volumen/input_barra_fin_emb'

2020-12-03 15:07:50 - [TEST_STEP][PASSED] - setText(findTestObject("Embarques/Barras/Produccion/Consulta de volumen/input_lote_emb"), "LP-12-02"): Text 'LP-12-02' is set on object 'Object Repository/Embarques/Barras/Produccion/Consulta de volumen/input_lote_emb'

2020-12-03 15:07:50 - [MESSAGE][PASSED] - Text 'LP-12-02' is set on object 'Object Repository/Embarques/Barras/Produccion/Consulta de volumen/input_lote_emb'

2020-12-03 15:07:50 - [TEST_STEP][PASSED] - click(findTestObject("Embarques/Barras/Produccion/Consulta de volumen/button_Consultar_Emb")): Object: 'Object Repository/Embarques/Barras/Produccion/Consulta de volumen/button_Consultar_Emb' is clicked on

2020-12-03 15:07:51 - [MESSAGE][PASSED] - Object: 'Object Repository/Embarques/Barras/Produccion/Consulta de volumen/button_Consultar_Emb' is clicked on

2020-12-03 15:07:51 - [TEST_STEP][PASSED] - waitForElementPresent(findTestObject("Error"), 2): Object 'Object Repository/Error' is not present after 2 second(s)

2020-12-03 15:07:54 - [MESSAGE][INFO] - Unable to find the element located by 'By.xpath: /html/body/div[1]/div/main/div/div/div/div[2]/div/div/div[1]/img'. Please recheck the objects properties to make sure the desired element is located. 

2020-12-03 15:07:54 - [MESSAGE][WARNING] - Object 'Object Repository/Error' is not present after 2 second(s)

2020-12-03 15:07:54 - [TEST_STEP][PASSED] - closeBrowser(): Browser is closed

2020-12-03 15:07:55 - [MESSAGE][PASSED] - Browser is closed]]></system-out>
         <system-err><![CDATA[]]></system-err>
      </testcase>
      <testcase name="Test Cases/Embarques/Barras/Produccion (San Dimas)/Consulta de embarques/Validacion de error lote" time="37.923" classname="Test Cases/Embarques/Barras/Produccion (San Dimas)/Consulta de embarques/Validacion de error lote" status="PASSED">
         <system-out><![CDATA[2020-12-03 15:07:55 - [TEST_CASE][PASSED] - Test Cases/Embarques/Barras/Produccion (San Dimas)/Consulta de embarques/Validacion de error lote: Test Cases/Embarques/Barras/Produccion (San Dimas)/Consulta de embarques/Validacion de error lote

2020-12-03 15:07:55 - [TEST_STEP][PASSED] - callTestCase(findTestCase("Login/Log-in"), [:], CONTINUE_ON_FAILURE): Call Test Case 'Test Cases/Login/Log-in' successfully

2020-12-03 15:07:55 - [TEST_CASE][PASSED] - Test Cases/Login/Log-in: Test Cases/Login/Log-in

2020-12-03 15:07:55 - [TEST_STEP][PASSED] - openBrowser(url): Browser is opened with url: 'https://mb-testing.firstmajestic.com'

2020-12-03 15:07:55 - [MESSAGE][INFO] - Starting 'Chrome' driver

2020-12-03 15:08:01 - [MESSAGE][PASSED] - Browser is opened with url: 'https://mb-testing.firstmajestic.com'

2020-12-03 15:08:01 - [TEST_STEP][PASSED] - maximizeWindow(): Current window maximized

2020-12-03 15:08:02 - [MESSAGE][PASSED] - Current window maximized

2020-12-03 15:08:02 - [TEST_STEP][PASSED] - click(findTestObject("Login/La parrilla login/select_Seleccionar UnidadLa ParrillaLa Enca_3f6097")): Object: 'Object Repository/Login/La parrilla login/select_Seleccionar UnidadLa ParrillaLa Enca_3f6097' is clicked on

2020-12-03 15:08:03 - [MESSAGE][PASSED] - Object: 'Object Repository/Login/La parrilla login/select_Seleccionar UnidadLa ParrillaLa Enca_3f6097' is clicked on

2020-12-03 15:08:03 - [TEST_STEP][PASSED] - selectOptionByLabel(findTestObject("Login/La parrilla login/select_Seleccionar UnidadLa ParrillaLa Enca_3f6097"), unidad, false): All options with label 'San Dimas' are selected in object 'Object Repository/Login/La parrilla login/select_Seleccionar UnidadLa ParrillaLa Enca_3f6097' 

2020-12-03 15:08:03 - [MESSAGE][PASSED] - All options with label 'San Dimas' are selected in object 'Object Repository/Login/La parrilla login/select_Seleccionar UnidadLa ParrillaLa Enca_3f6097' 

2020-12-03 15:08:03 - [TEST_STEP][PASSED] - click(findTestObject("Login/La parrilla login/button_Iniciar Sesin")): Object: 'Object Repository/Login/La parrilla login/button_Iniciar Sesin' is clicked on

2020-12-03 15:08:04 - [MESSAGE][PASSED] - Object: 'Object Repository/Login/La parrilla login/button_Iniciar Sesin' is clicked on

2020-12-03 15:08:04 - [TEST_STEP][PASSED] - click(findTestObject("Login/La parrilla login/input_Sign in with your corporate ID_btn bt_b79ff6")): Object: 'Object Repository/Login/La parrilla login/input_Sign in with your corporate ID_btn bt_b79ff6' is clicked on

2020-12-03 15:08:07 - [MESSAGE][PASSED] - Object: 'Object Repository/Login/La parrilla login/input_Sign in with your corporate ID_btn bt_b79ff6' is clicked on

2020-12-03 15:08:07 - [TEST_STEP][PASSED] - setText(findTestObject("Login/La parrilla login/input_Sign in_loginfmt"), "iperez@firstmajestic.com"): Text 'iperez@firstmajestic.com' is set on object 'Object Repository/Login/La parrilla login/input_Sign in_loginfmt'

2020-12-03 15:08:11 - [MESSAGE][PASSED] - Text 'iperez@firstmajestic.com' is set on object 'Object Repository/Login/La parrilla login/input_Sign in_loginfmt'

2020-12-03 15:08:11 - [TEST_STEP][PASSED] - click(findTestObject("Login/La parrilla login/input_Sign in_idSIButton9")): Object: 'Object Repository/Login/La parrilla login/input_Sign in_idSIButton9' is clicked on

2020-12-03 15:08:12 - [MESSAGE][PASSED] - Object: 'Object Repository/Login/La parrilla login/input_Sign in_idSIButton9' is clicked on

2020-12-03 15:08:12 - [TEST_STEP][PASSED] - setEncryptedText(findTestObject("Login/La parrilla login/input_Enter password_passwd"), "ykGCkDCd7AS2UCfUpOmvYw=="): Text ****** has been set on object 'Object Repository/Login/La parrilla login/input_Enter password_passwd'

2020-12-03 15:08:14 - [MESSAGE][PASSED] - Text ****** has been set on object 'Object Repository/Login/La parrilla login/input_Enter password_passwd'

2020-12-03 15:08:14 - [TEST_STEP][PASSED] - click(findTestObject("Login/La parrilla login/input_Sign in_idSIButton9")): Object: 'Object Repository/Login/La parrilla login/input_Sign in_idSIButton9' is clicked on

2020-12-03 15:08:15 - [MESSAGE][PASSED] - Object: 'Object Repository/Login/La parrilla login/input_Sign in_idSIButton9' is clicked on

2020-12-03 15:08:15 - [TEST_STEP][PASSED] - click(findTestObject("Login/La parrilla login/input_Sign in_idSIButton9")): Object: 'Object Repository/Login/La parrilla login/input_Sign in_idSIButton9' is clicked on

2020-12-03 15:08:20 - [MESSAGE][PASSED] - Object: 'Object Repository/Login/La parrilla login/input_Sign in_idSIButton9' is clicked on

2020-12-03 15:08:20 - [TEST_STEP][PASSED] - delay(2): Delayed 2 second(s)

2020-12-03 15:08:22 - [MESSAGE][PASSED] - Delayed 2 second(s)

2020-12-03 15:08:22 - [MESSAGE][PASSED] - Call Test Case 'Test Cases/Login/Log-in' successfully

2020-12-03 15:08:22 - [TEST_STEP][PASSED] - click(findTestObject("Object Repository/Embarques/Barras/Produccion/Consulta de Embarque/button_Embarques")): Object: 'Object Repository/Embarques/Barras/Produccion/Consulta de Embarque/button_Embarques' is clicked on

2020-12-03 15:08:23 - [MESSAGE][PASSED] - Object: 'Object Repository/Embarques/Barras/Produccion/Consulta de Embarque/button_Embarques' is clicked on

2020-12-03 15:08:23 - [TEST_STEP][PASSED] - click(findTestObject("Object Repository/Embarques/Barras/Produccion/Consulta de Embarque/button_Barras")): Object: 'Object Repository/Embarques/Barras/Produccion/Consulta de Embarque/button_Barras' is clicked on

2020-12-03 15:08:24 - [MESSAGE][PASSED] - Object: 'Object Repository/Embarques/Barras/Produccion/Consulta de Embarque/button_Barras' is clicked on

2020-12-03 15:08:24 - [TEST_STEP][PASSED] - click(findTestObject("Object Repository/Embarques/Barras/Produccion/Consulta de Embarque/button_Produccin")): Object: 'Object Repository/Embarques/Barras/Produccion/Consulta de Embarque/button_Produccin' is clicked on

2020-12-03 15:08:25 - [MESSAGE][PASSED] - Object: 'Object Repository/Embarques/Barras/Produccion/Consulta de Embarque/button_Produccin' is clicked on

2020-12-03 15:08:25 - [TEST_STEP][PASSED] - click(findTestObject("Object Repository/Embarques/Barras/Produccion/Consulta de Embarque/button_Consulta de Embarques")): Object: 'Object Repository/Embarques/Barras/Produccion/Consulta de Embarque/button_Consulta de Embarques' is clicked on

2020-12-03 15:08:25 - [MESSAGE][PASSED] - Object: 'Object Repository/Embarques/Barras/Produccion/Consulta de Embarque/button_Consulta de Embarques' is clicked on

2020-12-03 15:08:25 - [TEST_STEP][PASSED] - click(findTestObject("Object Repository/Embarques/Barras/Produccion/Consulta de Embarque/input_De_Fecha")): Object: 'Object Repository/Embarques/Barras/Produccion/Consulta de Embarque/input_De_Fecha' is clicked on

2020-12-03 15:08:26 - [MESSAGE][PASSED] - Object: 'Object Repository/Embarques/Barras/Produccion/Consulta de Embarque/input_De_Fecha' is clicked on

2020-12-03 15:08:26 - [TEST_STEP][PASSED] - doubleClick(findTestObject("Ventas/Barras/Ensayes oficiales/Captura/button_Previous Month")): Object: 'Object Repository/Ventas/Barras/Ensayes oficiales/Captura/button_Previous Month' is double clicked on

2020-12-03 15:08:27 - [MESSAGE][PASSED] - Object: 'Object Repository/Ventas/Barras/Ensayes oficiales/Captura/button_Previous Month' is double clicked on

2020-12-03 15:08:27 - [TEST_STEP][PASSED] - click(findTestObject("Object Repository/Embarques/Barras/Produccion/Consulta de Embarque/div_1")): Object: 'Object Repository/Embarques/Barras/Produccion/Consulta de Embarque/div_1' is clicked on

2020-12-03 15:08:27 - [MESSAGE][PASSED] - Object: 'Object Repository/Embarques/Barras/Produccion/Consulta de Embarque/div_1' is clicked on

2020-12-03 15:08:27 - [TEST_STEP][PASSED] - click(findTestObject("Object Repository/Embarques/Barras/Produccion/Consulta de Embarque/button_Consultar")): Object: 'Object Repository/Embarques/Barras/Produccion/Consulta de Embarque/button_Consultar' is clicked on

2020-12-03 15:08:28 - [MESSAGE][PASSED] - Object: 'Object Repository/Embarques/Barras/Produccion/Consulta de Embarque/button_Consultar' is clicked on

2020-12-03 15:08:28 - [TEST_STEP][PASSED] - waitForElementPresent(findTestObject("Error"), 2): Object 'Object Repository/Error' is not present after 2 second(s)

2020-12-03 15:08:32 - [MESSAGE][INFO] - Unable to find the element located by 'By.xpath: /html/body/div[1]/div/main/div/div/div/div[2]/div/div/div[1]/img'. Please recheck the objects properties to make sure the desired element is located. 

2020-12-03 15:08:32 - [MESSAGE][WARNING] - Object 'Object Repository/Error' is not present after 2 second(s)

2020-12-03 15:08:32 - [TEST_STEP][PASSED] - closeBrowser(): Browser is closed

2020-12-03 15:08:33 - [MESSAGE][PASSED] - Browser is closed]]></system-out>
         <system-err><![CDATA[]]></system-err>
      </testcase>
      <testcase name="Test Cases/Embarques/Barras/Produccion (San Dimas)/Consulta de volumen/Validacion de error volumen" time="37.363" classname="Test Cases/Embarques/Barras/Produccion (San Dimas)/Consulta de volumen/Validacion de error volumen" status="PASSED">
         <system-out><![CDATA[2020-12-03 15:08:33 - [TEST_CASE][PASSED] - Test Cases/Embarques/Barras/Produccion (San Dimas)/Consulta de volumen/Validacion de error volumen: Test Cases/Embarques/Barras/Produccion (San Dimas)/Consulta de volumen/Validacion de error volumen

2020-12-03 15:08:33 - [TEST_STEP][PASSED] - callTestCase(findTestCase("Login/Log-in"), [:], CONTINUE_ON_FAILURE): Call Test Case 'Test Cases/Login/Log-in' successfully

2020-12-03 15:08:33 - [TEST_CASE][PASSED] - Test Cases/Login/Log-in: Test Cases/Login/Log-in

2020-12-03 15:08:33 - [TEST_STEP][PASSED] - openBrowser(url): Browser is opened with url: 'https://mb-testing.firstmajestic.com'

2020-12-03 15:08:33 - [MESSAGE][INFO] - Starting 'Chrome' driver

2020-12-03 15:08:40 - [MESSAGE][PASSED] - Browser is opened with url: 'https://mb-testing.firstmajestic.com'

2020-12-03 15:08:40 - [TEST_STEP][PASSED] - maximizeWindow(): Current window maximized

2020-12-03 15:08:41 - [MESSAGE][PASSED] - Current window maximized

2020-12-03 15:08:41 - [TEST_STEP][PASSED] - click(findTestObject("Login/La parrilla login/select_Seleccionar UnidadLa ParrillaLa Enca_3f6097")): Object: 'Object Repository/Login/La parrilla login/select_Seleccionar UnidadLa ParrillaLa Enca_3f6097' is clicked on

2020-12-03 15:08:42 - [MESSAGE][PASSED] - Object: 'Object Repository/Login/La parrilla login/select_Seleccionar UnidadLa ParrillaLa Enca_3f6097' is clicked on

2020-12-03 15:08:42 - [TEST_STEP][PASSED] - selectOptionByLabel(findTestObject("Login/La parrilla login/select_Seleccionar UnidadLa ParrillaLa Enca_3f6097"), unidad, false): All options with label 'San Dimas' are selected in object 'Object Repository/Login/La parrilla login/select_Seleccionar UnidadLa ParrillaLa Enca_3f6097' 

2020-12-03 15:08:43 - [MESSAGE][PASSED] - All options with label 'San Dimas' are selected in object 'Object Repository/Login/La parrilla login/select_Seleccionar UnidadLa ParrillaLa Enca_3f6097' 

2020-12-03 15:08:43 - [TEST_STEP][PASSED] - click(findTestObject("Login/La parrilla login/button_Iniciar Sesin")): Object: 'Object Repository/Login/La parrilla login/button_Iniciar Sesin' is clicked on

2020-12-03 15:08:43 - [MESSAGE][PASSED] - Object: 'Object Repository/Login/La parrilla login/button_Iniciar Sesin' is clicked on

2020-12-03 15:08:43 - [TEST_STEP][PASSED] - click(findTestObject("Login/La parrilla login/input_Sign in with your corporate ID_btn bt_b79ff6")): Object: 'Object Repository/Login/La parrilla login/input_Sign in with your corporate ID_btn bt_b79ff6' is clicked on

2020-12-03 15:08:47 - [MESSAGE][PASSED] - Object: 'Object Repository/Login/La parrilla login/input_Sign in with your corporate ID_btn bt_b79ff6' is clicked on

2020-12-03 15:08:47 - [TEST_STEP][PASSED] - setText(findTestObject("Login/La parrilla login/input_Sign in_loginfmt"), "iperez@firstmajestic.com"): Text 'iperez@firstmajestic.com' is set on object 'Object Repository/Login/La parrilla login/input_Sign in_loginfmt'

2020-12-03 15:08:50 - [MESSAGE][PASSED] - Text 'iperez@firstmajestic.com' is set on object 'Object Repository/Login/La parrilla login/input_Sign in_loginfmt'

2020-12-03 15:08:50 - [TEST_STEP][PASSED] - click(findTestObject("Login/La parrilla login/input_Sign in_idSIButton9")): Object: 'Object Repository/Login/La parrilla login/input_Sign in_idSIButton9' is clicked on

2020-12-03 15:08:50 - [MESSAGE][PASSED] - Object: 'Object Repository/Login/La parrilla login/input_Sign in_idSIButton9' is clicked on

2020-12-03 15:08:50 - [TEST_STEP][PASSED] - setEncryptedText(findTestObject("Login/La parrilla login/input_Enter password_passwd"), "ykGCkDCd7AS2UCfUpOmvYw=="): Text ****** has been set on object 'Object Repository/Login/La parrilla login/input_Enter password_passwd'

2020-12-03 15:08:52 - [MESSAGE][PASSED] - Text ****** has been set on object 'Object Repository/Login/La parrilla login/input_Enter password_passwd'

2020-12-03 15:08:52 - [TEST_STEP][PASSED] - click(findTestObject("Login/La parrilla login/input_Sign in_idSIButton9")): Object: 'Object Repository/Login/La parrilla login/input_Sign in_idSIButton9' is clicked on

2020-12-03 15:08:53 - [MESSAGE][PASSED] - Object: 'Object Repository/Login/La parrilla login/input_Sign in_idSIButton9' is clicked on

2020-12-03 15:08:53 - [TEST_STEP][PASSED] - click(findTestObject("Login/La parrilla login/input_Sign in_idSIButton9")): Object: 'Object Repository/Login/La parrilla login/input_Sign in_idSIButton9' is clicked on

2020-12-03 15:08:58 - [MESSAGE][PASSED] - Object: 'Object Repository/Login/La parrilla login/input_Sign in_idSIButton9' is clicked on

2020-12-03 15:08:58 - [TEST_STEP][PASSED] - delay(2): Delayed 2 second(s)

2020-12-03 15:09:00 - [MESSAGE][PASSED] - Delayed 2 second(s)

2020-12-03 15:09:00 - [MESSAGE][PASSED] - Call Test Case 'Test Cases/Login/Log-in' successfully

2020-12-03 15:09:00 - [TEST_STEP][PASSED] - click(findTestObject("Object Repository/Embarques/Barras/Produccion/Consulta de volumen/button_Embarques")): Object: 'Object Repository/Embarques/Barras/Produccion/Consulta de volumen/button_Embarques' is clicked on

2020-12-03 15:09:02 - [MESSAGE][PASSED] - Object: 'Object Repository/Embarques/Barras/Produccion/Consulta de volumen/button_Embarques' is clicked on

2020-12-03 15:09:02 - [TEST_STEP][PASSED] - click(findTestObject("Object Repository/Embarques/Barras/Produccion/Consulta de volumen/button_Barras")): Object: 'Object Repository/Embarques/Barras/Produccion/Consulta de volumen/button_Barras' is clicked on

2020-12-03 15:09:02 - [MESSAGE][PASSED] - Object: 'Object Repository/Embarques/Barras/Produccion/Consulta de volumen/button_Barras' is clicked on

2020-12-03 15:09:02 - [TEST_STEP][PASSED] - click(findTestObject("Object Repository/Embarques/Barras/Produccion/Consulta de volumen/button_Produccin")): Object: 'Object Repository/Embarques/Barras/Produccion/Consulta de volumen/button_Produccin' is clicked on

2020-12-03 15:09:03 - [MESSAGE][PASSED] - Object: 'Object Repository/Embarques/Barras/Produccion/Consulta de volumen/button_Produccin' is clicked on

2020-12-03 15:09:03 - [TEST_STEP][PASSED] - click(findTestObject("Object Repository/Embarques/Barras/Produccion/Consulta de volumen/button_Consulta de Volumen")): Object: 'Object Repository/Embarques/Barras/Produccion/Consulta de volumen/button_Consulta de Volumen' is clicked on

2020-12-03 15:09:04 - [MESSAGE][PASSED] - Object: 'Object Repository/Embarques/Barras/Produccion/Consulta de volumen/button_Consulta de Volumen' is clicked on

2020-12-03 15:09:04 - [TEST_STEP][PASSED] - setText(findTestObject("Object Repository/Embarques/Barras/Produccion/Consulta de volumen/input_No De Barra Inicial_initBar"), "1"): Text '1' is set on object 'Object Repository/Embarques/Barras/Produccion/Consulta de volumen/input_No De Barra Inicial_initBar'

2020-12-03 15:09:04 - [MESSAGE][PASSED] - Text '1' is set on object 'Object Repository/Embarques/Barras/Produccion/Consulta de volumen/input_No De Barra Inicial_initBar'

2020-12-03 15:09:04 - [TEST_STEP][PASSED] - setText(findTestObject("Object Repository/Embarques/Barras/Produccion/Consulta de volumen/input_No de Barra Final_endBar"), "100"): Text '100' is set on object 'Object Repository/Embarques/Barras/Produccion/Consulta de volumen/input_No de Barra Final_endBar'

2020-12-03 15:09:05 - [MESSAGE][PASSED] - Text '100' is set on object 'Object Repository/Embarques/Barras/Produccion/Consulta de volumen/input_No de Barra Final_endBar'

2020-12-03 15:09:05 - [TEST_STEP][PASSED] - setText(findTestObject("Object Repository/Embarques/Barras/Produccion/Consulta de volumen/input_Lote_Batch"), "SD-03-12"): Text 'SD-03-12' is set on object 'Object Repository/Embarques/Barras/Produccion/Consulta de volumen/input_Lote_Batch'

2020-12-03 15:09:05 - [MESSAGE][PASSED] - Text 'SD-03-12' is set on object 'Object Repository/Embarques/Barras/Produccion/Consulta de volumen/input_Lote_Batch'

2020-12-03 15:09:05 - [TEST_STEP][PASSED] - click(findTestObject("Object Repository/Embarques/Barras/Produccion/Consulta de volumen/button_Consultar")): Object: 'Object Repository/Embarques/Barras/Produccion/Consulta de volumen/button_Consultar' is clicked on

2020-12-03 15:09:06 - [MESSAGE][PASSED] - Object: 'Object Repository/Embarques/Barras/Produccion/Consulta de volumen/button_Consultar' is clicked on

2020-12-03 15:09:06 - [TEST_STEP][PASSED] - waitForElementPresent(findTestObject("Error"), 2): Object 'Object Repository/Error' is not present after 2 second(s)

2020-12-03 15:09:09 - [MESSAGE][INFO] - Unable to find the element located by 'By.xpath: /html/body/div[1]/div/main/div/div/div/div[2]/div/div/div[1]/img'. Please recheck the objects properties to make sure the desired element is located. 

2020-12-03 15:09:09 - [MESSAGE][WARNING] - Object 'Object Repository/Error' is not present after 2 second(s)

2020-12-03 15:09:09 - [TEST_STEP][PASSED] - closeBrowser(): Browser is closed

2020-12-03 15:09:10 - [MESSAGE][PASSED] - Browser is closed]]></system-out>
         <system-err><![CDATA[]]></system-err>
      </testcase>
      <system-out><![CDATA[2020-12-03 15:06:37 - [TEST_SUITE][PASSED] - San dimas: Test Cases/Embarques/Barras/Produccion (San Dimas)/Consulta de volumen/Validacion de error volumen]]></system-out>
      <system-err><![CDATA[]]></system-err>
   </testsuite>
</testsuites>
