<?xml version="1.0" encoding="UTF-8"?>
<testsuites name="San dimas" time="271.043" tests="7" failures="0" errors="0">
   <testsuite name="San dimas" tests="7" failures="0" errors="0" time="271.043" timestamp="2020-12-02 16:16:26" hostname="iperez - EC2AMAZ-DJL71OR.firstmajestic.local" id="Test Suites/San Dimas/San dimas">
      <properties>
         <property name="deviceName" value=""/>
         <property name="devicePlatform" value=""/>
         <property name="logFolder" value="D:\\Users\\iperez\\Katalon Studio\\Balance metalurgico\\Reports\\20201202_161621\\San Dimas\\San dimas\\20201202_161621"/>
         <property name="logFiles" value="D:\\Users\\iperez\\Katalon Studio\\Balance metalurgico\\Reports\\20201202_161621\\San Dimas\\San dimas\\20201202_161621\\execution0.log"/>
         <property name="attachments" value=""/>
         <property name="hostName" value="iperez - EC2AMAZ-DJL71OR.firstmajestic.local"/>
         <property name="os" value="Windows Server 2016 64bit"/>
         <property name="katalonVersion" value="7.0.4.1"/>
         <property name="browser" value="Chrome 86.0.4240.198"/>
         <property name="hostAddress" value="10.41.50.193"/>
         <property name="sessionId" value="3a017de8a501a4c3d56d251fda773647"/>
         <property name="seleniumVersion" value="3.141.59"/>
         <property name="proxyInformation" value="ProxyInformation{proxyOption=NO_PROXY, proxyServerType=HTTP, password=, proxyServerAddress=, proxyServerPort=0}"/>
         <property name="platform" value="Windows Server 2016"/>
      </properties>
      <testcase name="Test Cases/Embarques/Barras/Packing list/Validacion de error packing" time="39.888" classname="Test Cases/Embarques/Barras/Packing list/Validacion de error packing" status="PASSED">
         <system-out><![CDATA[2020-12-02 16:16:27 - [TEST_CASE][PASSED] - Test Cases/Embarques/Barras/Packing list/Validacion de error packing: Test Cases/Embarques/Barras/Packing list/Validacion de error packing

2020-12-02 16:16:28 - [TEST_STEP][PASSED] - callTestCase(findTestCase("Login/Log-in"), ["unidad":unidad], CONTINUE_ON_FAILURE): Call Test Case 'Test Cases/Login/Log-in' successfully

2020-12-02 16:16:28 - [TEST_CASE][PASSED] - Test Cases/Login/Log-in: Test Cases/Login/Log-in

2020-12-02 16:16:28 - [TEST_STEP][PASSED] - openBrowser(url): Browser is opened with url: 'https://mb-dev.firstmajestic.com/'

2020-12-02 16:16:28 - [MESSAGE][INFO] - Starting 'Chrome' driver

2020-12-02 16:16:29 - [MESSAGE][INFO] - Action delay is set to 0 seconds

2020-12-02 16:16:38 - [MESSAGE][PASSED] - Browser is opened with url: 'https://mb-dev.firstmajestic.com/'

2020-12-02 16:16:38 - [TEST_STEP][PASSED] - maximizeWindow(): Current window maximized

2020-12-02 16:16:39 - [MESSAGE][PASSED] - Current window maximized

2020-12-02 16:16:39 - [TEST_STEP][PASSED] - click(findTestObject("Login/La parrilla login/select_Seleccionar UnidadLa ParrillaLa Enca_3f6097")): Object: 'Object Repository/Login/La parrilla login/select_Seleccionar UnidadLa ParrillaLa Enca_3f6097' is clicked on

2020-12-02 16:16:41 - [MESSAGE][PASSED] - Object: 'Object Repository/Login/La parrilla login/select_Seleccionar UnidadLa ParrillaLa Enca_3f6097' is clicked on

2020-12-02 16:16:41 - [TEST_STEP][PASSED] - selectOptionByLabel(findTestObject("Login/La parrilla login/select_Seleccionar UnidadLa ParrillaLa Enca_3f6097"), unidad, false): All options with label 'La Parrilla' are selected in object 'Object Repository/Login/La parrilla login/select_Seleccionar UnidadLa ParrillaLa Enca_3f6097' 

2020-12-02 16:16:41 - [MESSAGE][PASSED] - All options with label 'La Parrilla' are selected in object 'Object Repository/Login/La parrilla login/select_Seleccionar UnidadLa ParrillaLa Enca_3f6097' 

2020-12-02 16:16:41 - [TEST_STEP][PASSED] - click(findTestObject("Login/La parrilla login/button_Iniciar Sesin")): Object: 'Object Repository/Login/La parrilla login/button_Iniciar Sesin' is clicked on

2020-12-02 16:16:42 - [MESSAGE][PASSED] - Object: 'Object Repository/Login/La parrilla login/button_Iniciar Sesin' is clicked on

2020-12-02 16:16:42 - [TEST_STEP][PASSED] - click(findTestObject("Login/La parrilla login/input_Sign in with your corporate ID_btn bt_b79ff6")): Object: 'Object Repository/Login/La parrilla login/input_Sign in with your corporate ID_btn bt_b79ff6' is clicked on

2020-12-02 16:16:44 - [MESSAGE][PASSED] - Object: 'Object Repository/Login/La parrilla login/input_Sign in with your corporate ID_btn bt_b79ff6' is clicked on

2020-12-02 16:16:44 - [TEST_STEP][PASSED] - setText(findTestObject("Login/La parrilla login/input_Sign in_loginfmt"), "iperez@firstmajestic.com"): Text 'iperez@firstmajestic.com' is set on object 'Object Repository/Login/La parrilla login/input_Sign in_loginfmt'

2020-12-02 16:16:46 - [MESSAGE][PASSED] - Text 'iperez@firstmajestic.com' is set on object 'Object Repository/Login/La parrilla login/input_Sign in_loginfmt'

2020-12-02 16:16:46 - [TEST_STEP][PASSED] - click(findTestObject("Login/La parrilla login/input_Sign in_idSIButton9")): Object: 'Object Repository/Login/La parrilla login/input_Sign in_idSIButton9' is clicked on

2020-12-02 16:16:47 - [MESSAGE][PASSED] - Object: 'Object Repository/Login/La parrilla login/input_Sign in_idSIButton9' is clicked on

2020-12-02 16:16:47 - [TEST_STEP][PASSED] - setEncryptedText(findTestObject("Login/La parrilla login/input_Enter password_passwd"), "ykGCkDCd7AS2UCfUpOmvYw=="): Text ****** has been set on object 'Object Repository/Login/La parrilla login/input_Enter password_passwd'

2020-12-02 16:16:49 - [MESSAGE][PASSED] - Text ****** has been set on object 'Object Repository/Login/La parrilla login/input_Enter password_passwd'

2020-12-02 16:16:49 - [TEST_STEP][PASSED] - click(findTestObject("Login/La parrilla login/input_Sign in_idSIButton9")): Object: 'Object Repository/Login/La parrilla login/input_Sign in_idSIButton9' is clicked on

2020-12-02 16:16:50 - [MESSAGE][PASSED] - Object: 'Object Repository/Login/La parrilla login/input_Sign in_idSIButton9' is clicked on

2020-12-02 16:16:50 - [TEST_STEP][PASSED] - click(findTestObject("Login/La parrilla login/input_Sign in_idSIButton9")): Object: 'Object Repository/Login/La parrilla login/input_Sign in_idSIButton9' is clicked on

2020-12-02 16:16:55 - [MESSAGE][PASSED] - Object: 'Object Repository/Login/La parrilla login/input_Sign in_idSIButton9' is clicked on

2020-12-02 16:16:55 - [TEST_STEP][PASSED] - delay(2): Delayed 2 second(s)

2020-12-02 16:16:57 - [MESSAGE][PASSED] - Delayed 2 second(s)

2020-12-02 16:16:57 - [MESSAGE][PASSED] - Call Test Case 'Test Cases/Login/Log-in' successfully

2020-12-02 16:16:57 - [TEST_STEP][PASSED] - click(findTestObject("Object Repository/Embarques/Barras/Produccion/Consulta de Embarque/button_Embarques")): Object: 'Object Repository/Embarques/Barras/Produccion/Consulta de Embarque/button_Embarques' is clicked on

2020-12-02 16:16:58 - [MESSAGE][PASSED] - Object: 'Object Repository/Embarques/Barras/Produccion/Consulta de Embarque/button_Embarques' is clicked on

2020-12-02 16:16:58 - [TEST_STEP][PASSED] - click(findTestObject("Object Repository/Embarques/Barras/Produccion/Consulta de Embarque/button_Barras")): Object: 'Object Repository/Embarques/Barras/Produccion/Consulta de Embarque/button_Barras' is clicked on

2020-12-02 16:16:59 - [MESSAGE][PASSED] - Object: 'Object Repository/Embarques/Barras/Produccion/Consulta de Embarque/button_Barras' is clicked on

2020-12-02 16:16:59 - [TEST_STEP][PASSED] - click(findTestObject("Embarques/Barras/Packing List/button_PackingList")): Object: 'Object Repository/Embarques/Barras/Packing List/button_PackingList' is clicked on

2020-12-02 16:17:00 - [MESSAGE][PASSED] - Object: 'Object Repository/Embarques/Barras/Packing List/button_PackingList' is clicked on

2020-12-02 16:17:00 - [TEST_STEP][PASSED] - click(findTestObject("Embarques/Barras/Packing List/input_De_Fecha")): Object: 'Object Repository/Embarques/Barras/Packing List/input_De_Fecha' is clicked on

2020-12-02 16:17:01 - [MESSAGE][PASSED] - Object: 'Object Repository/Embarques/Barras/Packing List/input_De_Fecha' is clicked on

2020-12-02 16:17:01 - [TEST_STEP][PASSED] - doubleClick(findTestObject("Embarques/Barras/Packing List/button_previusMonth")): Object: 'Object Repository/Embarques/Barras/Packing List/button_previusMonth' is double clicked on

2020-12-02 16:17:01 - [MESSAGE][PASSED] - Object: 'Object Repository/Embarques/Barras/Packing List/button_previusMonth' is double clicked on

2020-12-02 16:17:01 - [TEST_STEP][PASSED] - click(findTestObject("Embarques/Barras/Packing List/div_1")): Object: 'Object Repository/Embarques/Barras/Packing List/div_1' is clicked on

2020-12-02 16:17:02 - [MESSAGE][PASSED] - Object: 'Object Repository/Embarques/Barras/Packing List/div_1' is clicked on

2020-12-02 16:17:02 - [TEST_STEP][PASSED] - click(findTestObject("Embarques/Barras/Packing List/button_Consultar")): Object: 'Object Repository/Embarques/Barras/Packing List/button_Consultar' is clicked on

2020-12-02 16:17:03 - [MESSAGE][PASSED] - Object: 'Object Repository/Embarques/Barras/Packing List/button_Consultar' is clicked on

2020-12-02 16:17:03 - [TEST_STEP][PASSED] - waitForElementPresent(findTestObject("Error"), 2): Object 'Object Repository/Error' is not present after 2 second(s)

2020-12-02 16:17:06 - [MESSAGE][INFO] - Unable to find the element located by 'By.xpath: /html/body/div[1]/div/main/div/div/div/div[2]/div/div/div[1]/img'. Please recheck the objects properties to make sure the desired element is located. 

2020-12-02 16:17:06 - [MESSAGE][WARNING] - Object 'Object Repository/Error' is not present after 2 second(s)

2020-12-02 16:17:06 - [TEST_STEP][PASSED] - closeBrowser(): Browser is closed

2020-12-02 16:17:07 - [MESSAGE][PASSED] - Browser is closed]]></system-out>
         <system-err><![CDATA[]]></system-err>
      </testcase>
      <testcase name="Test Cases/Embarques/Barras/Packing list/Validacion de error packing" time="35.61" classname="Test Cases/Embarques/Barras/Packing list/Validacion de error packing" status="PASSED">
         <system-out><![CDATA[2020-12-02 16:17:07 - [TEST_CASE][PASSED] - Test Cases/Embarques/Barras/Packing list/Validacion de error packing: Test Cases/Embarques/Barras/Packing list/Validacion de error packing

2020-12-02 16:17:07 - [TEST_STEP][PASSED] - callTestCase(findTestCase("Login/Log-in"), ["unidad":unidad], CONTINUE_ON_FAILURE): Call Test Case 'Test Cases/Login/Log-in' successfully

2020-12-02 16:17:07 - [TEST_CASE][PASSED] - Test Cases/Login/Log-in: Test Cases/Login/Log-in

2020-12-02 16:17:07 - [TEST_STEP][PASSED] - openBrowser(url): Browser is opened with url: 'https://mb-dev.firstmajestic.com/'

2020-12-02 16:17:07 - [MESSAGE][INFO] - Starting 'Chrome' driver

2020-12-02 16:17:13 - [MESSAGE][PASSED] - Browser is opened with url: 'https://mb-dev.firstmajestic.com/'

2020-12-02 16:17:13 - [TEST_STEP][PASSED] - maximizeWindow(): Current window maximized

2020-12-02 16:17:14 - [MESSAGE][PASSED] - Current window maximized

2020-12-02 16:17:14 - [TEST_STEP][PASSED] - click(findTestObject("Login/La parrilla login/select_Seleccionar UnidadLa ParrillaLa Enca_3f6097")): Object: 'Object Repository/Login/La parrilla login/select_Seleccionar UnidadLa ParrillaLa Enca_3f6097' is clicked on

2020-12-02 16:17:15 - [MESSAGE][PASSED] - Object: 'Object Repository/Login/La parrilla login/select_Seleccionar UnidadLa ParrillaLa Enca_3f6097' is clicked on

2020-12-02 16:17:15 - [TEST_STEP][PASSED] - selectOptionByLabel(findTestObject("Login/La parrilla login/select_Seleccionar UnidadLa ParrillaLa Enca_3f6097"), unidad, false): All options with label 'La Encantada' are selected in object 'Object Repository/Login/La parrilla login/select_Seleccionar UnidadLa ParrillaLa Enca_3f6097' 

2020-12-02 16:17:16 - [MESSAGE][PASSED] - All options with label 'La Encantada' are selected in object 'Object Repository/Login/La parrilla login/select_Seleccionar UnidadLa ParrillaLa Enca_3f6097' 

2020-12-02 16:17:16 - [TEST_STEP][PASSED] - click(findTestObject("Login/La parrilla login/button_Iniciar Sesin")): Object: 'Object Repository/Login/La parrilla login/button_Iniciar Sesin' is clicked on

2020-12-02 16:17:16 - [MESSAGE][PASSED] - Object: 'Object Repository/Login/La parrilla login/button_Iniciar Sesin' is clicked on

2020-12-02 16:17:16 - [TEST_STEP][PASSED] - click(findTestObject("Login/La parrilla login/input_Sign in with your corporate ID_btn bt_b79ff6")): Object: 'Object Repository/Login/La parrilla login/input_Sign in with your corporate ID_btn bt_b79ff6' is clicked on

2020-12-02 16:17:20 - [MESSAGE][PASSED] - Object: 'Object Repository/Login/La parrilla login/input_Sign in with your corporate ID_btn bt_b79ff6' is clicked on

2020-12-02 16:17:20 - [TEST_STEP][PASSED] - setText(findTestObject("Login/La parrilla login/input_Sign in_loginfmt"), "iperez@firstmajestic.com"): Text 'iperez@firstmajestic.com' is set on object 'Object Repository/Login/La parrilla login/input_Sign in_loginfmt'

2020-12-02 16:17:22 - [MESSAGE][PASSED] - Text 'iperez@firstmajestic.com' is set on object 'Object Repository/Login/La parrilla login/input_Sign in_loginfmt'

2020-12-02 16:17:22 - [TEST_STEP][PASSED] - click(findTestObject("Login/La parrilla login/input_Sign in_idSIButton9")): Object: 'Object Repository/Login/La parrilla login/input_Sign in_idSIButton9' is clicked on

2020-12-02 16:17:23 - [MESSAGE][PASSED] - Object: 'Object Repository/Login/La parrilla login/input_Sign in_idSIButton9' is clicked on

2020-12-02 16:17:23 - [TEST_STEP][PASSED] - setEncryptedText(findTestObject("Login/La parrilla login/input_Enter password_passwd"), "ykGCkDCd7AS2UCfUpOmvYw=="): Text ****** has been set on object 'Object Repository/Login/La parrilla login/input_Enter password_passwd'

2020-12-02 16:17:25 - [MESSAGE][PASSED] - Text ****** has been set on object 'Object Repository/Login/La parrilla login/input_Enter password_passwd'

2020-12-02 16:17:25 - [TEST_STEP][PASSED] - click(findTestObject("Login/La parrilla login/input_Sign in_idSIButton9")): Object: 'Object Repository/Login/La parrilla login/input_Sign in_idSIButton9' is clicked on

2020-12-02 16:17:26 - [MESSAGE][PASSED] - Object: 'Object Repository/Login/La parrilla login/input_Sign in_idSIButton9' is clicked on

2020-12-02 16:17:26 - [TEST_STEP][PASSED] - click(findTestObject("Login/La parrilla login/input_Sign in_idSIButton9")): Object: 'Object Repository/Login/La parrilla login/input_Sign in_idSIButton9' is clicked on

2020-12-02 16:17:31 - [MESSAGE][PASSED] - Object: 'Object Repository/Login/La parrilla login/input_Sign in_idSIButton9' is clicked on

2020-12-02 16:17:31 - [TEST_STEP][PASSED] - delay(2): Delayed 2 second(s)

2020-12-02 16:17:33 - [MESSAGE][PASSED] - Delayed 2 second(s)

2020-12-02 16:17:33 - [MESSAGE][PASSED] - Call Test Case 'Test Cases/Login/Log-in' successfully

2020-12-02 16:17:33 - [TEST_STEP][PASSED] - click(findTestObject("Object Repository/Embarques/Barras/Produccion/Consulta de Embarque/button_Embarques")): Object: 'Object Repository/Embarques/Barras/Produccion/Consulta de Embarque/button_Embarques' is clicked on

2020-12-02 16:17:34 - [MESSAGE][PASSED] - Object: 'Object Repository/Embarques/Barras/Produccion/Consulta de Embarque/button_Embarques' is clicked on

2020-12-02 16:17:34 - [TEST_STEP][PASSED] - click(findTestObject("Object Repository/Embarques/Barras/Produccion/Consulta de Embarque/button_Barras")): Object: 'Object Repository/Embarques/Barras/Produccion/Consulta de Embarque/button_Barras' is clicked on

2020-12-02 16:17:35 - [MESSAGE][PASSED] - Object: 'Object Repository/Embarques/Barras/Produccion/Consulta de Embarque/button_Barras' is clicked on

2020-12-02 16:17:35 - [TEST_STEP][PASSED] - click(findTestObject("Embarques/Barras/Packing List/button_PackingList")): Object: 'Object Repository/Embarques/Barras/Packing List/button_PackingList' is clicked on

2020-12-02 16:17:36 - [MESSAGE][PASSED] - Object: 'Object Repository/Embarques/Barras/Packing List/button_PackingList' is clicked on

2020-12-02 16:17:36 - [TEST_STEP][PASSED] - click(findTestObject("Embarques/Barras/Packing List/input_De_Fecha")): Object: 'Object Repository/Embarques/Barras/Packing List/input_De_Fecha' is clicked on

2020-12-02 16:17:36 - [MESSAGE][PASSED] - Object: 'Object Repository/Embarques/Barras/Packing List/input_De_Fecha' is clicked on

2020-12-02 16:17:36 - [TEST_STEP][PASSED] - doubleClick(findTestObject("Embarques/Barras/Packing List/button_previusMonth")): Object: 'Object Repository/Embarques/Barras/Packing List/button_previusMonth' is double clicked on

2020-12-02 16:17:37 - [MESSAGE][PASSED] - Object: 'Object Repository/Embarques/Barras/Packing List/button_previusMonth' is double clicked on

2020-12-02 16:17:37 - [TEST_STEP][PASSED] - click(findTestObject("Embarques/Barras/Packing List/div_1")): Object: 'Object Repository/Embarques/Barras/Packing List/div_1' is clicked on

2020-12-02 16:17:38 - [MESSAGE][PASSED] - Object: 'Object Repository/Embarques/Barras/Packing List/div_1' is clicked on

2020-12-02 16:17:38 - [TEST_STEP][PASSED] - click(findTestObject("Embarques/Barras/Packing List/button_Consultar")): Object: 'Object Repository/Embarques/Barras/Packing List/button_Consultar' is clicked on

2020-12-02 16:17:38 - [MESSAGE][PASSED] - Object: 'Object Repository/Embarques/Barras/Packing List/button_Consultar' is clicked on

2020-12-02 16:17:38 - [TEST_STEP][PASSED] - waitForElementPresent(findTestObject("Error"), 2): Object 'Object Repository/Error' is not present after 2 second(s)

2020-12-02 16:17:42 - [MESSAGE][INFO] - Unable to find the element located by 'By.xpath: /html/body/div[1]/div/main/div/div/div/div[2]/div/div/div[1]/img'. Please recheck the objects properties to make sure the desired element is located. 

2020-12-02 16:17:42 - [MESSAGE][WARNING] - Object 'Object Repository/Error' is not present after 2 second(s)

2020-12-02 16:17:42 - [TEST_STEP][PASSED] - closeBrowser(): Browser is closed

2020-12-02 16:17:43 - [MESSAGE][PASSED] - Browser is closed]]></system-out>
         <system-err><![CDATA[]]></system-err>
      </testcase>
      <testcase name="Test Cases/Embarques/Barras/Packing list/Validacion de error packing" time="35.473" classname="Test Cases/Embarques/Barras/Packing list/Validacion de error packing" status="PASSED">
         <system-out><![CDATA[2020-12-02 16:17:43 - [TEST_CASE][PASSED] - Test Cases/Embarques/Barras/Packing list/Validacion de error packing: Test Cases/Embarques/Barras/Packing list/Validacion de error packing

2020-12-02 16:17:43 - [TEST_STEP][PASSED] - callTestCase(findTestCase("Login/Log-in"), ["unidad":unidad], CONTINUE_ON_FAILURE): Call Test Case 'Test Cases/Login/Log-in' successfully

2020-12-02 16:17:43 - [TEST_CASE][PASSED] - Test Cases/Login/Log-in: Test Cases/Login/Log-in

2020-12-02 16:17:43 - [TEST_STEP][PASSED] - openBrowser(url): Browser is opened with url: 'https://mb-dev.firstmajestic.com/'

2020-12-02 16:17:43 - [MESSAGE][INFO] - Starting 'Chrome' driver

2020-12-02 16:17:48 - [MESSAGE][PASSED] - Browser is opened with url: 'https://mb-dev.firstmajestic.com/'

2020-12-02 16:17:48 - [TEST_STEP][PASSED] - maximizeWindow(): Current window maximized

2020-12-02 16:17:50 - [MESSAGE][PASSED] - Current window maximized

2020-12-02 16:17:50 - [TEST_STEP][PASSED] - click(findTestObject("Login/La parrilla login/select_Seleccionar UnidadLa ParrillaLa Enca_3f6097")): Object: 'Object Repository/Login/La parrilla login/select_Seleccionar UnidadLa ParrillaLa Enca_3f6097' is clicked on

2020-12-02 16:17:50 - [MESSAGE][PASSED] - Object: 'Object Repository/Login/La parrilla login/select_Seleccionar UnidadLa ParrillaLa Enca_3f6097' is clicked on

2020-12-02 16:17:50 - [TEST_STEP][PASSED] - selectOptionByLabel(findTestObject("Login/La parrilla login/select_Seleccionar UnidadLa ParrillaLa Enca_3f6097"), unidad, false): All options with label 'Santa Elena' are selected in object 'Object Repository/Login/La parrilla login/select_Seleccionar UnidadLa ParrillaLa Enca_3f6097' 

2020-12-02 16:17:51 - [MESSAGE][PASSED] - All options with label 'Santa Elena' are selected in object 'Object Repository/Login/La parrilla login/select_Seleccionar UnidadLa ParrillaLa Enca_3f6097' 

2020-12-02 16:17:51 - [TEST_STEP][PASSED] - click(findTestObject("Login/La parrilla login/button_Iniciar Sesin")): Object: 'Object Repository/Login/La parrilla login/button_Iniciar Sesin' is clicked on

2020-12-02 16:17:51 - [MESSAGE][PASSED] - Object: 'Object Repository/Login/La parrilla login/button_Iniciar Sesin' is clicked on

2020-12-02 16:17:51 - [TEST_STEP][PASSED] - click(findTestObject("Login/La parrilla login/input_Sign in with your corporate ID_btn bt_b79ff6")): Object: 'Object Repository/Login/La parrilla login/input_Sign in with your corporate ID_btn bt_b79ff6' is clicked on

2020-12-02 16:17:54 - [MESSAGE][PASSED] - Object: 'Object Repository/Login/La parrilla login/input_Sign in with your corporate ID_btn bt_b79ff6' is clicked on

2020-12-02 16:17:54 - [TEST_STEP][PASSED] - setText(findTestObject("Login/La parrilla login/input_Sign in_loginfmt"), "iperez@firstmajestic.com"): Text 'iperez@firstmajestic.com' is set on object 'Object Repository/Login/La parrilla login/input_Sign in_loginfmt'

2020-12-02 16:17:57 - [MESSAGE][PASSED] - Text 'iperez@firstmajestic.com' is set on object 'Object Repository/Login/La parrilla login/input_Sign in_loginfmt'

2020-12-02 16:17:57 - [TEST_STEP][PASSED] - click(findTestObject("Login/La parrilla login/input_Sign in_idSIButton9")): Object: 'Object Repository/Login/La parrilla login/input_Sign in_idSIButton9' is clicked on

2020-12-02 16:17:58 - [MESSAGE][PASSED] - Object: 'Object Repository/Login/La parrilla login/input_Sign in_idSIButton9' is clicked on

2020-12-02 16:17:58 - [TEST_STEP][PASSED] - setEncryptedText(findTestObject("Login/La parrilla login/input_Enter password_passwd"), "ykGCkDCd7AS2UCfUpOmvYw=="): Text ****** has been set on object 'Object Repository/Login/La parrilla login/input_Enter password_passwd'

2020-12-02 16:17:59 - [MESSAGE][PASSED] - Text ****** has been set on object 'Object Repository/Login/La parrilla login/input_Enter password_passwd'

2020-12-02 16:17:59 - [TEST_STEP][PASSED] - click(findTestObject("Login/La parrilla login/input_Sign in_idSIButton9")): Object: 'Object Repository/Login/La parrilla login/input_Sign in_idSIButton9' is clicked on

2020-12-02 16:18:02 - [MESSAGE][PASSED] - Object: 'Object Repository/Login/La parrilla login/input_Sign in_idSIButton9' is clicked on

2020-12-02 16:18:02 - [TEST_STEP][PASSED] - click(findTestObject("Login/La parrilla login/input_Sign in_idSIButton9")): Object: 'Object Repository/Login/La parrilla login/input_Sign in_idSIButton9' is clicked on

2020-12-02 16:18:06 - [MESSAGE][PASSED] - Object: 'Object Repository/Login/La parrilla login/input_Sign in_idSIButton9' is clicked on

2020-12-02 16:18:06 - [TEST_STEP][PASSED] - delay(2): Delayed 2 second(s)

2020-12-02 16:18:08 - [MESSAGE][PASSED] - Delayed 2 second(s)

2020-12-02 16:18:08 - [MESSAGE][PASSED] - Call Test Case 'Test Cases/Login/Log-in' successfully

2020-12-02 16:18:08 - [TEST_STEP][PASSED] - click(findTestObject("Object Repository/Embarques/Barras/Produccion/Consulta de Embarque/button_Embarques")): Object: 'Object Repository/Embarques/Barras/Produccion/Consulta de Embarque/button_Embarques' is clicked on

2020-12-02 16:18:10 - [MESSAGE][PASSED] - Object: 'Object Repository/Embarques/Barras/Produccion/Consulta de Embarque/button_Embarques' is clicked on

2020-12-02 16:18:10 - [TEST_STEP][PASSED] - click(findTestObject("Object Repository/Embarques/Barras/Produccion/Consulta de Embarque/button_Barras")): Object: 'Object Repository/Embarques/Barras/Produccion/Consulta de Embarque/button_Barras' is clicked on

2020-12-02 16:18:10 - [MESSAGE][PASSED] - Object: 'Object Repository/Embarques/Barras/Produccion/Consulta de Embarque/button_Barras' is clicked on

2020-12-02 16:18:10 - [TEST_STEP][PASSED] - click(findTestObject("Embarques/Barras/Packing List/button_PackingList")): Object: 'Object Repository/Embarques/Barras/Packing List/button_PackingList' is clicked on

2020-12-02 16:18:11 - [MESSAGE][PASSED] - Object: 'Object Repository/Embarques/Barras/Packing List/button_PackingList' is clicked on

2020-12-02 16:18:11 - [TEST_STEP][PASSED] - click(findTestObject("Embarques/Barras/Packing List/input_De_Fecha")): Object: 'Object Repository/Embarques/Barras/Packing List/input_De_Fecha' is clicked on

2020-12-02 16:18:12 - [MESSAGE][PASSED] - Object: 'Object Repository/Embarques/Barras/Packing List/input_De_Fecha' is clicked on

2020-12-02 16:18:12 - [TEST_STEP][PASSED] - doubleClick(findTestObject("Embarques/Barras/Packing List/button_previusMonth")): Object: 'Object Repository/Embarques/Barras/Packing List/button_previusMonth' is double clicked on

2020-12-02 16:18:13 - [MESSAGE][PASSED] - Object: 'Object Repository/Embarques/Barras/Packing List/button_previusMonth' is double clicked on

2020-12-02 16:18:13 - [TEST_STEP][PASSED] - click(findTestObject("Embarques/Barras/Packing List/div_1")): Object: 'Object Repository/Embarques/Barras/Packing List/div_1' is clicked on

2020-12-02 16:18:13 - [MESSAGE][PASSED] - Object: 'Object Repository/Embarques/Barras/Packing List/div_1' is clicked on

2020-12-02 16:18:13 - [TEST_STEP][PASSED] - click(findTestObject("Embarques/Barras/Packing List/button_Consultar")): Object: 'Object Repository/Embarques/Barras/Packing List/button_Consultar' is clicked on

2020-12-02 16:18:14 - [MESSAGE][PASSED] - Object: 'Object Repository/Embarques/Barras/Packing List/button_Consultar' is clicked on

2020-12-02 16:18:14 - [TEST_STEP][PASSED] - waitForElementPresent(findTestObject("Error"), 2): Object 'Object Repository/Error' is not present after 2 second(s)

2020-12-02 16:18:17 - [MESSAGE][INFO] - Unable to find the element located by 'By.xpath: /html/body/div[1]/div/main/div/div/div/div[2]/div/div/div[1]/img'. Please recheck the objects properties to make sure the desired element is located. 

2020-12-02 16:18:17 - [MESSAGE][WARNING] - Object 'Object Repository/Error' is not present after 2 second(s)

2020-12-02 16:18:17 - [TEST_STEP][PASSED] - closeBrowser(): Browser is closed

2020-12-02 16:18:18 - [MESSAGE][PASSED] - Browser is closed]]></system-out>
         <system-err><![CDATA[]]></system-err>
      </testcase>
      <testcase name="Test Cases/Embarques/Barras/Packing list/Validacion de error packing" time="35.588" classname="Test Cases/Embarques/Barras/Packing list/Validacion de error packing" status="PASSED">
         <system-out><![CDATA[2020-12-02 16:18:18 - [TEST_CASE][PASSED] - Test Cases/Embarques/Barras/Packing list/Validacion de error packing: Test Cases/Embarques/Barras/Packing list/Validacion de error packing

2020-12-02 16:18:18 - [TEST_STEP][PASSED] - callTestCase(findTestCase("Login/Log-in"), ["unidad":unidad], CONTINUE_ON_FAILURE): Call Test Case 'Test Cases/Login/Log-in' successfully

2020-12-02 16:18:18 - [TEST_CASE][PASSED] - Test Cases/Login/Log-in: Test Cases/Login/Log-in

2020-12-02 16:18:18 - [TEST_STEP][PASSED] - openBrowser(url): Browser is opened with url: 'https://mb-dev.firstmajestic.com/'

2020-12-02 16:18:18 - [MESSAGE][INFO] - Starting 'Chrome' driver

2020-12-02 16:18:26 - [MESSAGE][PASSED] - Browser is opened with url: 'https://mb-dev.firstmajestic.com/'

2020-12-02 16:18:26 - [TEST_STEP][PASSED] - maximizeWindow(): Current window maximized

2020-12-02 16:18:27 - [MESSAGE][PASSED] - Current window maximized

2020-12-02 16:18:27 - [TEST_STEP][PASSED] - click(findTestObject("Login/La parrilla login/select_Seleccionar UnidadLa ParrillaLa Enca_3f6097")): Object: 'Object Repository/Login/La parrilla login/select_Seleccionar UnidadLa ParrillaLa Enca_3f6097' is clicked on

2020-12-02 16:18:28 - [MESSAGE][PASSED] - Object: 'Object Repository/Login/La parrilla login/select_Seleccionar UnidadLa ParrillaLa Enca_3f6097' is clicked on

2020-12-02 16:18:28 - [TEST_STEP][PASSED] - selectOptionByLabel(findTestObject("Login/La parrilla login/select_Seleccionar UnidadLa ParrillaLa Enca_3f6097"), unidad, false): All options with label 'La Guitarra' are selected in object 'Object Repository/Login/La parrilla login/select_Seleccionar UnidadLa ParrillaLa Enca_3f6097' 

2020-12-02 16:18:28 - [MESSAGE][PASSED] - All options with label 'La Guitarra' are selected in object 'Object Repository/Login/La parrilla login/select_Seleccionar UnidadLa ParrillaLa Enca_3f6097' 

2020-12-02 16:18:28 - [TEST_STEP][PASSED] - click(findTestObject("Login/La parrilla login/button_Iniciar Sesin")): Object: 'Object Repository/Login/La parrilla login/button_Iniciar Sesin' is clicked on

2020-12-02 16:18:29 - [MESSAGE][PASSED] - Object: 'Object Repository/Login/La parrilla login/button_Iniciar Sesin' is clicked on

2020-12-02 16:18:29 - [TEST_STEP][PASSED] - click(findTestObject("Login/La parrilla login/input_Sign in with your corporate ID_btn bt_b79ff6")): Object: 'Object Repository/Login/La parrilla login/input_Sign in with your corporate ID_btn bt_b79ff6' is clicked on

2020-12-02 16:18:31 - [MESSAGE][PASSED] - Object: 'Object Repository/Login/La parrilla login/input_Sign in with your corporate ID_btn bt_b79ff6' is clicked on

2020-12-02 16:18:31 - [TEST_STEP][PASSED] - setText(findTestObject("Login/La parrilla login/input_Sign in_loginfmt"), "iperez@firstmajestic.com"): Text 'iperez@firstmajestic.com' is set on object 'Object Repository/Login/La parrilla login/input_Sign in_loginfmt'

2020-12-02 16:18:34 - [MESSAGE][PASSED] - Text 'iperez@firstmajestic.com' is set on object 'Object Repository/Login/La parrilla login/input_Sign in_loginfmt'

2020-12-02 16:18:34 - [TEST_STEP][PASSED] - click(findTestObject("Login/La parrilla login/input_Sign in_idSIButton9")): Object: 'Object Repository/Login/La parrilla login/input_Sign in_idSIButton9' is clicked on

2020-12-02 16:18:34 - [MESSAGE][PASSED] - Object: 'Object Repository/Login/La parrilla login/input_Sign in_idSIButton9' is clicked on

2020-12-02 16:18:34 - [TEST_STEP][PASSED] - setEncryptedText(findTestObject("Login/La parrilla login/input_Enter password_passwd"), "ykGCkDCd7AS2UCfUpOmvYw=="): Text ****** has been set on object 'Object Repository/Login/La parrilla login/input_Enter password_passwd'

2020-12-02 16:18:36 - [MESSAGE][PASSED] - Text ****** has been set on object 'Object Repository/Login/La parrilla login/input_Enter password_passwd'

2020-12-02 16:18:36 - [TEST_STEP][PASSED] - click(findTestObject("Login/La parrilla login/input_Sign in_idSIButton9")): Object: 'Object Repository/Login/La parrilla login/input_Sign in_idSIButton9' is clicked on

2020-12-02 16:18:37 - [MESSAGE][PASSED] - Object: 'Object Repository/Login/La parrilla login/input_Sign in_idSIButton9' is clicked on

2020-12-02 16:18:37 - [TEST_STEP][PASSED] - click(findTestObject("Login/La parrilla login/input_Sign in_idSIButton9")): Object: 'Object Repository/Login/La parrilla login/input_Sign in_idSIButton9' is clicked on

2020-12-02 16:18:42 - [MESSAGE][PASSED] - Object: 'Object Repository/Login/La parrilla login/input_Sign in_idSIButton9' is clicked on

2020-12-02 16:18:42 - [TEST_STEP][PASSED] - delay(2): Delayed 2 second(s)

2020-12-02 16:18:44 - [MESSAGE][PASSED] - Delayed 2 second(s)

2020-12-02 16:18:44 - [MESSAGE][PASSED] - Call Test Case 'Test Cases/Login/Log-in' successfully

2020-12-02 16:18:44 - [TEST_STEP][PASSED] - click(findTestObject("Object Repository/Embarques/Barras/Produccion/Consulta de Embarque/button_Embarques")): Object: 'Object Repository/Embarques/Barras/Produccion/Consulta de Embarque/button_Embarques' is clicked on

2020-12-02 16:18:45 - [MESSAGE][PASSED] - Object: 'Object Repository/Embarques/Barras/Produccion/Consulta de Embarque/button_Embarques' is clicked on

2020-12-02 16:18:45 - [TEST_STEP][PASSED] - click(findTestObject("Object Repository/Embarques/Barras/Produccion/Consulta de Embarque/button_Barras")): Object: 'Object Repository/Embarques/Barras/Produccion/Consulta de Embarque/button_Barras' is clicked on

2020-12-02 16:18:46 - [MESSAGE][PASSED] - Object: 'Object Repository/Embarques/Barras/Produccion/Consulta de Embarque/button_Barras' is clicked on

2020-12-02 16:18:46 - [TEST_STEP][PASSED] - click(findTestObject("Embarques/Barras/Packing List/button_PackingList")): Object: 'Object Repository/Embarques/Barras/Packing List/button_PackingList' is clicked on

2020-12-02 16:18:47 - [MESSAGE][PASSED] - Object: 'Object Repository/Embarques/Barras/Packing List/button_PackingList' is clicked on

2020-12-02 16:18:47 - [TEST_STEP][PASSED] - click(findTestObject("Embarques/Barras/Packing List/input_De_Fecha")): Object: 'Object Repository/Embarques/Barras/Packing List/input_De_Fecha' is clicked on

2020-12-02 16:18:48 - [MESSAGE][PASSED] - Object: 'Object Repository/Embarques/Barras/Packing List/input_De_Fecha' is clicked on

2020-12-02 16:18:48 - [TEST_STEP][PASSED] - doubleClick(findTestObject("Embarques/Barras/Packing List/button_previusMonth")): Object: 'Object Repository/Embarques/Barras/Packing List/button_previusMonth' is double clicked on

2020-12-02 16:18:48 - [MESSAGE][PASSED] - Object: 'Object Repository/Embarques/Barras/Packing List/button_previusMonth' is double clicked on

2020-12-02 16:18:48 - [TEST_STEP][PASSED] - click(findTestObject("Embarques/Barras/Packing List/div_1")): Object: 'Object Repository/Embarques/Barras/Packing List/div_1' is clicked on

2020-12-02 16:18:49 - [MESSAGE][PASSED] - Object: 'Object Repository/Embarques/Barras/Packing List/div_1' is clicked on

2020-12-02 16:18:49 - [TEST_STEP][PASSED] - click(findTestObject("Embarques/Barras/Packing List/button_Consultar")): Object: 'Object Repository/Embarques/Barras/Packing List/button_Consultar' is clicked on

2020-12-02 16:18:50 - [MESSAGE][PASSED] - Object: 'Object Repository/Embarques/Barras/Packing List/button_Consultar' is clicked on

2020-12-02 16:18:50 - [TEST_STEP][PASSED] - waitForElementPresent(findTestObject("Error"), 2): Object 'Object Repository/Error' is not present after 2 second(s)

2020-12-02 16:18:53 - [MESSAGE][INFO] - Unable to find the element located by 'By.xpath: /html/body/div[1]/div/main/div/div/div/div[2]/div/div/div[1]/img'. Please recheck the objects properties to make sure the desired element is located. 

2020-12-02 16:18:53 - [MESSAGE][WARNING] - Object 'Object Repository/Error' is not present after 2 second(s)

2020-12-02 16:18:53 - [TEST_STEP][PASSED] - closeBrowser(): Browser is closed

2020-12-02 16:18:54 - [MESSAGE][PASSED] - Browser is closed]]></system-out>
         <system-err><![CDATA[]]></system-err>
      </testcase>
      <testcase name="Test Cases/Embarques/Barras/Packing list/Validacion de error packing" time="35.509" classname="Test Cases/Embarques/Barras/Packing list/Validacion de error packing" status="PASSED">
         <system-out><![CDATA[2020-12-02 16:18:54 - [TEST_CASE][PASSED] - Test Cases/Embarques/Barras/Packing list/Validacion de error packing: Test Cases/Embarques/Barras/Packing list/Validacion de error packing

2020-12-02 16:18:54 - [TEST_STEP][PASSED] - callTestCase(findTestCase("Login/Log-in"), ["unidad":unidad], CONTINUE_ON_FAILURE): Call Test Case 'Test Cases/Login/Log-in' successfully

2020-12-02 16:18:54 - [TEST_CASE][PASSED] - Test Cases/Login/Log-in: Test Cases/Login/Log-in

2020-12-02 16:18:54 - [TEST_STEP][PASSED] - openBrowser(url): Browser is opened with url: 'https://mb-dev.firstmajestic.com/'

2020-12-02 16:18:54 - [MESSAGE][INFO] - Starting 'Chrome' driver

2020-12-02 16:19:00 - [MESSAGE][PASSED] - Browser is opened with url: 'https://mb-dev.firstmajestic.com/'

2020-12-02 16:19:00 - [TEST_STEP][PASSED] - maximizeWindow(): Current window maximized

2020-12-02 16:19:01 - [MESSAGE][PASSED] - Current window maximized

2020-12-02 16:19:01 - [TEST_STEP][PASSED] - click(findTestObject("Login/La parrilla login/select_Seleccionar UnidadLa ParrillaLa Enca_3f6097")): Object: 'Object Repository/Login/La parrilla login/select_Seleccionar UnidadLa ParrillaLa Enca_3f6097' is clicked on

2020-12-02 16:19:01 - [MESSAGE][PASSED] - Object: 'Object Repository/Login/La parrilla login/select_Seleccionar UnidadLa ParrillaLa Enca_3f6097' is clicked on

2020-12-02 16:19:01 - [TEST_STEP][PASSED] - selectOptionByLabel(findTestObject("Login/La parrilla login/select_Seleccionar UnidadLa ParrillaLa Enca_3f6097"), unidad, false): All options with label 'Del Toro' are selected in object 'Object Repository/Login/La parrilla login/select_Seleccionar UnidadLa ParrillaLa Enca_3f6097' 

2020-12-02 16:19:02 - [MESSAGE][PASSED] - All options with label 'Del Toro' are selected in object 'Object Repository/Login/La parrilla login/select_Seleccionar UnidadLa ParrillaLa Enca_3f6097' 

2020-12-02 16:19:02 - [TEST_STEP][PASSED] - click(findTestObject("Login/La parrilla login/button_Iniciar Sesin")): Object: 'Object Repository/Login/La parrilla login/button_Iniciar Sesin' is clicked on

2020-12-02 16:19:02 - [MESSAGE][PASSED] - Object: 'Object Repository/Login/La parrilla login/button_Iniciar Sesin' is clicked on

2020-12-02 16:19:02 - [TEST_STEP][PASSED] - click(findTestObject("Login/La parrilla login/input_Sign in with your corporate ID_btn bt_b79ff6")): Object: 'Object Repository/Login/La parrilla login/input_Sign in with your corporate ID_btn bt_b79ff6' is clicked on

2020-12-02 16:19:08 - [MESSAGE][PASSED] - Object: 'Object Repository/Login/La parrilla login/input_Sign in with your corporate ID_btn bt_b79ff6' is clicked on

2020-12-02 16:19:08 - [TEST_STEP][PASSED] - setText(findTestObject("Login/La parrilla login/input_Sign in_loginfmt"), "iperez@firstmajestic.com"): Text 'iperez@firstmajestic.com' is set on object 'Object Repository/Login/La parrilla login/input_Sign in_loginfmt'

2020-12-02 16:19:09 - [MESSAGE][PASSED] - Text 'iperez@firstmajestic.com' is set on object 'Object Repository/Login/La parrilla login/input_Sign in_loginfmt'

2020-12-02 16:19:09 - [TEST_STEP][PASSED] - click(findTestObject("Login/La parrilla login/input_Sign in_idSIButton9")): Object: 'Object Repository/Login/La parrilla login/input_Sign in_idSIButton9' is clicked on

2020-12-02 16:19:10 - [MESSAGE][PASSED] - Object: 'Object Repository/Login/La parrilla login/input_Sign in_idSIButton9' is clicked on

2020-12-02 16:19:10 - [TEST_STEP][PASSED] - setEncryptedText(findTestObject("Login/La parrilla login/input_Enter password_passwd"), "ykGCkDCd7AS2UCfUpOmvYw=="): Text ****** has been set on object 'Object Repository/Login/La parrilla login/input_Enter password_passwd'

2020-12-02 16:19:11 - [MESSAGE][PASSED] - Text ****** has been set on object 'Object Repository/Login/La parrilla login/input_Enter password_passwd'

2020-12-02 16:19:11 - [TEST_STEP][PASSED] - click(findTestObject("Login/La parrilla login/input_Sign in_idSIButton9")): Object: 'Object Repository/Login/La parrilla login/input_Sign in_idSIButton9' is clicked on

2020-12-02 16:19:13 - [MESSAGE][PASSED] - Object: 'Object Repository/Login/La parrilla login/input_Sign in_idSIButton9' is clicked on

2020-12-02 16:19:13 - [TEST_STEP][PASSED] - click(findTestObject("Login/La parrilla login/input_Sign in_idSIButton9")): Object: 'Object Repository/Login/La parrilla login/input_Sign in_idSIButton9' is clicked on

2020-12-02 16:19:17 - [MESSAGE][PASSED] - Object: 'Object Repository/Login/La parrilla login/input_Sign in_idSIButton9' is clicked on

2020-12-02 16:19:17 - [TEST_STEP][PASSED] - delay(2): Delayed 2 second(s)

2020-12-02 16:19:19 - [MESSAGE][PASSED] - Delayed 2 second(s)

2020-12-02 16:19:19 - [MESSAGE][PASSED] - Call Test Case 'Test Cases/Login/Log-in' successfully

2020-12-02 16:19:19 - [TEST_STEP][PASSED] - click(findTestObject("Object Repository/Embarques/Barras/Produccion/Consulta de Embarque/button_Embarques")): Object: 'Object Repository/Embarques/Barras/Produccion/Consulta de Embarque/button_Embarques' is clicked on

2020-12-02 16:19:21 - [MESSAGE][PASSED] - Object: 'Object Repository/Embarques/Barras/Produccion/Consulta de Embarque/button_Embarques' is clicked on

2020-12-02 16:19:21 - [TEST_STEP][PASSED] - click(findTestObject("Object Repository/Embarques/Barras/Produccion/Consulta de Embarque/button_Barras")): Object: 'Object Repository/Embarques/Barras/Produccion/Consulta de Embarque/button_Barras' is clicked on

2020-12-02 16:19:21 - [MESSAGE][PASSED] - Object: 'Object Repository/Embarques/Barras/Produccion/Consulta de Embarque/button_Barras' is clicked on

2020-12-02 16:19:21 - [TEST_STEP][PASSED] - click(findTestObject("Embarques/Barras/Packing List/button_PackingList")): Object: 'Object Repository/Embarques/Barras/Packing List/button_PackingList' is clicked on

2020-12-02 16:19:22 - [MESSAGE][PASSED] - Object: 'Object Repository/Embarques/Barras/Packing List/button_PackingList' is clicked on

2020-12-02 16:19:22 - [TEST_STEP][PASSED] - click(findTestObject("Embarques/Barras/Packing List/input_De_Fecha")): Object: 'Object Repository/Embarques/Barras/Packing List/input_De_Fecha' is clicked on

2020-12-02 16:19:23 - [MESSAGE][PASSED] - Object: 'Object Repository/Embarques/Barras/Packing List/input_De_Fecha' is clicked on

2020-12-02 16:19:23 - [TEST_STEP][PASSED] - doubleClick(findTestObject("Embarques/Barras/Packing List/button_previusMonth")): Object: 'Object Repository/Embarques/Barras/Packing List/button_previusMonth' is double clicked on

2020-12-02 16:19:24 - [MESSAGE][PASSED] - Object: 'Object Repository/Embarques/Barras/Packing List/button_previusMonth' is double clicked on

2020-12-02 16:19:24 - [TEST_STEP][PASSED] - click(findTestObject("Embarques/Barras/Packing List/div_1")): Object: 'Object Repository/Embarques/Barras/Packing List/div_1' is clicked on

2020-12-02 16:19:24 - [MESSAGE][PASSED] - Object: 'Object Repository/Embarques/Barras/Packing List/div_1' is clicked on

2020-12-02 16:19:24 - [TEST_STEP][PASSED] - click(findTestObject("Embarques/Barras/Packing List/button_Consultar")): Object: 'Object Repository/Embarques/Barras/Packing List/button_Consultar' is clicked on

2020-12-02 16:19:25 - [MESSAGE][PASSED] - Object: 'Object Repository/Embarques/Barras/Packing List/button_Consultar' is clicked on

2020-12-02 16:19:25 - [TEST_STEP][PASSED] - waitForElementPresent(findTestObject("Error"), 2): Object 'Object Repository/Error' is not present after 2 second(s)

2020-12-02 16:19:28 - [MESSAGE][INFO] - Unable to find the element located by 'By.xpath: /html/body/div[1]/div/main/div/div/div/div[2]/div/div/div[1]/img'. Please recheck the objects properties to make sure the desired element is located. 

2020-12-02 16:19:28 - [MESSAGE][WARNING] - Object 'Object Repository/Error' is not present after 2 second(s)

2020-12-02 16:19:28 - [TEST_STEP][PASSED] - closeBrowser(): Browser is closed

2020-12-02 16:19:29 - [MESSAGE][PASSED] - Browser is closed]]></system-out>
         <system-err><![CDATA[]]></system-err>
      </testcase>
      <testcase name="Test Cases/Embarques/Barras/Packing list/Validacion de error packing" time="39.082" classname="Test Cases/Embarques/Barras/Packing list/Validacion de error packing" status="PASSED">
         <system-out><![CDATA[2020-12-02 16:19:29 - [TEST_CASE][PASSED] - Test Cases/Embarques/Barras/Packing list/Validacion de error packing: Test Cases/Embarques/Barras/Packing list/Validacion de error packing

2020-12-02 16:19:29 - [TEST_STEP][PASSED] - callTestCase(findTestCase("Login/Log-in"), ["unidad":unidad], CONTINUE_ON_FAILURE): Call Test Case 'Test Cases/Login/Log-in' successfully

2020-12-02 16:19:29 - [TEST_CASE][PASSED] - Test Cases/Login/Log-in: Test Cases/Login/Log-in

2020-12-02 16:19:29 - [TEST_STEP][PASSED] - openBrowser(url): Browser is opened with url: 'https://mb-dev.firstmajestic.com/'

2020-12-02 16:19:29 - [MESSAGE][INFO] - Starting 'Chrome' driver

2020-12-02 16:19:35 - [MESSAGE][PASSED] - Browser is opened with url: 'https://mb-dev.firstmajestic.com/'

2020-12-02 16:19:35 - [TEST_STEP][PASSED] - maximizeWindow(): Current window maximized

2020-12-02 16:19:37 - [MESSAGE][PASSED] - Current window maximized

2020-12-02 16:19:37 - [TEST_STEP][PASSED] - click(findTestObject("Login/La parrilla login/select_Seleccionar UnidadLa ParrillaLa Enca_3f6097")): Object: 'Object Repository/Login/La parrilla login/select_Seleccionar UnidadLa ParrillaLa Enca_3f6097' is clicked on

2020-12-02 16:19:37 - [MESSAGE][PASSED] - Object: 'Object Repository/Login/La parrilla login/select_Seleccionar UnidadLa ParrillaLa Enca_3f6097' is clicked on

2020-12-02 16:19:37 - [TEST_STEP][PASSED] - selectOptionByLabel(findTestObject("Login/La parrilla login/select_Seleccionar UnidadLa ParrillaLa Enca_3f6097"), unidad, false): All options with label 'San Dimas' are selected in object 'Object Repository/Login/La parrilla login/select_Seleccionar UnidadLa ParrillaLa Enca_3f6097' 

2020-12-02 16:19:38 - [MESSAGE][PASSED] - All options with label 'San Dimas' are selected in object 'Object Repository/Login/La parrilla login/select_Seleccionar UnidadLa ParrillaLa Enca_3f6097' 

2020-12-02 16:19:38 - [TEST_STEP][PASSED] - click(findTestObject("Login/La parrilla login/button_Iniciar Sesin")): Object: 'Object Repository/Login/La parrilla login/button_Iniciar Sesin' is clicked on

2020-12-02 16:19:39 - [MESSAGE][PASSED] - Object: 'Object Repository/Login/La parrilla login/button_Iniciar Sesin' is clicked on

2020-12-02 16:19:39 - [TEST_STEP][PASSED] - click(findTestObject("Login/La parrilla login/input_Sign in with your corporate ID_btn bt_b79ff6")): Object: 'Object Repository/Login/La parrilla login/input_Sign in with your corporate ID_btn bt_b79ff6' is clicked on

2020-12-02 16:19:43 - [MESSAGE][PASSED] - Object: 'Object Repository/Login/La parrilla login/input_Sign in with your corporate ID_btn bt_b79ff6' is clicked on

2020-12-02 16:19:43 - [TEST_STEP][PASSED] - setText(findTestObject("Login/La parrilla login/input_Sign in_loginfmt"), "iperez@firstmajestic.com"): Text 'iperez@firstmajestic.com' is set on object 'Object Repository/Login/La parrilla login/input_Sign in_loginfmt'

2020-12-02 16:19:45 - [MESSAGE][PASSED] - Text 'iperez@firstmajestic.com' is set on object 'Object Repository/Login/La parrilla login/input_Sign in_loginfmt'

2020-12-02 16:19:45 - [TEST_STEP][PASSED] - click(findTestObject("Login/La parrilla login/input_Sign in_idSIButton9")): Object: 'Object Repository/Login/La parrilla login/input_Sign in_idSIButton9' is clicked on

2020-12-02 16:19:45 - [MESSAGE][PASSED] - Object: 'Object Repository/Login/La parrilla login/input_Sign in_idSIButton9' is clicked on

2020-12-02 16:19:45 - [TEST_STEP][PASSED] - setEncryptedText(findTestObject("Login/La parrilla login/input_Enter password_passwd"), "ykGCkDCd7AS2UCfUpOmvYw=="): Text ****** has been set on object 'Object Repository/Login/La parrilla login/input_Enter password_passwd'

2020-12-02 16:19:47 - [MESSAGE][PASSED] - Text ****** has been set on object 'Object Repository/Login/La parrilla login/input_Enter password_passwd'

2020-12-02 16:19:47 - [TEST_STEP][PASSED] - click(findTestObject("Login/La parrilla login/input_Sign in_idSIButton9")): Object: 'Object Repository/Login/La parrilla login/input_Sign in_idSIButton9' is clicked on

2020-12-02 16:19:51 - [MESSAGE][PASSED] - Object: 'Object Repository/Login/La parrilla login/input_Sign in_idSIButton9' is clicked on

2020-12-02 16:19:51 - [TEST_STEP][PASSED] - click(findTestObject("Login/La parrilla login/input_Sign in_idSIButton9")): Object: 'Object Repository/Login/La parrilla login/input_Sign in_idSIButton9' is clicked on

2020-12-02 16:19:56 - [MESSAGE][PASSED] - Object: 'Object Repository/Login/La parrilla login/input_Sign in_idSIButton9' is clicked on

2020-12-02 16:19:56 - [TEST_STEP][PASSED] - delay(2): Delayed 2 second(s)

2020-12-02 16:19:58 - [MESSAGE][PASSED] - Delayed 2 second(s)

2020-12-02 16:19:58 - [MESSAGE][PASSED] - Call Test Case 'Test Cases/Login/Log-in' successfully

2020-12-02 16:19:58 - [TEST_STEP][PASSED] - click(findTestObject("Object Repository/Embarques/Barras/Produccion/Consulta de Embarque/button_Embarques")): Object: 'Object Repository/Embarques/Barras/Produccion/Consulta de Embarque/button_Embarques' is clicked on

2020-12-02 16:20:00 - [MESSAGE][PASSED] - Object: 'Object Repository/Embarques/Barras/Produccion/Consulta de Embarque/button_Embarques' is clicked on

2020-12-02 16:20:00 - [TEST_STEP][PASSED] - click(findTestObject("Object Repository/Embarques/Barras/Produccion/Consulta de Embarque/button_Barras")): Object: 'Object Repository/Embarques/Barras/Produccion/Consulta de Embarque/button_Barras' is clicked on

2020-12-02 16:20:00 - [MESSAGE][PASSED] - Object: 'Object Repository/Embarques/Barras/Produccion/Consulta de Embarque/button_Barras' is clicked on

2020-12-02 16:20:00 - [TEST_STEP][PASSED] - click(findTestObject("Embarques/Barras/Packing List/button_PackingList")): Object: 'Object Repository/Embarques/Barras/Packing List/button_PackingList' is clicked on

2020-12-02 16:20:01 - [MESSAGE][PASSED] - Object: 'Object Repository/Embarques/Barras/Packing List/button_PackingList' is clicked on

2020-12-02 16:20:01 - [TEST_STEP][PASSED] - click(findTestObject("Embarques/Barras/Packing List/input_De_Fecha")): Object: 'Object Repository/Embarques/Barras/Packing List/input_De_Fecha' is clicked on

2020-12-02 16:20:02 - [MESSAGE][PASSED] - Object: 'Object Repository/Embarques/Barras/Packing List/input_De_Fecha' is clicked on

2020-12-02 16:20:02 - [TEST_STEP][PASSED] - doubleClick(findTestObject("Embarques/Barras/Packing List/button_previusMonth")): Object: 'Object Repository/Embarques/Barras/Packing List/button_previusMonth' is double clicked on

2020-12-02 16:20:02 - [MESSAGE][PASSED] - Object: 'Object Repository/Embarques/Barras/Packing List/button_previusMonth' is double clicked on

2020-12-02 16:20:02 - [TEST_STEP][PASSED] - click(findTestObject("Embarques/Barras/Packing List/div_1")): Object: 'Object Repository/Embarques/Barras/Packing List/div_1' is clicked on

2020-12-02 16:20:03 - [MESSAGE][PASSED] - Object: 'Object Repository/Embarques/Barras/Packing List/div_1' is clicked on

2020-12-02 16:20:03 - [TEST_STEP][PASSED] - click(findTestObject("Embarques/Barras/Packing List/button_Consultar")): Object: 'Object Repository/Embarques/Barras/Packing List/button_Consultar' is clicked on

2020-12-02 16:20:04 - [MESSAGE][PASSED] - Object: 'Object Repository/Embarques/Barras/Packing List/button_Consultar' is clicked on

2020-12-02 16:20:04 - [TEST_STEP][PASSED] - waitForElementPresent(findTestObject("Error"), 2): Object 'Object Repository/Error' is not present after 2 second(s)

2020-12-02 16:20:07 - [MESSAGE][INFO] - Unable to find the element located by 'By.xpath: /html/body/div[1]/div/main/div/div/div/div[2]/div/div/div[1]/img'. Please recheck the objects properties to make sure the desired element is located. 

2020-12-02 16:20:07 - [MESSAGE][WARNING] - Object 'Object Repository/Error' is not present after 2 second(s)

2020-12-02 16:20:07 - [TEST_STEP][PASSED] - closeBrowser(): Browser is closed

2020-12-02 16:20:08 - [MESSAGE][PASSED] - Browser is closed]]></system-out>
         <system-err><![CDATA[]]></system-err>
      </testcase>
      <testcase name="Test Cases/Embarques/Barras/Packing list/Validacion de error packing" time="37.072" classname="Test Cases/Embarques/Barras/Packing list/Validacion de error packing" status="PASSED">
         <system-out><![CDATA[2020-12-02 16:20:08 - [TEST_CASE][PASSED] - Test Cases/Embarques/Barras/Packing list/Validacion de error packing: Test Cases/Embarques/Barras/Packing list/Validacion de error packing

2020-12-02 16:20:08 - [TEST_STEP][PASSED] - callTestCase(findTestCase("Login/Log-in"), ["unidad":unidad], CONTINUE_ON_FAILURE): Call Test Case 'Test Cases/Login/Log-in' successfully

2020-12-02 16:20:09 - [TEST_CASE][PASSED] - Test Cases/Login/Log-in: Test Cases/Login/Log-in

2020-12-02 16:20:09 - [TEST_STEP][PASSED] - openBrowser(url): Browser is opened with url: 'https://mb-dev.firstmajestic.com/'

2020-12-02 16:20:09 - [MESSAGE][INFO] - Starting 'Chrome' driver

2020-12-02 16:20:15 - [MESSAGE][PASSED] - Browser is opened with url: 'https://mb-dev.firstmajestic.com/'

2020-12-02 16:20:15 - [TEST_STEP][PASSED] - maximizeWindow(): Current window maximized

2020-12-02 16:20:16 - [MESSAGE][PASSED] - Current window maximized

2020-12-02 16:20:16 - [TEST_STEP][PASSED] - click(findTestObject("Login/La parrilla login/select_Seleccionar UnidadLa ParrillaLa Enca_3f6097")): Object: 'Object Repository/Login/La parrilla login/select_Seleccionar UnidadLa ParrillaLa Enca_3f6097' is clicked on

2020-12-02 16:20:16 - [MESSAGE][PASSED] - Object: 'Object Repository/Login/La parrilla login/select_Seleccionar UnidadLa ParrillaLa Enca_3f6097' is clicked on

2020-12-02 16:20:16 - [TEST_STEP][PASSED] - selectOptionByLabel(findTestObject("Login/La parrilla login/select_Seleccionar UnidadLa ParrillaLa Enca_3f6097"), unidad, false): All options with label 'San Martin' are selected in object 'Object Repository/Login/La parrilla login/select_Seleccionar UnidadLa ParrillaLa Enca_3f6097' 

2020-12-02 16:20:17 - [MESSAGE][PASSED] - All options with label 'San Martin' are selected in object 'Object Repository/Login/La parrilla login/select_Seleccionar UnidadLa ParrillaLa Enca_3f6097' 

2020-12-02 16:20:17 - [TEST_STEP][PASSED] - click(findTestObject("Login/La parrilla login/button_Iniciar Sesin")): Object: 'Object Repository/Login/La parrilla login/button_Iniciar Sesin' is clicked on

2020-12-02 16:20:18 - [MESSAGE][PASSED] - Object: 'Object Repository/Login/La parrilla login/button_Iniciar Sesin' is clicked on

2020-12-02 16:20:18 - [TEST_STEP][PASSED] - click(findTestObject("Login/La parrilla login/input_Sign in with your corporate ID_btn bt_b79ff6")): Object: 'Object Repository/Login/La parrilla login/input_Sign in with your corporate ID_btn bt_b79ff6' is clicked on

2020-12-02 16:20:21 - [MESSAGE][PASSED] - Object: 'Object Repository/Login/La parrilla login/input_Sign in with your corporate ID_btn bt_b79ff6' is clicked on

2020-12-02 16:20:21 - [TEST_STEP][PASSED] - setText(findTestObject("Login/La parrilla login/input_Sign in_loginfmt"), "iperez@firstmajestic.com"): Text 'iperez@firstmajestic.com' is set on object 'Object Repository/Login/La parrilla login/input_Sign in_loginfmt'

2020-12-02 16:20:22 - [MESSAGE][PASSED] - Text 'iperez@firstmajestic.com' is set on object 'Object Repository/Login/La parrilla login/input_Sign in_loginfmt'

2020-12-02 16:20:22 - [TEST_STEP][PASSED] - click(findTestObject("Login/La parrilla login/input_Sign in_idSIButton9")): Object: 'Object Repository/Login/La parrilla login/input_Sign in_idSIButton9' is clicked on

2020-12-02 16:20:23 - [MESSAGE][PASSED] - Object: 'Object Repository/Login/La parrilla login/input_Sign in_idSIButton9' is clicked on

2020-12-02 16:20:23 - [TEST_STEP][PASSED] - setEncryptedText(findTestObject("Login/La parrilla login/input_Enter password_passwd"), "ykGCkDCd7AS2UCfUpOmvYw=="): Text ****** has been set on object 'Object Repository/Login/La parrilla login/input_Enter password_passwd'

2020-12-02 16:20:24 - [MESSAGE][PASSED] - Text ****** has been set on object 'Object Repository/Login/La parrilla login/input_Enter password_passwd'

2020-12-02 16:20:24 - [TEST_STEP][PASSED] - click(findTestObject("Login/La parrilla login/input_Sign in_idSIButton9")): Object: 'Object Repository/Login/La parrilla login/input_Sign in_idSIButton9' is clicked on

2020-12-02 16:20:29 - [MESSAGE][PASSED] - Object: 'Object Repository/Login/La parrilla login/input_Sign in_idSIButton9' is clicked on

2020-12-02 16:20:29 - [TEST_STEP][PASSED] - click(findTestObject("Login/La parrilla login/input_Sign in_idSIButton9")): Object: 'Object Repository/Login/La parrilla login/input_Sign in_idSIButton9' is clicked on

2020-12-02 16:20:33 - [MESSAGE][PASSED] - Object: 'Object Repository/Login/La parrilla login/input_Sign in_idSIButton9' is clicked on

2020-12-02 16:20:33 - [TEST_STEP][PASSED] - delay(2): Delayed 2 second(s)

2020-12-02 16:20:35 - [MESSAGE][PASSED] - Delayed 2 second(s)

2020-12-02 16:20:35 - [MESSAGE][PASSED] - Call Test Case 'Test Cases/Login/Log-in' successfully

2020-12-02 16:20:35 - [TEST_STEP][PASSED] - click(findTestObject("Object Repository/Embarques/Barras/Produccion/Consulta de Embarque/button_Embarques")): Object: 'Object Repository/Embarques/Barras/Produccion/Consulta de Embarque/button_Embarques' is clicked on

2020-12-02 16:20:37 - [MESSAGE][PASSED] - Object: 'Object Repository/Embarques/Barras/Produccion/Consulta de Embarque/button_Embarques' is clicked on

2020-12-02 16:20:37 - [TEST_STEP][PASSED] - click(findTestObject("Object Repository/Embarques/Barras/Produccion/Consulta de Embarque/button_Barras")): Object: 'Object Repository/Embarques/Barras/Produccion/Consulta de Embarque/button_Barras' is clicked on

2020-12-02 16:20:38 - [MESSAGE][PASSED] - Object: 'Object Repository/Embarques/Barras/Produccion/Consulta de Embarque/button_Barras' is clicked on

2020-12-02 16:20:38 - [TEST_STEP][PASSED] - click(findTestObject("Embarques/Barras/Packing List/button_PackingList")): Object: 'Object Repository/Embarques/Barras/Packing List/button_PackingList' is clicked on

2020-12-02 16:20:38 - [MESSAGE][PASSED] - Object: 'Object Repository/Embarques/Barras/Packing List/button_PackingList' is clicked on

2020-12-02 16:20:38 - [TEST_STEP][PASSED] - click(findTestObject("Embarques/Barras/Packing List/input_De_Fecha")): Object: 'Object Repository/Embarques/Barras/Packing List/input_De_Fecha' is clicked on

2020-12-02 16:20:39 - [MESSAGE][PASSED] - Object: 'Object Repository/Embarques/Barras/Packing List/input_De_Fecha' is clicked on

2020-12-02 16:20:39 - [TEST_STEP][PASSED] - doubleClick(findTestObject("Embarques/Barras/Packing List/button_previusMonth")): Object: 'Object Repository/Embarques/Barras/Packing List/button_previusMonth' is double clicked on

2020-12-02 16:20:40 - [MESSAGE][PASSED] - Object: 'Object Repository/Embarques/Barras/Packing List/button_previusMonth' is double clicked on

2020-12-02 16:20:40 - [TEST_STEP][PASSED] - click(findTestObject("Embarques/Barras/Packing List/div_1")): Object: 'Object Repository/Embarques/Barras/Packing List/div_1' is clicked on

2020-12-02 16:20:41 - [MESSAGE][PASSED] - Object: 'Object Repository/Embarques/Barras/Packing List/div_1' is clicked on

2020-12-02 16:20:41 - [TEST_STEP][PASSED] - click(findTestObject("Embarques/Barras/Packing List/button_Consultar")): Object: 'Object Repository/Embarques/Barras/Packing List/button_Consultar' is clicked on

2020-12-02 16:20:41 - [MESSAGE][PASSED] - Object: 'Object Repository/Embarques/Barras/Packing List/button_Consultar' is clicked on

2020-12-02 16:20:41 - [TEST_STEP][PASSED] - waitForElementPresent(findTestObject("Error"), 2): Object 'Object Repository/Error' is not present after 2 second(s)

2020-12-02 16:20:45 - [MESSAGE][INFO] - Unable to find the element located by 'By.xpath: /html/body/div[1]/div/main/div/div/div/div[2]/div/div/div[1]/img'. Please recheck the objects properties to make sure the desired element is located. 

2020-12-02 16:20:45 - [MESSAGE][WARNING] - Object 'Object Repository/Error' is not present after 2 second(s)

2020-12-02 16:20:45 - [TEST_STEP][PASSED] - closeBrowser(): Browser is closed

2020-12-02 16:20:46 - [MESSAGE][PASSED] - Browser is closed]]></system-out>
         <system-err><![CDATA[]]></system-err>
      </testcase>
      <system-out><![CDATA[2020-12-02 16:16:26 - [TEST_SUITE][PASSED] - San dimas: Test Cases/Embarques/Barras/Packing list/Validacion de error packing]]></system-out>
      <system-err><![CDATA[]]></system-err>
   </testsuite>
</testsuites>
