<?xml version="1.0" encoding="UTF-8"?>
<testsuites name="Logueo" time="369.104" tests="7" failures="0" errors="0">
   <testsuite name="Logueo" tests="7" failures="0" errors="0" time="369.104" timestamp="2020-10-20 13:47:35" hostname="iperez - EC2AMAZ-DJL71OR.firstmajestic.local" id="Test Suites/Logins/Logueo">
      <properties>
         <property name="deviceName" value=""/>
         <property name="devicePlatform" value=""/>
         <property name="logFolder" value="D:\\Users\\iperez\\Katalon Studio\\Balance metalurgico\\Reports\\20201020_134726\\Logins\\Logueo\\20201020_134726"/>
         <property name="logFiles" value="D:\\Users\\iperez\\Katalon Studio\\Balance metalurgico\\Reports\\20201020_134726\\Logins\\Logueo\\20201020_134726\\execution0.log"/>
         <property name="attachments" value=""/>
         <property name="hostName" value="iperez - EC2AMAZ-DJL71OR.firstmajestic.local"/>
         <property name="os" value="Windows Server 2016 64bit"/>
         <property name="katalonVersion" value="7.0.4.1"/>
         <property name="browser" value="Firefox 82.0"/>
         <property name="hostAddress" value="10.41.50.193"/>
         <property name="sessionId" value="b101b671-1517-4ea6-b1a8-6f85f1735f0f"/>
         <property name="seleniumVersion" value="3.141.59"/>
         <property name="proxyInformation" value="ProxyInformation{proxyOption=NO_PROXY, proxyServerType=HTTP, password=, proxyServerAddress=, proxyServerPort=0}"/>
         <property name="platform" value="Windows Server 2016"/>
      </properties>
      <testcase name="Test Cases/Login/Del Toro" time="74.414" classname="Test Cases/Login/Del Toro" status="PASSED">
         <system-out><![CDATA[2020-10-20 13:47:35 - [TEST_CASE][PASSED] - Test Cases/Login/Del Toro: Test Cases/Login/Del Toro

2020-10-20 13:47:36 - [TEST_STEP][PASSED] - openBrowser(url): Browser is opened with url: 'https://mb-testing.firstmajestic.com'

2020-10-20 13:47:36 - [MESSAGE][INFO] - Starting 'Firefox' driver

2020-10-20 13:47:36 - [MESSAGE][INFO] - Action delay is set to 0 seconds

2020-10-20 13:47:54 - [MESSAGE][PASSED] - Browser is opened with url: 'https://mb-testing.firstmajestic.com'

2020-10-20 13:47:54 - [TEST_STEP][PASSED] - maximizeWindow(): Current window maximized

2020-10-20 13:47:54 - [MESSAGE][PASSED] - Current window maximized

2020-10-20 13:47:54 - [TEST_STEP][PASSED] - click(findTestObject("Object Repository/La parrilla login/select_Seleccionar UnidadLa ParrillaLa Enca_3f6097")): Object: 'Object Repository/La parrilla login/select_Seleccionar UnidadLa ParrillaLa Enca_3f6097' is clicked on

2020-10-20 13:47:55 - [MESSAGE][PASSED] - Object: 'Object Repository/La parrilla login/select_Seleccionar UnidadLa ParrillaLa Enca_3f6097' is clicked on

2020-10-20 13:47:55 - [TEST_STEP][PASSED] - selectOptionByLabel(findTestObject("Object Repository/La parrilla login/select_Seleccionar UnidadLa ParrillaLa Enca_3f6097"), "Del Toro", false): All options with label 'Del Toro' are selected in object 'Object Repository/La parrilla login/select_Seleccionar UnidadLa ParrillaLa Enca_3f6097' 

2020-10-20 13:47:56 - [MESSAGE][PASSED] - All options with label 'Del Toro' are selected in object 'Object Repository/La parrilla login/select_Seleccionar UnidadLa ParrillaLa Enca_3f6097' 

2020-10-20 13:47:56 - [TEST_STEP][PASSED] - click(findTestObject("Object Repository/La parrilla login/button_Iniciar Sesin")): Object: 'Object Repository/La parrilla login/button_Iniciar Sesin' is clicked on

2020-10-20 13:47:56 - [MESSAGE][PASSED] - Object: 'Object Repository/La parrilla login/button_Iniciar Sesin' is clicked on

2020-10-20 13:47:56 - [TEST_STEP][PASSED] - click(findTestObject("La parrilla login/input_Sign in with your corporate ID_btn bt_b79ff6")): Object: 'Object Repository/La parrilla login/input_Sign in with your corporate ID_btn bt_b79ff6' is clicked on

2020-10-20 13:48:15 - [MESSAGE][PASSED] - Object: 'Object Repository/La parrilla login/input_Sign in with your corporate ID_btn bt_b79ff6' is clicked on

2020-10-20 13:48:15 - [TEST_STEP][PASSED] - setText(findTestObject("La parrilla login/input_Sign in_loginfmt"), "iperez@firstmajestic.com"): Text 'iperez@firstmajestic.com' is set on object 'Object Repository/La parrilla login/input_Sign in_loginfmt'

2020-10-20 13:48:32 - [MESSAGE][PASSED] - Text 'iperez@firstmajestic.com' is set on object 'Object Repository/La parrilla login/input_Sign in_loginfmt'

2020-10-20 13:48:32 - [TEST_STEP][PASSED] - click(findTestObject("La parrilla login/input_Sign in_idSIButton9")): Object: 'Object Repository/La parrilla login/input_Sign in_idSIButton9' is clicked on

2020-10-20 13:48:33 - [MESSAGE][PASSED] - Object: 'Object Repository/La parrilla login/input_Sign in_idSIButton9' is clicked on

2020-10-20 13:48:33 - [TEST_STEP][PASSED] - setEncryptedText(findTestObject("La parrilla login/input_Enter password_passwd"), "ykGCkDCd7AS2UCfUpOmvYw=="): Text ****** has been set on object 'Object Repository/La parrilla login/input_Enter password_passwd'

2020-10-20 13:48:34 - [MESSAGE][PASSED] - Text ****** has been set on object 'Object Repository/La parrilla login/input_Enter password_passwd'

2020-10-20 13:48:34 - [TEST_STEP][PASSED] - click(findTestObject("La parrilla login/input_Sign in_idSIButton9")): Object: 'Object Repository/La parrilla login/input_Sign in_idSIButton9' is clicked on

2020-10-20 13:48:36 - [MESSAGE][PASSED] - Object: 'Object Repository/La parrilla login/input_Sign in_idSIButton9' is clicked on

2020-10-20 13:48:36 - [TEST_STEP][PASSED] - click(findTestObject("La parrilla login/input_Sign in_idSIButton9")): Object: 'Object Repository/La parrilla login/input_Sign in_idSIButton9' is clicked on

2020-10-20 13:48:40 - [MESSAGE][PASSED] - Object: 'Object Repository/La parrilla login/input_Sign in_idSIButton9' is clicked on

2020-10-20 13:48:40 - [TEST_STEP][PASSED] - delay(8): Delayed 8 second(s)

2020-10-20 13:48:48 - [MESSAGE][PASSED] - Delayed 8 second(s)

2020-10-20 13:48:48 - [TEST_STEP][PASSED] - verifyTextPresent("Irving", false): Text 'Irving' is present on page 

2020-10-20 13:48:48 - [MESSAGE][PASSED] - Text 'Irving' is present on page 

2020-10-20 13:48:48 - [TEST_STEP][PASSED] - closeBrowser(): Browser is closed

2020-10-20 13:48:50 - [MESSAGE][PASSED] - Browser is closed]]></system-out>
         <system-err><![CDATA[]]></system-err>
      </testcase>
      <testcase name="Test Cases/Login/La Encantada" time="65.65" classname="Test Cases/Login/La Encantada" status="PASSED">
         <system-out><![CDATA[2020-10-20 13:48:50 - [TEST_CASE][PASSED] - Test Cases/Login/La Encantada: Test Cases/Login/La Encantada

2020-10-20 13:48:50 - [TEST_STEP][PASSED] - openBrowser(url): Browser is opened with url: 'https://mb-testing.firstmajestic.com'

2020-10-20 13:48:50 - [MESSAGE][INFO] - Starting 'Firefox' driver

2020-10-20 13:49:04 - [MESSAGE][PASSED] - Browser is opened with url: 'https://mb-testing.firstmajestic.com'

2020-10-20 13:49:04 - [TEST_STEP][PASSED] - maximizeWindow(): Current window maximized

2020-10-20 13:49:05 - [MESSAGE][PASSED] - Current window maximized

2020-10-20 13:49:05 - [TEST_STEP][PASSED] - click(findTestObject("Object Repository/La parrilla login/select_Seleccionar UnidadLa ParrillaLa Enca_3f6097")): Object: 'Object Repository/La parrilla login/select_Seleccionar UnidadLa ParrillaLa Enca_3f6097' is clicked on

2020-10-20 13:49:06 - [MESSAGE][PASSED] - Object: 'Object Repository/La parrilla login/select_Seleccionar UnidadLa ParrillaLa Enca_3f6097' is clicked on

2020-10-20 13:49:06 - [TEST_STEP][PASSED] - selectOptionByLabel(findTestObject("Object Repository/La parrilla login/select_Seleccionar UnidadLa ParrillaLa Enca_3f6097"), "La Encantada", false): All options with label 'La Encantada' are selected in object 'Object Repository/La parrilla login/select_Seleccionar UnidadLa ParrillaLa Enca_3f6097' 

2020-10-20 13:49:06 - [MESSAGE][PASSED] - All options with label 'La Encantada' are selected in object 'Object Repository/La parrilla login/select_Seleccionar UnidadLa ParrillaLa Enca_3f6097' 

2020-10-20 13:49:06 - [TEST_STEP][PASSED] - click(findTestObject("Object Repository/La parrilla login/button_Iniciar Sesin")): Object: 'Object Repository/La parrilla login/button_Iniciar Sesin' is clicked on

2020-10-20 13:49:07 - [MESSAGE][PASSED] - Object: 'Object Repository/La parrilla login/button_Iniciar Sesin' is clicked on

2020-10-20 13:49:07 - [TEST_STEP][PASSED] - click(findTestObject("La parrilla login/input_Sign in with your corporate ID_btn bt_b79ff6")): Object: 'Object Repository/La parrilla login/input_Sign in with your corporate ID_btn bt_b79ff6' is clicked on

2020-10-20 13:49:37 - [MESSAGE][PASSED] - Object: 'Object Repository/La parrilla login/input_Sign in with your corporate ID_btn bt_b79ff6' is clicked on

2020-10-20 13:49:37 - [TEST_STEP][PASSED] - setText(findTestObject("La parrilla login/input_Sign in_loginfmt"), "iperez@firstmajestic.com"): Text 'iperez@firstmajestic.com' is set on object 'Object Repository/La parrilla login/input_Sign in_loginfmt'

2020-10-20 13:49:39 - [MESSAGE][PASSED] - Text 'iperez@firstmajestic.com' is set on object 'Object Repository/La parrilla login/input_Sign in_loginfmt'

2020-10-20 13:49:39 - [TEST_STEP][PASSED] - click(findTestObject("La parrilla login/input_Sign in_idSIButton9")): Object: 'Object Repository/La parrilla login/input_Sign in_idSIButton9' is clicked on

2020-10-20 13:49:39 - [MESSAGE][PASSED] - Object: 'Object Repository/La parrilla login/input_Sign in_idSIButton9' is clicked on

2020-10-20 13:49:39 - [TEST_STEP][PASSED] - setEncryptedText(findTestObject("La parrilla login/input_Enter password_passwd"), "ykGCkDCd7AS2UCfUpOmvYw=="): Text ****** has been set on object 'Object Repository/La parrilla login/input_Enter password_passwd'

2020-10-20 13:49:40 - [MESSAGE][PASSED] - Text ****** has been set on object 'Object Repository/La parrilla login/input_Enter password_passwd'

2020-10-20 13:49:40 - [TEST_STEP][PASSED] - click(findTestObject("La parrilla login/input_Sign in_idSIButton9")): Object: 'Object Repository/La parrilla login/input_Sign in_idSIButton9' is clicked on

2020-10-20 13:49:42 - [MESSAGE][PASSED] - Object: 'Object Repository/La parrilla login/input_Sign in_idSIButton9' is clicked on

2020-10-20 13:49:42 - [TEST_STEP][PASSED] - click(findTestObject("La parrilla login/input_Sign in_idSIButton9")): Object: 'Object Repository/La parrilla login/input_Sign in_idSIButton9' is clicked on

2020-10-20 13:49:46 - [MESSAGE][PASSED] - Object: 'Object Repository/La parrilla login/input_Sign in_idSIButton9' is clicked on

2020-10-20 13:49:46 - [TEST_STEP][PASSED] - delay(8): Delayed 8 second(s)

2020-10-20 13:49:54 - [MESSAGE][PASSED] - Delayed 8 second(s)

2020-10-20 13:49:54 - [TEST_STEP][PASSED] - verifyTextPresent("Irving", false): Text 'Irving' is present on page 

2020-10-20 13:49:54 - [MESSAGE][PASSED] - Text 'Irving' is present on page 

2020-10-20 13:49:54 - [TEST_STEP][PASSED] - closeBrowser(): Browser is closed

2020-10-20 13:49:55 - [MESSAGE][PASSED] - Browser is closed]]></system-out>
         <system-err><![CDATA[]]></system-err>
      </testcase>
      <testcase name="Test Cases/Login/La Guitarra" time="59.512" classname="Test Cases/Login/La Guitarra" status="PASSED">
         <system-out><![CDATA[2020-10-20 13:49:55 - [TEST_CASE][PASSED] - Test Cases/Login/La Guitarra: Test Cases/Login/La Guitarra

2020-10-20 13:49:56 - [TEST_STEP][PASSED] - openBrowser(url): Browser is opened with url: 'https://mb-testing.firstmajestic.com'

2020-10-20 13:49:56 - [MESSAGE][INFO] - Starting 'Firefox' driver

2020-10-20 13:50:12 - [MESSAGE][PASSED] - Browser is opened with url: 'https://mb-testing.firstmajestic.com'

2020-10-20 13:50:12 - [TEST_STEP][PASSED] - maximizeWindow(): Current window maximized

2020-10-20 13:50:12 - [MESSAGE][PASSED] - Current window maximized

2020-10-20 13:50:12 - [TEST_STEP][PASSED] - click(findTestObject("Object Repository/La parrilla login/select_Seleccionar UnidadLa ParrillaLa Enca_3f6097")): Object: 'Object Repository/La parrilla login/select_Seleccionar UnidadLa ParrillaLa Enca_3f6097' is clicked on

2020-10-20 13:50:13 - [MESSAGE][PASSED] - Object: 'Object Repository/La parrilla login/select_Seleccionar UnidadLa ParrillaLa Enca_3f6097' is clicked on

2020-10-20 13:50:13 - [TEST_STEP][PASSED] - selectOptionByLabel(findTestObject("Object Repository/La parrilla login/select_Seleccionar UnidadLa ParrillaLa Enca_3f6097"), "La Guitarra", false): All options with label 'La Guitarra' are selected in object 'Object Repository/La parrilla login/select_Seleccionar UnidadLa ParrillaLa Enca_3f6097' 

2020-10-20 13:50:14 - [MESSAGE][PASSED] - All options with label 'La Guitarra' are selected in object 'Object Repository/La parrilla login/select_Seleccionar UnidadLa ParrillaLa Enca_3f6097' 

2020-10-20 13:50:14 - [TEST_STEP][PASSED] - click(findTestObject("Object Repository/La parrilla login/button_Iniciar Sesin")): Object: 'Object Repository/La parrilla login/button_Iniciar Sesin' is clicked on

2020-10-20 13:50:15 - [MESSAGE][PASSED] - Object: 'Object Repository/La parrilla login/button_Iniciar Sesin' is clicked on

2020-10-20 13:50:15 - [TEST_STEP][PASSED] - click(findTestObject("La parrilla login/input_Sign in with your corporate ID_btn bt_b79ff6")): Object: 'Object Repository/La parrilla login/input_Sign in with your corporate ID_btn bt_b79ff6' is clicked on

2020-10-20 13:50:36 - [MESSAGE][PASSED] - Object: 'Object Repository/La parrilla login/input_Sign in with your corporate ID_btn bt_b79ff6' is clicked on

2020-10-20 13:50:36 - [TEST_STEP][PASSED] - setText(findTestObject("La parrilla login/input_Sign in_loginfmt"), "iperez@firstmajestic.com"): Text 'iperez@firstmajestic.com' is set on object 'Object Repository/La parrilla login/input_Sign in_loginfmt'

2020-10-20 13:50:38 - [MESSAGE][PASSED] - Text 'iperez@firstmajestic.com' is set on object 'Object Repository/La parrilla login/input_Sign in_loginfmt'

2020-10-20 13:50:38 - [TEST_STEP][PASSED] - click(findTestObject("La parrilla login/input_Sign in_idSIButton9")): Object: 'Object Repository/La parrilla login/input_Sign in_idSIButton9' is clicked on

2020-10-20 13:50:39 - [MESSAGE][PASSED] - Object: 'Object Repository/La parrilla login/input_Sign in_idSIButton9' is clicked on

2020-10-20 13:50:39 - [TEST_STEP][PASSED] - setEncryptedText(findTestObject("La parrilla login/input_Enter password_passwd"), "ykGCkDCd7AS2UCfUpOmvYw=="): Text ****** has been set on object 'Object Repository/La parrilla login/input_Enter password_passwd'

2020-10-20 13:50:40 - [MESSAGE][PASSED] - Text ****** has been set on object 'Object Repository/La parrilla login/input_Enter password_passwd'

2020-10-20 13:50:40 - [TEST_STEP][PASSED] - click(findTestObject("La parrilla login/input_Sign in_idSIButton9")): Object: 'Object Repository/La parrilla login/input_Sign in_idSIButton9' is clicked on

2020-10-20 13:50:41 - [MESSAGE][PASSED] - Object: 'Object Repository/La parrilla login/input_Sign in_idSIButton9' is clicked on

2020-10-20 13:50:41 - [TEST_STEP][PASSED] - click(findTestObject("La parrilla login/input_Sign in_idSIButton9")): Object: 'Object Repository/La parrilla login/input_Sign in_idSIButton9' is clicked on

2020-10-20 13:50:45 - [MESSAGE][PASSED] - Object: 'Object Repository/La parrilla login/input_Sign in_idSIButton9' is clicked on

2020-10-20 13:50:45 - [TEST_STEP][PASSED] - delay(8): Delayed 8 second(s)

2020-10-20 13:50:53 - [MESSAGE][PASSED] - Delayed 8 second(s)

2020-10-20 13:50:53 - [TEST_STEP][PASSED] - verifyTextPresent("Irving", false): Text 'Irving' is present on page 

2020-10-20 13:50:53 - [MESSAGE][PASSED] - Text 'Irving' is present on page 

2020-10-20 13:50:53 - [TEST_STEP][PASSED] - closeBrowser(): Browser is closed

2020-10-20 13:50:55 - [MESSAGE][PASSED] - Browser is closed]]></system-out>
         <system-err><![CDATA[]]></system-err>
      </testcase>
      <testcase name="Test Cases/Login/La Parrilla" time="34.214" classname="Test Cases/Login/La Parrilla" status="PASSED">
         <system-out><![CDATA[2020-10-20 13:50:55 - [TEST_CASE][PASSED] - Test Cases/Login/La Parrilla: Test Cases/Login/La Parrilla

2020-10-20 13:50:55 - [TEST_STEP][PASSED] - openBrowser(url): Browser is opened with url: 'https://mb-testing.firstmajestic.com'

2020-10-20 13:50:55 - [MESSAGE][INFO] - Starting 'Firefox' driver

2020-10-20 13:51:05 - [MESSAGE][PASSED] - Browser is opened with url: 'https://mb-testing.firstmajestic.com'

2020-10-20 13:51:05 - [TEST_STEP][PASSED] - maximizeWindow(): Current window maximized

2020-10-20 13:51:06 - [MESSAGE][PASSED] - Current window maximized

2020-10-20 13:51:06 - [TEST_STEP][PASSED] - click(findTestObject("Object Repository/La parrilla login/select_Seleccionar UnidadLa ParrillaLa Enca_3f6097")): Object: 'Object Repository/La parrilla login/select_Seleccionar UnidadLa ParrillaLa Enca_3f6097' is clicked on

2020-10-20 13:51:06 - [MESSAGE][PASSED] - Object: 'Object Repository/La parrilla login/select_Seleccionar UnidadLa ParrillaLa Enca_3f6097' is clicked on

2020-10-20 13:51:06 - [TEST_STEP][PASSED] - selectOptionByLabel(findTestObject("Object Repository/La parrilla login/select_Seleccionar UnidadLa ParrillaLa Enca_3f6097"), "La Parrilla", false): All options with label 'La Parrilla' are selected in object 'Object Repository/La parrilla login/select_Seleccionar UnidadLa ParrillaLa Enca_3f6097' 

2020-10-20 13:51:07 - [MESSAGE][PASSED] - All options with label 'La Parrilla' are selected in object 'Object Repository/La parrilla login/select_Seleccionar UnidadLa ParrillaLa Enca_3f6097' 

2020-10-20 13:51:07 - [TEST_STEP][PASSED] - click(findTestObject("Object Repository/La parrilla login/button_Iniciar Sesin")): Object: 'Object Repository/La parrilla login/button_Iniciar Sesin' is clicked on

2020-10-20 13:51:07 - [MESSAGE][PASSED] - Object: 'Object Repository/La parrilla login/button_Iniciar Sesin' is clicked on

2020-10-20 13:51:07 - [TEST_STEP][PASSED] - click(findTestObject("La parrilla login/input_Sign in with your corporate ID_btn bt_b79ff6")): Object: 'Object Repository/La parrilla login/input_Sign in with your corporate ID_btn bt_b79ff6' is clicked on

2020-10-20 13:51:10 - [MESSAGE][PASSED] - Object: 'Object Repository/La parrilla login/input_Sign in with your corporate ID_btn bt_b79ff6' is clicked on

2020-10-20 13:51:10 - [TEST_STEP][PASSED] - setText(findTestObject("La parrilla login/input_Sign in_loginfmt"), "iperez@firstmajestic.com"): Text 'iperez@firstmajestic.com' is set on object 'Object Repository/La parrilla login/input_Sign in_loginfmt'

2020-10-20 13:51:12 - [MESSAGE][PASSED] - Text 'iperez@firstmajestic.com' is set on object 'Object Repository/La parrilla login/input_Sign in_loginfmt'

2020-10-20 13:51:12 - [TEST_STEP][PASSED] - click(findTestObject("La parrilla login/input_Sign in_idSIButton9")): Object: 'Object Repository/La parrilla login/input_Sign in_idSIButton9' is clicked on

2020-10-20 13:51:13 - [MESSAGE][PASSED] - Object: 'Object Repository/La parrilla login/input_Sign in_idSIButton9' is clicked on

2020-10-20 13:51:13 - [TEST_STEP][PASSED] - setEncryptedText(findTestObject("La parrilla login/input_Enter password_passwd"), "ykGCkDCd7AS2UCfUpOmvYw=="): Text ****** has been set on object 'Object Repository/La parrilla login/input_Enter password_passwd'

2020-10-20 13:51:14 - [MESSAGE][PASSED] - Text ****** has been set on object 'Object Repository/La parrilla login/input_Enter password_passwd'

2020-10-20 13:51:14 - [TEST_STEP][PASSED] - click(findTestObject("La parrilla login/input_Sign in_idSIButton9")): Object: 'Object Repository/La parrilla login/input_Sign in_idSIButton9' is clicked on

2020-10-20 13:51:15 - [MESSAGE][PASSED] - Object: 'Object Repository/La parrilla login/input_Sign in_idSIButton9' is clicked on

2020-10-20 13:51:15 - [TEST_STEP][PASSED] - click(findTestObject("La parrilla login/input_Sign in_idSIButton9")): Object: 'Object Repository/La parrilla login/input_Sign in_idSIButton9' is clicked on

2020-10-20 13:51:19 - [MESSAGE][PASSED] - Object: 'Object Repository/La parrilla login/input_Sign in_idSIButton9' is clicked on

2020-10-20 13:51:19 - [TEST_STEP][PASSED] - delay(8): Delayed 8 second(s)

2020-10-20 13:51:27 - [MESSAGE][PASSED] - Delayed 8 second(s)

2020-10-20 13:51:27 - [TEST_STEP][PASSED] - verifyTextPresent("Irving", false): Text 'Irving' is present on page 

2020-10-20 13:51:28 - [MESSAGE][PASSED] - Text 'Irving' is present on page 

2020-10-20 13:51:28 - [TEST_STEP][PASSED] - closeBrowser(): Browser is closed

2020-10-20 13:51:29 - [MESSAGE][PASSED] - Browser is closed]]></system-out>
         <system-err><![CDATA[]]></system-err>
      </testcase>
      <testcase name="Test Cases/Login/San Dimas" time="53.378" classname="Test Cases/Login/San Dimas" status="PASSED">
         <system-out><![CDATA[2020-10-20 13:51:29 - [TEST_CASE][PASSED] - Test Cases/Login/San Dimas: Test Cases/Login/San Dimas

2020-10-20 13:51:29 - [TEST_STEP][PASSED] - openBrowser(url): Browser is opened with url: 'https://mb-testing.firstmajestic.com'

2020-10-20 13:51:29 - [MESSAGE][INFO] - Starting 'Firefox' driver

2020-10-20 13:51:39 - [MESSAGE][PASSED] - Browser is opened with url: 'https://mb-testing.firstmajestic.com'

2020-10-20 13:51:39 - [TEST_STEP][PASSED] - maximizeWindow(): Current window maximized

2020-10-20 13:51:39 - [MESSAGE][PASSED] - Current window maximized

2020-10-20 13:51:39 - [TEST_STEP][PASSED] - click(findTestObject("Object Repository/La parrilla login/select_Seleccionar UnidadLa ParrillaLa Enca_3f6097")): Object: 'Object Repository/La parrilla login/select_Seleccionar UnidadLa ParrillaLa Enca_3f6097' is clicked on

2020-10-20 13:51:40 - [MESSAGE][PASSED] - Object: 'Object Repository/La parrilla login/select_Seleccionar UnidadLa ParrillaLa Enca_3f6097' is clicked on

2020-10-20 13:51:40 - [TEST_STEP][PASSED] - selectOptionByLabel(findTestObject("Object Repository/La parrilla login/select_Seleccionar UnidadLa ParrillaLa Enca_3f6097"), "San Dimas", false): All options with label 'San Dimas' are selected in object 'Object Repository/La parrilla login/select_Seleccionar UnidadLa ParrillaLa Enca_3f6097' 

2020-10-20 13:51:40 - [MESSAGE][PASSED] - All options with label 'San Dimas' are selected in object 'Object Repository/La parrilla login/select_Seleccionar UnidadLa ParrillaLa Enca_3f6097' 

2020-10-20 13:51:40 - [TEST_STEP][PASSED] - click(findTestObject("Object Repository/La parrilla login/button_Iniciar Sesin")): Object: 'Object Repository/La parrilla login/button_Iniciar Sesin' is clicked on

2020-10-20 13:51:41 - [MESSAGE][PASSED] - Object: 'Object Repository/La parrilla login/button_Iniciar Sesin' is clicked on

2020-10-20 13:51:41 - [TEST_STEP][PASSED] - click(findTestObject("La parrilla login/input_Sign in with your corporate ID_btn bt_b79ff6")): Object: 'Object Repository/La parrilla login/input_Sign in with your corporate ID_btn bt_b79ff6' is clicked on

2020-10-20 13:52:04 - [MESSAGE][PASSED] - Object: 'Object Repository/La parrilla login/input_Sign in with your corporate ID_btn bt_b79ff6' is clicked on

2020-10-20 13:52:04 - [TEST_STEP][PASSED] - setText(findTestObject("La parrilla login/input_Sign in_loginfmt"), "iperez@firstmajestic.com"): Text 'iperez@firstmajestic.com' is set on object 'Object Repository/La parrilla login/input_Sign in_loginfmt'

2020-10-20 13:52:05 - [MESSAGE][PASSED] - Text 'iperez@firstmajestic.com' is set on object 'Object Repository/La parrilla login/input_Sign in_loginfmt'

2020-10-20 13:52:05 - [TEST_STEP][PASSED] - click(findTestObject("La parrilla login/input_Sign in_idSIButton9")): Object: 'Object Repository/La parrilla login/input_Sign in_idSIButton9' is clicked on

2020-10-20 13:52:06 - [MESSAGE][PASSED] - Object: 'Object Repository/La parrilla login/input_Sign in_idSIButton9' is clicked on

2020-10-20 13:52:06 - [TEST_STEP][PASSED] - setEncryptedText(findTestObject("La parrilla login/input_Enter password_passwd"), "ykGCkDCd7AS2UCfUpOmvYw=="): Text ****** has been set on object 'Object Repository/La parrilla login/input_Enter password_passwd'

2020-10-20 13:52:07 - [MESSAGE][PASSED] - Text ****** has been set on object 'Object Repository/La parrilla login/input_Enter password_passwd'

2020-10-20 13:52:07 - [TEST_STEP][PASSED] - click(findTestObject("La parrilla login/input_Sign in_idSIButton9")): Object: 'Object Repository/La parrilla login/input_Sign in_idSIButton9' is clicked on

2020-10-20 13:52:09 - [MESSAGE][PASSED] - Object: 'Object Repository/La parrilla login/input_Sign in_idSIButton9' is clicked on

2020-10-20 13:52:09 - [TEST_STEP][PASSED] - click(findTestObject("La parrilla login/input_Sign in_idSIButton9")): Object: 'Object Repository/La parrilla login/input_Sign in_idSIButton9' is clicked on

2020-10-20 13:52:13 - [MESSAGE][PASSED] - Object: 'Object Repository/La parrilla login/input_Sign in_idSIButton9' is clicked on

2020-10-20 13:52:13 - [TEST_STEP][PASSED] - delay(8): Delayed 8 second(s)

2020-10-20 13:52:21 - [MESSAGE][PASSED] - Delayed 8 second(s)

2020-10-20 13:52:21 - [TEST_STEP][PASSED] - verifyTextPresent("Irving", false): Text 'Irving' is present on page 

2020-10-20 13:52:21 - [MESSAGE][PASSED] - Text 'Irving' is present on page 

2020-10-20 13:52:21 - [TEST_STEP][PASSED] - closeBrowser(): Browser is closed

2020-10-20 13:52:22 - [MESSAGE][PASSED] - Browser is closed]]></system-out>
         <system-err><![CDATA[]]></system-err>
      </testcase>
      <testcase name="Test Cases/Login/San Martin" time="34.442" classname="Test Cases/Login/San Martin" status="PASSED">
         <system-out><![CDATA[2020-10-20 13:52:22 - [TEST_CASE][PASSED] - Test Cases/Login/San Martin: Test Cases/Login/San Martin

2020-10-20 13:52:23 - [TEST_STEP][PASSED] - openBrowser(url): Browser is opened with url: 'https://mb-testing.firstmajestic.com'

2020-10-20 13:52:23 - [MESSAGE][INFO] - Starting 'Firefox' driver

2020-10-20 13:52:33 - [MESSAGE][PASSED] - Browser is opened with url: 'https://mb-testing.firstmajestic.com'

2020-10-20 13:52:33 - [TEST_STEP][PASSED] - maximizeWindow(): Current window maximized

2020-10-20 13:52:33 - [MESSAGE][PASSED] - Current window maximized

2020-10-20 13:52:33 - [TEST_STEP][PASSED] - click(findTestObject("Object Repository/La parrilla login/select_Seleccionar UnidadLa ParrillaLa Enca_3f6097")): Object: 'Object Repository/La parrilla login/select_Seleccionar UnidadLa ParrillaLa Enca_3f6097' is clicked on

2020-10-20 13:52:34 - [MESSAGE][PASSED] - Object: 'Object Repository/La parrilla login/select_Seleccionar UnidadLa ParrillaLa Enca_3f6097' is clicked on

2020-10-20 13:52:34 - [TEST_STEP][PASSED] - selectOptionByLabel(findTestObject("Object Repository/La parrilla login/select_Seleccionar UnidadLa ParrillaLa Enca_3f6097"), "San Martin", false): All options with label 'San Martin' are selected in object 'Object Repository/La parrilla login/select_Seleccionar UnidadLa ParrillaLa Enca_3f6097' 

2020-10-20 13:52:35 - [MESSAGE][PASSED] - All options with label 'San Martin' are selected in object 'Object Repository/La parrilla login/select_Seleccionar UnidadLa ParrillaLa Enca_3f6097' 

2020-10-20 13:52:35 - [TEST_STEP][PASSED] - click(findTestObject("Object Repository/La parrilla login/button_Iniciar Sesin")): Object: 'Object Repository/La parrilla login/button_Iniciar Sesin' is clicked on

2020-10-20 13:52:35 - [MESSAGE][PASSED] - Object: 'Object Repository/La parrilla login/button_Iniciar Sesin' is clicked on

2020-10-20 13:52:35 - [TEST_STEP][PASSED] - click(findTestObject("La parrilla login/input_Sign in with your corporate ID_btn bt_b79ff6")): Object: 'Object Repository/La parrilla login/input_Sign in with your corporate ID_btn bt_b79ff6' is clicked on

2020-10-20 13:52:38 - [MESSAGE][PASSED] - Object: 'Object Repository/La parrilla login/input_Sign in with your corporate ID_btn bt_b79ff6' is clicked on

2020-10-20 13:52:38 - [TEST_STEP][PASSED] - setText(findTestObject("La parrilla login/input_Sign in_loginfmt"), "iperez@firstmajestic.com"): Text 'iperez@firstmajestic.com' is set on object 'Object Repository/La parrilla login/input_Sign in_loginfmt'

2020-10-20 13:52:40 - [MESSAGE][PASSED] - Text 'iperez@firstmajestic.com' is set on object 'Object Repository/La parrilla login/input_Sign in_loginfmt'

2020-10-20 13:52:40 - [TEST_STEP][PASSED] - click(findTestObject("La parrilla login/input_Sign in_idSIButton9")): Object: 'Object Repository/La parrilla login/input_Sign in_idSIButton9' is clicked on

2020-10-20 13:52:40 - [MESSAGE][PASSED] - Object: 'Object Repository/La parrilla login/input_Sign in_idSIButton9' is clicked on

2020-10-20 13:52:40 - [TEST_STEP][PASSED] - setEncryptedText(findTestObject("La parrilla login/input_Enter password_passwd"), "ykGCkDCd7AS2UCfUpOmvYw=="): Text ****** has been set on object 'Object Repository/La parrilla login/input_Enter password_passwd'

2020-10-20 13:52:42 - [MESSAGE][PASSED] - Text ****** has been set on object 'Object Repository/La parrilla login/input_Enter password_passwd'

2020-10-20 13:52:42 - [TEST_STEP][PASSED] - click(findTestObject("La parrilla login/input_Sign in_idSIButton9")): Object: 'Object Repository/La parrilla login/input_Sign in_idSIButton9' is clicked on

2020-10-20 13:52:43 - [MESSAGE][PASSED] - Object: 'Object Repository/La parrilla login/input_Sign in_idSIButton9' is clicked on

2020-10-20 13:52:43 - [TEST_STEP][PASSED] - click(findTestObject("La parrilla login/input_Sign in_idSIButton9")): Object: 'Object Repository/La parrilla login/input_Sign in_idSIButton9' is clicked on

2020-10-20 13:52:47 - [MESSAGE][PASSED] - Object: 'Object Repository/La parrilla login/input_Sign in_idSIButton9' is clicked on

2020-10-20 13:52:47 - [TEST_STEP][PASSED] - delay(8): Delayed 8 second(s)

2020-10-20 13:52:55 - [MESSAGE][PASSED] - Delayed 8 second(s)

2020-10-20 13:52:55 - [TEST_STEP][PASSED] - verifyTextPresent("Irving", false): Text 'Irving' is present on page 

2020-10-20 13:52:56 - [MESSAGE][PASSED] - Text 'Irving' is present on page 

2020-10-20 13:52:56 - [TEST_STEP][PASSED] - closeBrowser(): Browser is closed

2020-10-20 13:52:57 - [MESSAGE][PASSED] - Browser is closed]]></system-out>
         <system-err><![CDATA[]]></system-err>
      </testcase>
      <testcase name="Test Cases/Login/Santa Elena" time="45.705" classname="Test Cases/Login/Santa Elena" status="PASSED">
         <system-out><![CDATA[2020-10-20 13:52:57 - [TEST_CASE][PASSED] - Test Cases/Login/Santa Elena: Test Cases/Login/Santa Elena

2020-10-20 13:52:57 - [TEST_STEP][PASSED] - openBrowser(url): Browser is opened with url: 'https://mb-testing.firstmajestic.com'

2020-10-20 13:52:57 - [MESSAGE][INFO] - Starting 'Firefox' driver

2020-10-20 13:53:07 - [MESSAGE][PASSED] - Browser is opened with url: 'https://mb-testing.firstmajestic.com'

2020-10-20 13:53:07 - [TEST_STEP][PASSED] - maximizeWindow(): Current window maximized

2020-10-20 13:53:07 - [MESSAGE][PASSED] - Current window maximized

2020-10-20 13:53:07 - [TEST_STEP][PASSED] - click(findTestObject("Object Repository/La parrilla login/select_Seleccionar UnidadLa ParrillaLa Enca_3f6097")): Object: 'Object Repository/La parrilla login/select_Seleccionar UnidadLa ParrillaLa Enca_3f6097' is clicked on

2020-10-20 13:53:07 - [MESSAGE][PASSED] - Object: 'Object Repository/La parrilla login/select_Seleccionar UnidadLa ParrillaLa Enca_3f6097' is clicked on

2020-10-20 13:53:07 - [TEST_STEP][PASSED] - selectOptionByLabel(findTestObject("Object Repository/La parrilla login/select_Seleccionar UnidadLa ParrillaLa Enca_3f6097"), "Santa Elena", false): All options with label 'Santa Elena' are selected in object 'Object Repository/La parrilla login/select_Seleccionar UnidadLa ParrillaLa Enca_3f6097' 

2020-10-20 13:53:08 - [MESSAGE][PASSED] - All options with label 'Santa Elena' are selected in object 'Object Repository/La parrilla login/select_Seleccionar UnidadLa ParrillaLa Enca_3f6097' 

2020-10-20 13:53:08 - [TEST_STEP][PASSED] - click(findTestObject("Object Repository/La parrilla login/button_Iniciar Sesin")): Object: 'Object Repository/La parrilla login/button_Iniciar Sesin' is clicked on

2020-10-20 13:53:09 - [MESSAGE][PASSED] - Object: 'Object Repository/La parrilla login/button_Iniciar Sesin' is clicked on

2020-10-20 13:53:09 - [TEST_STEP][PASSED] - click(findTestObject("La parrilla login/input_Sign in with your corporate ID_btn bt_b79ff6")): Object: 'Object Repository/La parrilla login/input_Sign in with your corporate ID_btn bt_b79ff6' is clicked on

2020-10-20 13:53:24 - [MESSAGE][PASSED] - Object: 'Object Repository/La parrilla login/input_Sign in with your corporate ID_btn bt_b79ff6' is clicked on

2020-10-20 13:53:24 - [TEST_STEP][PASSED] - setText(findTestObject("La parrilla login/input_Sign in_loginfmt"), "iperez@firstmajestic.com"): Text 'iperez@firstmajestic.com' is set on object 'Object Repository/La parrilla login/input_Sign in_loginfmt'

2020-10-20 13:53:25 - [MESSAGE][PASSED] - Text 'iperez@firstmajestic.com' is set on object 'Object Repository/La parrilla login/input_Sign in_loginfmt'

2020-10-20 13:53:25 - [TEST_STEP][PASSED] - click(findTestObject("La parrilla login/input_Sign in_idSIButton9")): Object: 'Object Repository/La parrilla login/input_Sign in_idSIButton9' is clicked on

2020-10-20 13:53:26 - [MESSAGE][PASSED] - Object: 'Object Repository/La parrilla login/input_Sign in_idSIButton9' is clicked on

2020-10-20 13:53:26 - [TEST_STEP][PASSED] - setEncryptedText(findTestObject("La parrilla login/input_Enter password_passwd"), "ykGCkDCd7AS2UCfUpOmvYw=="): Text ****** has been set on object 'Object Repository/La parrilla login/input_Enter password_passwd'

2020-10-20 13:53:27 - [MESSAGE][PASSED] - Text ****** has been set on object 'Object Repository/La parrilla login/input_Enter password_passwd'

2020-10-20 13:53:27 - [TEST_STEP][PASSED] - click(findTestObject("La parrilla login/input_Sign in_idSIButton9")): Object: 'Object Repository/La parrilla login/input_Sign in_idSIButton9' is clicked on

2020-10-20 13:53:29 - [MESSAGE][PASSED] - Object: 'Object Repository/La parrilla login/input_Sign in_idSIButton9' is clicked on

2020-10-20 13:53:29 - [TEST_STEP][PASSED] - click(findTestObject("La parrilla login/input_Sign in_idSIButton9")): Object: 'Object Repository/La parrilla login/input_Sign in_idSIButton9' is clicked on

2020-10-20 13:53:33 - [MESSAGE][PASSED] - Object: 'Object Repository/La parrilla login/input_Sign in_idSIButton9' is clicked on

2020-10-20 13:53:33 - [TEST_STEP][PASSED] - delay(8): Delayed 8 second(s)

2020-10-20 13:53:41 - [MESSAGE][PASSED] - Delayed 8 second(s)

2020-10-20 13:53:41 - [TEST_STEP][PASSED] - verifyTextPresent("Irving", false): Text 'Irving' is present on page 

2020-10-20 13:53:41 - [MESSAGE][PASSED] - Text 'Irving' is present on page 

2020-10-20 13:53:41 - [TEST_STEP][PASSED] - closeBrowser(): Browser is closed

2020-10-20 13:53:43 - [MESSAGE][PASSED] - Browser is closed]]></system-out>
         <system-err><![CDATA[]]></system-err>
      </testcase>
      <system-out><![CDATA[2020-10-20 13:47:35 - [TEST_SUITE][PASSED] - Logueo: Test Cases/Login/Santa Elena]]></system-out>
      <system-err><![CDATA[]]></system-err>
   </testsuite>
</testsuites>
