<?xml version="1.0" encoding="UTF-8"?>
<testsuites name="Transportista" time="574.03" tests="15" failures="0" errors="0">
   <testsuite name="Transportista" tests="15" failures="0" errors="0" time="574.03" timestamp="2020-12-09 17:46:06" hostname="iperez - EC2AMAZ-DJL71OR.firstmajestic.local" id="Test Suites/Catalogos/Transportistas/Transportista">
      <properties>
         <property name="deviceName" value=""/>
         <property name="devicePlatform" value=""/>
         <property name="logFolder" value="D:\\Users\\iperez\\git\\BM\\Reports\\20201209_174601\\Catalogos\\Transportistas\\Transportista\\20201209_174601"/>
         <property name="logFiles" value="D:\\Users\\iperez\\git\\BM\\Reports\\20201209_174601\\Catalogos\\Transportistas\\Transportista\\20201209_174601\\execution0.log"/>
         <property name="attachments" value=""/>
         <property name="hostName" value="iperez - EC2AMAZ-DJL71OR.firstmajestic.local"/>
         <property name="os" value="Windows Server 2016 64bit"/>
         <property name="katalonVersion" value="7.0.4.1"/>
         <property name="browser" value="Chrome 87.0.4280.88"/>
         <property name="hostAddress" value="10.41.50.193"/>
         <property name="sessionId" value="18f552496afb7f3bbb44507b637e81bf"/>
         <property name="seleniumVersion" value="3.141.59"/>
         <property name="proxyInformation" value="ProxyInformation{proxyOption=NO_PROXY, proxyServerType=HTTP, password=, proxyServerAddress=, proxyServerPort=0}"/>
         <property name="platform" value="Windows Server 2016"/>
      </properties>
      <testcase name="Test Cases/Catalogos/Transportistas/Transportistas/Captura/Create_transpor" time="39.494" classname="Test Cases/Catalogos/Transportistas/Transportistas/Captura/Create_transpor" status="PASSED">
         <system-out><![CDATA[2020-12-09 17:46:06 - [TEST_CASE][PASSED] - Test Cases/Catalogos/Transportistas/Transportistas/Captura/Create_transpor: Test Cases/Catalogos/Transportistas/Transportistas/Captura/Create_transpor

2020-12-09 17:46:07 - [TEST_STEP][PASSED] - callTestCase(findTestCase("Login/Log-in"), ["unidad":"San Dimas"], CONTINUE_ON_FAILURE): Call Test Case 'Test Cases/Login/Log-in' successfully

2020-12-09 17:46:07 - [TEST_CASE][PASSED] - Test Cases/Login/Log-in: Test Cases/Login/Log-in

2020-12-09 17:46:07 - [TEST_STEP][PASSED] - openBrowser(url): Browser is opened with url: 'https://mb-dev.firstmajestic.com/'

2020-12-09 17:46:08 - [MESSAGE][INFO] - Starting 'Chrome' driver

2020-12-09 17:46:08 - [MESSAGE][INFO] - Action delay is set to 0 seconds

2020-12-09 17:46:15 - [MESSAGE][PASSED] - Browser is opened with url: 'https://mb-dev.firstmajestic.com/'

2020-12-09 17:46:15 - [TEST_STEP][PASSED] - maximizeWindow(): Current window maximized

2020-12-09 17:46:16 - [MESSAGE][PASSED] - Current window maximized

2020-12-09 17:46:16 - [TEST_STEP][PASSED] - click(findTestObject("Login/La parrilla login/select_Seleccionar UnidadLa ParrillaLa Enca_3f6097")): Object: 'Object Repository/Login/La parrilla login/select_Seleccionar UnidadLa ParrillaLa Enca_3f6097' is clicked on

2020-12-09 17:46:18 - [MESSAGE][PASSED] - Object: 'Object Repository/Login/La parrilla login/select_Seleccionar UnidadLa ParrillaLa Enca_3f6097' is clicked on

2020-12-09 17:46:18 - [TEST_STEP][PASSED] - selectOptionByLabel(findTestObject("Login/La parrilla login/select_Seleccionar UnidadLa ParrillaLa Enca_3f6097"), unidad, false): All options with label 'San Dimas' are selected in object 'Object Repository/Login/La parrilla login/select_Seleccionar UnidadLa ParrillaLa Enca_3f6097' 

2020-12-09 17:46:19 - [MESSAGE][PASSED] - All options with label 'San Dimas' are selected in object 'Object Repository/Login/La parrilla login/select_Seleccionar UnidadLa ParrillaLa Enca_3f6097' 

2020-12-09 17:46:19 - [TEST_STEP][PASSED] - click(findTestObject("Login/La parrilla login/button_Iniciar Sesin")): Object: 'Object Repository/Login/La parrilla login/button_Iniciar Sesin' is clicked on

2020-12-09 17:46:19 - [MESSAGE][PASSED] - Object: 'Object Repository/Login/La parrilla login/button_Iniciar Sesin' is clicked on

2020-12-09 17:46:19 - [TEST_STEP][PASSED] - click(findTestObject("Login/La parrilla login/input_Sign in with your corporate ID_btn bt_b79ff6")): Object: 'Object Repository/Login/La parrilla login/input_Sign in with your corporate ID_btn bt_b79ff6' is clicked on

2020-12-09 17:46:22 - [MESSAGE][PASSED] - Object: 'Object Repository/Login/La parrilla login/input_Sign in with your corporate ID_btn bt_b79ff6' is clicked on

2020-12-09 17:46:22 - [TEST_STEP][PASSED] - setText(findTestObject("Login/La parrilla login/input_Sign in_loginfmt"), "iperez@firstmajestic.com"): Text 'iperez@firstmajestic.com' is set on object 'Object Repository/Login/La parrilla login/input_Sign in_loginfmt'

2020-12-09 17:46:24 - [MESSAGE][PASSED] - Text 'iperez@firstmajestic.com' is set on object 'Object Repository/Login/La parrilla login/input_Sign in_loginfmt'

2020-12-09 17:46:24 - [TEST_STEP][PASSED] - click(findTestObject("Login/La parrilla login/input_Sign in_idSIButton9")): Object: 'Object Repository/Login/La parrilla login/input_Sign in_idSIButton9' is clicked on

2020-12-09 17:46:24 - [MESSAGE][PASSED] - Object: 'Object Repository/Login/La parrilla login/input_Sign in_idSIButton9' is clicked on

2020-12-09 17:46:24 - [TEST_STEP][PASSED] - setEncryptedText(findTestObject("Login/La parrilla login/input_Enter password_passwd"), "ykGCkDCd7AS2UCfUpOmvYw=="): Text ****** has been set on object 'Object Repository/Login/La parrilla login/input_Enter password_passwd'

2020-12-09 17:46:26 - [MESSAGE][PASSED] - Text ****** has been set on object 'Object Repository/Login/La parrilla login/input_Enter password_passwd'

2020-12-09 17:46:26 - [TEST_STEP][PASSED] - click(findTestObject("Login/La parrilla login/input_Sign in_idSIButton9")): Object: 'Object Repository/Login/La parrilla login/input_Sign in_idSIButton9' is clicked on

2020-12-09 17:46:27 - [MESSAGE][PASSED] - Object: 'Object Repository/Login/La parrilla login/input_Sign in_idSIButton9' is clicked on

2020-12-09 17:46:27 - [TEST_STEP][PASSED] - click(findTestObject("Login/La parrilla login/input_Sign in_idSIButton9")): Object: 'Object Repository/Login/La parrilla login/input_Sign in_idSIButton9' is clicked on

2020-12-09 17:46:31 - [MESSAGE][PASSED] - Object: 'Object Repository/Login/La parrilla login/input_Sign in_idSIButton9' is clicked on

2020-12-09 17:46:31 - [TEST_STEP][PASSED] - verifyElementText(findTestObject("Login/La parrilla login/div_Bienvenido a Balance Metalrgico Irving"), "Bienvenido a Balance MetalÃºrgico: Irving"): Actual text and expected text of test object 'Object Repository/Login/La parrilla login/div_Bienvenido a Balance Metalrgico Irving' are matched.

2020-12-09 17:46:35 - [MESSAGE][PASSED] - Actual text and expected text of test object 'Object Repository/Login/La parrilla login/div_Bienvenido a Balance Metalrgico Irving' are matched.

2020-12-09 17:46:35 - [MESSAGE][PASSED] - Call Test Case 'Test Cases/Login/Log-in' successfully

2020-12-09 17:46:35 - [TEST_STEP][PASSED] - click(findTestObject("Catalogos/button_Catlogos"), CONTINUE_ON_FAILURE): Object: 'Object Repository/Catalogos/button_Catlogos' is clicked on

2020-12-09 17:46:35 - [MESSAGE][PASSED] - Object: 'Object Repository/Catalogos/button_Catlogos' is clicked on

2020-12-09 17:46:35 - [TEST_STEP][PASSED] - click(findTestObject("Catalogos/Transportistas/Transportistas/Transpor"), CONTINUE_ON_FAILURE): Object: 'Object Repository/Catalogos/Transportistas/Transportistas/Transpor' is clicked on

2020-12-09 17:46:36 - [MESSAGE][PASSED] - Object: 'Object Repository/Catalogos/Transportistas/Transportistas/Transpor' is clicked on

2020-12-09 17:46:36 - [TEST_STEP][PASSED] - click(findTestObject("Catalogos/Transportistas/Transportistas/Transpor_2"), CONTINUE_ON_FAILURE): Object: 'Object Repository/Catalogos/Transportistas/Transportistas/Transpor_2' is clicked on

2020-12-09 17:46:36 - [MESSAGE][PASSED] - Object: 'Object Repository/Catalogos/Transportistas/Transportistas/Transpor_2' is clicked on

2020-12-09 17:46:36 - [TEST_STEP][PASSED] - click(findTestObject("Catalogos/Transportistas/Transportistas/Btn_capturaT"), CONTINUE_ON_FAILURE): Object: 'Object Repository/Catalogos/Transportistas/Transportistas/Btn_capturaT' is clicked on

2020-12-09 17:46:37 - [MESSAGE][PASSED] - Object: 'Object Repository/Catalogos/Transportistas/Transportistas/Btn_capturaT' is clicked on

2020-12-09 17:46:37 - [TEST_STEP][PASSED] - setText(findTestObject("Catalogos/Transportistas/Transportistas/razon_social"), razon_s, CONTINUE_ON_FAILURE): Text 'SEPSA' is set on object 'Object Repository/Catalogos/Transportistas/Transportistas/razon_social'

2020-12-09 17:46:38 - [MESSAGE][PASSED] - Text 'SEPSA' is set on object 'Object Repository/Catalogos/Transportistas/Transportistas/razon_social'

2020-12-09 17:46:38 - [TEST_STEP][PASSED] - setText(findTestObject("Catalogos/Transportistas/Transportistas/contrato"), contrato, CONTINUE_ON_FAILURE): Text 'FMS-SEPSA-25' is set on object 'Object Repository/Catalogos/Transportistas/Transportistas/contrato'

2020-12-09 17:46:38 - [MESSAGE][PASSED] - Text 'FMS-SEPSA-25' is set on object 'Object Repository/Catalogos/Transportistas/Transportistas/contrato'

2020-12-09 17:46:38 - [TEST_STEP][PASSED] - click(findTestObject("Catalogos/Transportistas/Transportistas/Date/fecha"), CONTINUE_ON_FAILURE): Object: 'Object Repository/Catalogos/Transportistas/Transportistas/Date/fecha' is clicked on

2020-12-09 17:46:39 - [MESSAGE][PASSED] - Object: 'Object Repository/Catalogos/Transportistas/Transportistas/Date/fecha' is clicked on

2020-12-09 17:46:39 - [TEST_STEP][PASSED] - click(findTestObject("Catalogos/Transportistas/Transportistas/Date/year"), CONTINUE_ON_FAILURE): Object: 'Object Repository/Catalogos/Transportistas/Transportistas/Date/year' is clicked on

2020-12-09 17:46:40 - [MESSAGE][PASSED] - Object: 'Object Repository/Catalogos/Transportistas/Transportistas/Date/year' is clicked on

2020-12-09 17:46:40 - [TEST_STEP][PASSED] - click(findTestObject("Catalogos/Transportistas/Transportistas/Date/Year2025"), CONTINUE_ON_FAILURE): Object: 'Object Repository/Catalogos/Transportistas/Transportistas/Date/Year2025' is clicked on

2020-12-09 17:46:40 - [MESSAGE][PASSED] - Object: 'Object Repository/Catalogos/Transportistas/Transportistas/Date/Year2025' is clicked on

2020-12-09 17:46:40 - [TEST_STEP][PASSED] - click(findTestObject("Catalogos/Transportistas/Transportistas/Date/month"), CONTINUE_ON_FAILURE): Object: 'Object Repository/Catalogos/Transportistas/Transportistas/Date/month' is clicked on

2020-12-09 17:46:41 - [MESSAGE][PASSED] - Object: 'Object Repository/Catalogos/Transportistas/Transportistas/Date/month' is clicked on

2020-12-09 17:46:41 - [TEST_STEP][PASSED] - click(findTestObject("Catalogos/Transportistas/Transportistas/Date/december"), CONTINUE_ON_FAILURE): Object: 'Object Repository/Catalogos/Transportistas/Transportistas/Date/december' is clicked on

2020-12-09 17:46:42 - [MESSAGE][PASSED] - Object: 'Object Repository/Catalogos/Transportistas/Transportistas/Date/december' is clicked on

2020-12-09 17:46:42 - [TEST_STEP][PASSED] - click(findTestObject("Catalogos/Transportistas/Transportistas/Date/31December"), CONTINUE_ON_FAILURE): Object: 'Object Repository/Catalogos/Transportistas/Transportistas/Date/31December' is clicked on

2020-12-09 17:46:42 - [MESSAGE][PASSED] - Object: 'Object Repository/Catalogos/Transportistas/Transportistas/Date/31December' is clicked on

2020-12-09 17:46:42 - [TEST_STEP][PASSED] - delay(2): Delayed 2 second(s)

2020-12-09 17:46:44 - [MESSAGE][PASSED] - Delayed 2 second(s)

2020-12-09 17:46:44 - [TEST_STEP][PASSED] - click(findTestObject("Catalogos/Transportistas/Transportistas/Aceptar"), CONTINUE_ON_FAILURE): Object: 'Object Repository/Catalogos/Transportistas/Transportistas/Aceptar' is clicked on

2020-12-09 17:46:45 - [MESSAGE][PASSED] - Object: 'Object Repository/Catalogos/Transportistas/Transportistas/Aceptar' is clicked on

2020-12-09 17:46:45 - [TEST_STEP][PASSED] - closeBrowser(CONTINUE_ON_FAILURE): Browser is closed

2020-12-09 17:46:46 - [MESSAGE][PASSED] - Browser is closed]]></system-out>
         <system-err><![CDATA[]]></system-err>
      </testcase>
      <testcase name="Test Cases/Catalogos/Transportistas/Transportistas/Captura/Create_transpor" time="37.382" classname="Test Cases/Catalogos/Transportistas/Transportistas/Captura/Create_transpor" status="PASSED">
         <system-out><![CDATA[2020-12-09 17:46:46 - [TEST_CASE][PASSED] - Test Cases/Catalogos/Transportistas/Transportistas/Captura/Create_transpor: Test Cases/Catalogos/Transportistas/Transportistas/Captura/Create_transpor

2020-12-09 17:46:46 - [TEST_STEP][PASSED] - callTestCase(findTestCase("Login/Log-in"), ["unidad":"San Dimas"], CONTINUE_ON_FAILURE): Call Test Case 'Test Cases/Login/Log-in' successfully

2020-12-09 17:46:46 - [TEST_CASE][PASSED] - Test Cases/Login/Log-in: Test Cases/Login/Log-in

2020-12-09 17:46:46 - [TEST_STEP][PASSED] - openBrowser(url): Browser is opened with url: 'https://mb-dev.firstmajestic.com/'

2020-12-09 17:46:46 - [MESSAGE][INFO] - Starting 'Chrome' driver

2020-12-09 17:46:52 - [MESSAGE][PASSED] - Browser is opened with url: 'https://mb-dev.firstmajestic.com/'

2020-12-09 17:46:52 - [TEST_STEP][PASSED] - maximizeWindow(): Current window maximized

2020-12-09 17:46:53 - [MESSAGE][PASSED] - Current window maximized

2020-12-09 17:46:53 - [TEST_STEP][PASSED] - click(findTestObject("Login/La parrilla login/select_Seleccionar UnidadLa ParrillaLa Enca_3f6097")): Object: 'Object Repository/Login/La parrilla login/select_Seleccionar UnidadLa ParrillaLa Enca_3f6097' is clicked on

2020-12-09 17:46:54 - [MESSAGE][PASSED] - Object: 'Object Repository/Login/La parrilla login/select_Seleccionar UnidadLa ParrillaLa Enca_3f6097' is clicked on

2020-12-09 17:46:54 - [TEST_STEP][PASSED] - selectOptionByLabel(findTestObject("Login/La parrilla login/select_Seleccionar UnidadLa ParrillaLa Enca_3f6097"), unidad, false): All options with label 'San Dimas' are selected in object 'Object Repository/Login/La parrilla login/select_Seleccionar UnidadLa ParrillaLa Enca_3f6097' 

2020-12-09 17:46:54 - [MESSAGE][PASSED] - All options with label 'San Dimas' are selected in object 'Object Repository/Login/La parrilla login/select_Seleccionar UnidadLa ParrillaLa Enca_3f6097' 

2020-12-09 17:46:54 - [TEST_STEP][PASSED] - click(findTestObject("Login/La parrilla login/button_Iniciar Sesin")): Object: 'Object Repository/Login/La parrilla login/button_Iniciar Sesin' is clicked on

2020-12-09 17:46:55 - [MESSAGE][PASSED] - Object: 'Object Repository/Login/La parrilla login/button_Iniciar Sesin' is clicked on

2020-12-09 17:46:55 - [TEST_STEP][PASSED] - click(findTestObject("Login/La parrilla login/input_Sign in with your corporate ID_btn bt_b79ff6")): Object: 'Object Repository/Login/La parrilla login/input_Sign in with your corporate ID_btn bt_b79ff6' is clicked on

2020-12-09 17:46:58 - [MESSAGE][PASSED] - Object: 'Object Repository/Login/La parrilla login/input_Sign in with your corporate ID_btn bt_b79ff6' is clicked on

2020-12-09 17:46:58 - [TEST_STEP][PASSED] - setText(findTestObject("Login/La parrilla login/input_Sign in_loginfmt"), "iperez@firstmajestic.com"): Text 'iperez@firstmajestic.com' is set on object 'Object Repository/Login/La parrilla login/input_Sign in_loginfmt'

2020-12-09 17:47:00 - [MESSAGE][PASSED] - Text 'iperez@firstmajestic.com' is set on object 'Object Repository/Login/La parrilla login/input_Sign in_loginfmt'

2020-12-09 17:47:00 - [TEST_STEP][PASSED] - click(findTestObject("Login/La parrilla login/input_Sign in_idSIButton9")): Object: 'Object Repository/Login/La parrilla login/input_Sign in_idSIButton9' is clicked on

2020-12-09 17:47:01 - [MESSAGE][PASSED] - Object: 'Object Repository/Login/La parrilla login/input_Sign in_idSIButton9' is clicked on

2020-12-09 17:47:01 - [TEST_STEP][PASSED] - setEncryptedText(findTestObject("Login/La parrilla login/input_Enter password_passwd"), "ykGCkDCd7AS2UCfUpOmvYw=="): Text ****** has been set on object 'Object Repository/Login/La parrilla login/input_Enter password_passwd'

2020-12-09 17:47:03 - [MESSAGE][PASSED] - Text ****** has been set on object 'Object Repository/Login/La parrilla login/input_Enter password_passwd'

2020-12-09 17:47:03 - [TEST_STEP][PASSED] - click(findTestObject("Login/La parrilla login/input_Sign in_idSIButton9")): Object: 'Object Repository/Login/La parrilla login/input_Sign in_idSIButton9' is clicked on

2020-12-09 17:47:04 - [MESSAGE][PASSED] - Object: 'Object Repository/Login/La parrilla login/input_Sign in_idSIButton9' is clicked on

2020-12-09 17:47:04 - [TEST_STEP][PASSED] - click(findTestObject("Login/La parrilla login/input_Sign in_idSIButton9")): Object: 'Object Repository/Login/La parrilla login/input_Sign in_idSIButton9' is clicked on

2020-12-09 17:47:08 - [MESSAGE][PASSED] - Object: 'Object Repository/Login/La parrilla login/input_Sign in_idSIButton9' is clicked on

2020-12-09 17:47:08 - [TEST_STEP][PASSED] - verifyElementText(findTestObject("Login/La parrilla login/div_Bienvenido a Balance Metalrgico Irving"), "Bienvenido a Balance MetalÃºrgico: Irving"): Actual text and expected text of test object 'Object Repository/Login/La parrilla login/div_Bienvenido a Balance Metalrgico Irving' are matched.

2020-12-09 17:47:12 - [MESSAGE][PASSED] - Actual text and expected text of test object 'Object Repository/Login/La parrilla login/div_Bienvenido a Balance Metalrgico Irving' are matched.

2020-12-09 17:47:12 - [MESSAGE][PASSED] - Call Test Case 'Test Cases/Login/Log-in' successfully

2020-12-09 17:47:12 - [TEST_STEP][PASSED] - click(findTestObject("Catalogos/button_Catlogos"), CONTINUE_ON_FAILURE): Object: 'Object Repository/Catalogos/button_Catlogos' is clicked on

2020-12-09 17:47:12 - [MESSAGE][PASSED] - Object: 'Object Repository/Catalogos/button_Catlogos' is clicked on

2020-12-09 17:47:12 - [TEST_STEP][PASSED] - click(findTestObject("Catalogos/Transportistas/Transportistas/Transpor"), CONTINUE_ON_FAILURE): Object: 'Object Repository/Catalogos/Transportistas/Transportistas/Transpor' is clicked on

2020-12-09 17:47:13 - [MESSAGE][PASSED] - Object: 'Object Repository/Catalogos/Transportistas/Transportistas/Transpor' is clicked on

2020-12-09 17:47:13 - [TEST_STEP][PASSED] - click(findTestObject("Catalogos/Transportistas/Transportistas/Transpor_2"), CONTINUE_ON_FAILURE): Object: 'Object Repository/Catalogos/Transportistas/Transportistas/Transpor_2' is clicked on

2020-12-09 17:47:13 - [MESSAGE][PASSED] - Object: 'Object Repository/Catalogos/Transportistas/Transportistas/Transpor_2' is clicked on

2020-12-09 17:47:13 - [TEST_STEP][PASSED] - click(findTestObject("Catalogos/Transportistas/Transportistas/Btn_capturaT"), CONTINUE_ON_FAILURE): Object: 'Object Repository/Catalogos/Transportistas/Transportistas/Btn_capturaT' is clicked on

2020-12-09 17:47:14 - [MESSAGE][PASSED] - Object: 'Object Repository/Catalogos/Transportistas/Transportistas/Btn_capturaT' is clicked on

2020-12-09 17:47:14 - [TEST_STEP][PASSED] - setText(findTestObject("Catalogos/Transportistas/Transportistas/razon_social"), razon_s, CONTINUE_ON_FAILURE): Text 'ENRIQUE SANTOS MARENTES' is set on object 'Object Repository/Catalogos/Transportistas/Transportistas/razon_social'

2020-12-09 17:47:15 - [MESSAGE][PASSED] - Text 'ENRIQUE SANTOS MARENTES' is set on object 'Object Repository/Catalogos/Transportistas/Transportistas/razon_social'

2020-12-09 17:47:15 - [TEST_STEP][PASSED] - setText(findTestObject("Catalogos/Transportistas/Transportistas/contrato"), contrato, CONTINUE_ON_FAILURE): Text 'FMS-ESM-25' is set on object 'Object Repository/Catalogos/Transportistas/Transportistas/contrato'

2020-12-09 17:47:16 - [MESSAGE][PASSED] - Text 'FMS-ESM-25' is set on object 'Object Repository/Catalogos/Transportistas/Transportistas/contrato'

2020-12-09 17:47:16 - [TEST_STEP][PASSED] - click(findTestObject("Catalogos/Transportistas/Transportistas/Date/fecha"), CONTINUE_ON_FAILURE): Object: 'Object Repository/Catalogos/Transportistas/Transportistas/Date/fecha' is clicked on

2020-12-09 17:47:16 - [MESSAGE][PASSED] - Object: 'Object Repository/Catalogos/Transportistas/Transportistas/Date/fecha' is clicked on

2020-12-09 17:47:16 - [TEST_STEP][PASSED] - click(findTestObject("Catalogos/Transportistas/Transportistas/Date/year"), CONTINUE_ON_FAILURE): Object: 'Object Repository/Catalogos/Transportistas/Transportistas/Date/year' is clicked on

2020-12-09 17:47:17 - [MESSAGE][PASSED] - Object: 'Object Repository/Catalogos/Transportistas/Transportistas/Date/year' is clicked on

2020-12-09 17:47:17 - [TEST_STEP][PASSED] - click(findTestObject("Catalogos/Transportistas/Transportistas/Date/Year2025"), CONTINUE_ON_FAILURE): Object: 'Object Repository/Catalogos/Transportistas/Transportistas/Date/Year2025' is clicked on

2020-12-09 17:47:18 - [MESSAGE][PASSED] - Object: 'Object Repository/Catalogos/Transportistas/Transportistas/Date/Year2025' is clicked on

2020-12-09 17:47:18 - [TEST_STEP][PASSED] - click(findTestObject("Catalogos/Transportistas/Transportistas/Date/month"), CONTINUE_ON_FAILURE): Object: 'Object Repository/Catalogos/Transportistas/Transportistas/Date/month' is clicked on

2020-12-09 17:47:18 - [MESSAGE][PASSED] - Object: 'Object Repository/Catalogos/Transportistas/Transportistas/Date/month' is clicked on

2020-12-09 17:47:18 - [TEST_STEP][PASSED] - click(findTestObject("Catalogos/Transportistas/Transportistas/Date/december"), CONTINUE_ON_FAILURE): Object: 'Object Repository/Catalogos/Transportistas/Transportistas/Date/december' is clicked on

2020-12-09 17:47:19 - [MESSAGE][PASSED] - Object: 'Object Repository/Catalogos/Transportistas/Transportistas/Date/december' is clicked on

2020-12-09 17:47:19 - [TEST_STEP][PASSED] - click(findTestObject("Catalogos/Transportistas/Transportistas/Date/31December"), CONTINUE_ON_FAILURE): Object: 'Object Repository/Catalogos/Transportistas/Transportistas/Date/31December' is clicked on

2020-12-09 17:47:20 - [MESSAGE][PASSED] - Object: 'Object Repository/Catalogos/Transportistas/Transportistas/Date/31December' is clicked on

2020-12-09 17:47:20 - [TEST_STEP][PASSED] - delay(2): Delayed 2 second(s)

2020-12-09 17:47:22 - [MESSAGE][PASSED] - Delayed 2 second(s)

2020-12-09 17:47:22 - [TEST_STEP][PASSED] - click(findTestObject("Catalogos/Transportistas/Transportistas/Aceptar"), CONTINUE_ON_FAILURE): Object: 'Object Repository/Catalogos/Transportistas/Transportistas/Aceptar' is clicked on

2020-12-09 17:47:22 - [MESSAGE][PASSED] - Object: 'Object Repository/Catalogos/Transportistas/Transportistas/Aceptar' is clicked on

2020-12-09 17:47:22 - [TEST_STEP][PASSED] - closeBrowser(CONTINUE_ON_FAILURE): Browser is closed

2020-12-09 17:47:23 - [MESSAGE][PASSED] - Browser is closed]]></system-out>
         <system-err><![CDATA[]]></system-err>
      </testcase>
      <testcase name="Test Cases/Catalogos/Transportistas/Transportistas/Captura/Create_transpor" time="49.998" classname="Test Cases/Catalogos/Transportistas/Transportistas/Captura/Create_transpor" status="PASSED">
         <system-out><![CDATA[2020-12-09 17:47:23 - [TEST_CASE][PASSED] - Test Cases/Catalogos/Transportistas/Transportistas/Captura/Create_transpor: Test Cases/Catalogos/Transportistas/Transportistas/Captura/Create_transpor

2020-12-09 17:47:23 - [TEST_STEP][PASSED] - callTestCase(findTestCase("Login/Log-in"), ["unidad":"San Dimas"], CONTINUE_ON_FAILURE): Call Test Case 'Test Cases/Login/Log-in' successfully

2020-12-09 17:47:23 - [TEST_CASE][PASSED] - Test Cases/Login/Log-in: Test Cases/Login/Log-in

2020-12-09 17:47:23 - [TEST_STEP][PASSED] - openBrowser(url): Browser is opened with url: 'https://mb-dev.firstmajestic.com/'

2020-12-09 17:47:23 - [MESSAGE][INFO] - Starting 'Chrome' driver

2020-12-09 17:47:30 - [MESSAGE][PASSED] - Browser is opened with url: 'https://mb-dev.firstmajestic.com/'

2020-12-09 17:47:30 - [TEST_STEP][PASSED] - maximizeWindow(): Current window maximized

2020-12-09 17:47:32 - [MESSAGE][PASSED] - Current window maximized

2020-12-09 17:47:32 - [TEST_STEP][PASSED] - click(findTestObject("Login/La parrilla login/select_Seleccionar UnidadLa ParrillaLa Enca_3f6097")): Object: 'Object Repository/Login/La parrilla login/select_Seleccionar UnidadLa ParrillaLa Enca_3f6097' is clicked on

2020-12-09 17:47:32 - [MESSAGE][PASSED] - Object: 'Object Repository/Login/La parrilla login/select_Seleccionar UnidadLa ParrillaLa Enca_3f6097' is clicked on

2020-12-09 17:47:32 - [TEST_STEP][PASSED] - selectOptionByLabel(findTestObject("Login/La parrilla login/select_Seleccionar UnidadLa ParrillaLa Enca_3f6097"), unidad, false): All options with label 'San Dimas' are selected in object 'Object Repository/Login/La parrilla login/select_Seleccionar UnidadLa ParrillaLa Enca_3f6097' 

2020-12-09 17:47:33 - [MESSAGE][PASSED] - All options with label 'San Dimas' are selected in object 'Object Repository/Login/La parrilla login/select_Seleccionar UnidadLa ParrillaLa Enca_3f6097' 

2020-12-09 17:47:33 - [TEST_STEP][PASSED] - click(findTestObject("Login/La parrilla login/button_Iniciar Sesin")): Object: 'Object Repository/Login/La parrilla login/button_Iniciar Sesin' is clicked on

2020-12-09 17:47:34 - [MESSAGE][PASSED] - Object: 'Object Repository/Login/La parrilla login/button_Iniciar Sesin' is clicked on

2020-12-09 17:47:34 - [TEST_STEP][PASSED] - click(findTestObject("Login/La parrilla login/input_Sign in with your corporate ID_btn bt_b79ff6")): Object: 'Object Repository/Login/La parrilla login/input_Sign in with your corporate ID_btn bt_b79ff6' is clicked on

2020-12-09 17:47:37 - [MESSAGE][PASSED] - Object: 'Object Repository/Login/La parrilla login/input_Sign in with your corporate ID_btn bt_b79ff6' is clicked on

2020-12-09 17:47:37 - [TEST_STEP][PASSED] - setText(findTestObject("Login/La parrilla login/input_Sign in_loginfmt"), "iperez@firstmajestic.com"): Text 'iperez@firstmajestic.com' is set on object 'Object Repository/Login/La parrilla login/input_Sign in_loginfmt'

2020-12-09 17:47:51 - [MESSAGE][PASSED] - Text 'iperez@firstmajestic.com' is set on object 'Object Repository/Login/La parrilla login/input_Sign in_loginfmt'

2020-12-09 17:47:51 - [TEST_STEP][PASSED] - click(findTestObject("Login/La parrilla login/input_Sign in_idSIButton9")): Object: 'Object Repository/Login/La parrilla login/input_Sign in_idSIButton9' is clicked on

2020-12-09 17:47:52 - [MESSAGE][PASSED] - Object: 'Object Repository/Login/La parrilla login/input_Sign in_idSIButton9' is clicked on

2020-12-09 17:47:52 - [TEST_STEP][PASSED] - setEncryptedText(findTestObject("Login/La parrilla login/input_Enter password_passwd"), "ykGCkDCd7AS2UCfUpOmvYw=="): Text ****** has been set on object 'Object Repository/Login/La parrilla login/input_Enter password_passwd'

2020-12-09 17:47:53 - [MESSAGE][PASSED] - Text ****** has been set on object 'Object Repository/Login/La parrilla login/input_Enter password_passwd'

2020-12-09 17:47:53 - [TEST_STEP][PASSED] - click(findTestObject("Login/La parrilla login/input_Sign in_idSIButton9")): Object: 'Object Repository/Login/La parrilla login/input_Sign in_idSIButton9' is clicked on

2020-12-09 17:47:55 - [MESSAGE][PASSED] - Object: 'Object Repository/Login/La parrilla login/input_Sign in_idSIButton9' is clicked on

2020-12-09 17:47:55 - [TEST_STEP][PASSED] - click(findTestObject("Login/La parrilla login/input_Sign in_idSIButton9")): Object: 'Object Repository/Login/La parrilla login/input_Sign in_idSIButton9' is clicked on

2020-12-09 17:47:59 - [MESSAGE][PASSED] - Object: 'Object Repository/Login/La parrilla login/input_Sign in_idSIButton9' is clicked on

2020-12-09 17:47:59 - [TEST_STEP][PASSED] - verifyElementText(findTestObject("Login/La parrilla login/div_Bienvenido a Balance Metalrgico Irving"), "Bienvenido a Balance MetalÃºrgico: Irving"): Actual text and expected text of test object 'Object Repository/Login/La parrilla login/div_Bienvenido a Balance Metalrgico Irving' are matched.

2020-12-09 17:48:02 - [MESSAGE][PASSED] - Actual text and expected text of test object 'Object Repository/Login/La parrilla login/div_Bienvenido a Balance Metalrgico Irving' are matched.

2020-12-09 17:48:02 - [MESSAGE][PASSED] - Call Test Case 'Test Cases/Login/Log-in' successfully

2020-12-09 17:48:02 - [TEST_STEP][PASSED] - click(findTestObject("Catalogos/button_Catlogos"), CONTINUE_ON_FAILURE): Object: 'Object Repository/Catalogos/button_Catlogos' is clicked on

2020-12-09 17:48:03 - [MESSAGE][PASSED] - Object: 'Object Repository/Catalogos/button_Catlogos' is clicked on

2020-12-09 17:48:03 - [TEST_STEP][PASSED] - click(findTestObject("Catalogos/Transportistas/Transportistas/Transpor"), CONTINUE_ON_FAILURE): Object: 'Object Repository/Catalogos/Transportistas/Transportistas/Transpor' is clicked on

2020-12-09 17:48:03 - [MESSAGE][PASSED] - Object: 'Object Repository/Catalogos/Transportistas/Transportistas/Transpor' is clicked on

2020-12-09 17:48:03 - [TEST_STEP][PASSED] - click(findTestObject("Catalogos/Transportistas/Transportistas/Transpor_2"), CONTINUE_ON_FAILURE): Object: 'Object Repository/Catalogos/Transportistas/Transportistas/Transpor_2' is clicked on

2020-12-09 17:48:04 - [MESSAGE][PASSED] - Object: 'Object Repository/Catalogos/Transportistas/Transportistas/Transpor_2' is clicked on

2020-12-09 17:48:04 - [TEST_STEP][PASSED] - click(findTestObject("Catalogos/Transportistas/Transportistas/Btn_capturaT"), CONTINUE_ON_FAILURE): Object: 'Object Repository/Catalogos/Transportistas/Transportistas/Btn_capturaT' is clicked on

2020-12-09 17:48:05 - [MESSAGE][PASSED] - Object: 'Object Repository/Catalogos/Transportistas/Transportistas/Btn_capturaT' is clicked on

2020-12-09 17:48:05 - [TEST_STEP][PASSED] - setText(findTestObject("Catalogos/Transportistas/Transportistas/razon_social"), razon_s, CONTINUE_ON_FAILURE): Text 'TUEMSA' is set on object 'Object Repository/Catalogos/Transportistas/Transportistas/razon_social'

2020-12-09 17:48:06 - [MESSAGE][PASSED] - Text 'TUEMSA' is set on object 'Object Repository/Catalogos/Transportistas/Transportistas/razon_social'

2020-12-09 17:48:06 - [TEST_STEP][PASSED] - setText(findTestObject("Catalogos/Transportistas/Transportistas/contrato"), contrato, CONTINUE_ON_FAILURE): Text 'FMS-TUEM-25' is set on object 'Object Repository/Catalogos/Transportistas/Transportistas/contrato'

2020-12-09 17:48:06 - [MESSAGE][PASSED] - Text 'FMS-TUEM-25' is set on object 'Object Repository/Catalogos/Transportistas/Transportistas/contrato'

2020-12-09 17:48:06 - [TEST_STEP][PASSED] - click(findTestObject("Catalogos/Transportistas/Transportistas/Date/fecha"), CONTINUE_ON_FAILURE): Object: 'Object Repository/Catalogos/Transportistas/Transportistas/Date/fecha' is clicked on

2020-12-09 17:48:07 - [MESSAGE][PASSED] - Object: 'Object Repository/Catalogos/Transportistas/Transportistas/Date/fecha' is clicked on

2020-12-09 17:48:07 - [TEST_STEP][PASSED] - click(findTestObject("Catalogos/Transportistas/Transportistas/Date/year"), CONTINUE_ON_FAILURE): Object: 'Object Repository/Catalogos/Transportistas/Transportistas/Date/year' is clicked on

2020-12-09 17:48:07 - [MESSAGE][PASSED] - Object: 'Object Repository/Catalogos/Transportistas/Transportistas/Date/year' is clicked on

2020-12-09 17:48:07 - [TEST_STEP][PASSED] - click(findTestObject("Catalogos/Transportistas/Transportistas/Date/Year2025"), CONTINUE_ON_FAILURE): Object: 'Object Repository/Catalogos/Transportistas/Transportistas/Date/Year2025' is clicked on

2020-12-09 17:48:08 - [MESSAGE][PASSED] - Object: 'Object Repository/Catalogos/Transportistas/Transportistas/Date/Year2025' is clicked on

2020-12-09 17:48:08 - [TEST_STEP][PASSED] - click(findTestObject("Catalogos/Transportistas/Transportistas/Date/month"), CONTINUE_ON_FAILURE): Object: 'Object Repository/Catalogos/Transportistas/Transportistas/Date/month' is clicked on

2020-12-09 17:48:09 - [MESSAGE][PASSED] - Object: 'Object Repository/Catalogos/Transportistas/Transportistas/Date/month' is clicked on

2020-12-09 17:48:09 - [TEST_STEP][PASSED] - click(findTestObject("Catalogos/Transportistas/Transportistas/Date/december"), CONTINUE_ON_FAILURE): Object: 'Object Repository/Catalogos/Transportistas/Transportistas/Date/december' is clicked on

2020-12-09 17:48:09 - [MESSAGE][PASSED] - Object: 'Object Repository/Catalogos/Transportistas/Transportistas/Date/december' is clicked on

2020-12-09 17:48:09 - [TEST_STEP][PASSED] - click(findTestObject("Catalogos/Transportistas/Transportistas/Date/31December"), CONTINUE_ON_FAILURE): Object: 'Object Repository/Catalogos/Transportistas/Transportistas/Date/31December' is clicked on

2020-12-09 17:48:10 - [MESSAGE][PASSED] - Object: 'Object Repository/Catalogos/Transportistas/Transportistas/Date/31December' is clicked on

2020-12-09 17:48:10 - [TEST_STEP][PASSED] - delay(2): Delayed 2 second(s)

2020-12-09 17:48:12 - [MESSAGE][PASSED] - Delayed 2 second(s)

2020-12-09 17:48:12 - [TEST_STEP][PASSED] - click(findTestObject("Catalogos/Transportistas/Transportistas/Aceptar"), CONTINUE_ON_FAILURE): Object: 'Object Repository/Catalogos/Transportistas/Transportistas/Aceptar' is clicked on

2020-12-09 17:48:12 - [MESSAGE][PASSED] - Object: 'Object Repository/Catalogos/Transportistas/Transportistas/Aceptar' is clicked on

2020-12-09 17:48:12 - [TEST_STEP][PASSED] - closeBrowser(CONTINUE_ON_FAILURE): Browser is closed

2020-12-09 17:48:13 - [MESSAGE][PASSED] - Browser is closed]]></system-out>
         <system-err><![CDATA[]]></system-err>
      </testcase>
      <testcase name="Test Cases/Catalogos/Transportistas/Transportistas/Captura/Create_transpor" time="35.839" classname="Test Cases/Catalogos/Transportistas/Transportistas/Captura/Create_transpor" status="PASSED">
         <system-out><![CDATA[2020-12-09 17:48:13 - [TEST_CASE][PASSED] - Test Cases/Catalogos/Transportistas/Transportistas/Captura/Create_transpor: Test Cases/Catalogos/Transportistas/Transportistas/Captura/Create_transpor

2020-12-09 17:48:13 - [TEST_STEP][PASSED] - callTestCase(findTestCase("Login/Log-in"), ["unidad":"San Dimas"], CONTINUE_ON_FAILURE): Call Test Case 'Test Cases/Login/Log-in' successfully

2020-12-09 17:48:13 - [TEST_CASE][PASSED] - Test Cases/Login/Log-in: Test Cases/Login/Log-in

2020-12-09 17:48:13 - [TEST_STEP][PASSED] - openBrowser(url): Browser is opened with url: 'https://mb-dev.firstmajestic.com/'

2020-12-09 17:48:13 - [MESSAGE][INFO] - Starting 'Chrome' driver

2020-12-09 17:48:20 - [MESSAGE][PASSED] - Browser is opened with url: 'https://mb-dev.firstmajestic.com/'

2020-12-09 17:48:20 - [TEST_STEP][PASSED] - maximizeWindow(): Current window maximized

2020-12-09 17:48:21 - [MESSAGE][PASSED] - Current window maximized

2020-12-09 17:48:21 - [TEST_STEP][PASSED] - click(findTestObject("Login/La parrilla login/select_Seleccionar UnidadLa ParrillaLa Enca_3f6097")): Object: 'Object Repository/Login/La parrilla login/select_Seleccionar UnidadLa ParrillaLa Enca_3f6097' is clicked on

2020-12-09 17:48:22 - [MESSAGE][PASSED] - Object: 'Object Repository/Login/La parrilla login/select_Seleccionar UnidadLa ParrillaLa Enca_3f6097' is clicked on

2020-12-09 17:48:22 - [TEST_STEP][PASSED] - selectOptionByLabel(findTestObject("Login/La parrilla login/select_Seleccionar UnidadLa ParrillaLa Enca_3f6097"), unidad, false): All options with label 'San Dimas' are selected in object 'Object Repository/Login/La parrilla login/select_Seleccionar UnidadLa ParrillaLa Enca_3f6097' 

2020-12-09 17:48:22 - [MESSAGE][PASSED] - All options with label 'San Dimas' are selected in object 'Object Repository/Login/La parrilla login/select_Seleccionar UnidadLa ParrillaLa Enca_3f6097' 

2020-12-09 17:48:22 - [TEST_STEP][PASSED] - click(findTestObject("Login/La parrilla login/button_Iniciar Sesin")): Object: 'Object Repository/Login/La parrilla login/button_Iniciar Sesin' is clicked on

2020-12-09 17:48:23 - [MESSAGE][PASSED] - Object: 'Object Repository/Login/La parrilla login/button_Iniciar Sesin' is clicked on

2020-12-09 17:48:23 - [TEST_STEP][PASSED] - click(findTestObject("Login/La parrilla login/input_Sign in with your corporate ID_btn bt_b79ff6")): Object: 'Object Repository/Login/La parrilla login/input_Sign in with your corporate ID_btn bt_b79ff6' is clicked on

2020-12-09 17:48:25 - [MESSAGE][PASSED] - Object: 'Object Repository/Login/La parrilla login/input_Sign in with your corporate ID_btn bt_b79ff6' is clicked on

2020-12-09 17:48:25 - [TEST_STEP][PASSED] - setText(findTestObject("Login/La parrilla login/input_Sign in_loginfmt"), "iperez@firstmajestic.com"): Text 'iperez@firstmajestic.com' is set on object 'Object Repository/Login/La parrilla login/input_Sign in_loginfmt'

2020-12-09 17:48:27 - [MESSAGE][PASSED] - Text 'iperez@firstmajestic.com' is set on object 'Object Repository/Login/La parrilla login/input_Sign in_loginfmt'

2020-12-09 17:48:27 - [TEST_STEP][PASSED] - click(findTestObject("Login/La parrilla login/input_Sign in_idSIButton9")): Object: 'Object Repository/Login/La parrilla login/input_Sign in_idSIButton9' is clicked on

2020-12-09 17:48:28 - [MESSAGE][PASSED] - Object: 'Object Repository/Login/La parrilla login/input_Sign in_idSIButton9' is clicked on

2020-12-09 17:48:28 - [TEST_STEP][PASSED] - setEncryptedText(findTestObject("Login/La parrilla login/input_Enter password_passwd"), "ykGCkDCd7AS2UCfUpOmvYw=="): Text ****** has been set on object 'Object Repository/Login/La parrilla login/input_Enter password_passwd'

2020-12-09 17:48:29 - [MESSAGE][PASSED] - Text ****** has been set on object 'Object Repository/Login/La parrilla login/input_Enter password_passwd'

2020-12-09 17:48:29 - [TEST_STEP][PASSED] - click(findTestObject("Login/La parrilla login/input_Sign in_idSIButton9")): Object: 'Object Repository/Login/La parrilla login/input_Sign in_idSIButton9' is clicked on

2020-12-09 17:48:31 - [MESSAGE][PASSED] - Object: 'Object Repository/Login/La parrilla login/input_Sign in_idSIButton9' is clicked on

2020-12-09 17:48:31 - [TEST_STEP][PASSED] - click(findTestObject("Login/La parrilla login/input_Sign in_idSIButton9")): Object: 'Object Repository/Login/La parrilla login/input_Sign in_idSIButton9' is clicked on

2020-12-09 17:48:35 - [MESSAGE][PASSED] - Object: 'Object Repository/Login/La parrilla login/input_Sign in_idSIButton9' is clicked on

2020-12-09 17:48:35 - [TEST_STEP][PASSED] - verifyElementText(findTestObject("Login/La parrilla login/div_Bienvenido a Balance Metalrgico Irving"), "Bienvenido a Balance MetalÃºrgico: Irving"): Actual text and expected text of test object 'Object Repository/Login/La parrilla login/div_Bienvenido a Balance Metalrgico Irving' are matched.

2020-12-09 17:48:38 - [MESSAGE][PASSED] - Actual text and expected text of test object 'Object Repository/Login/La parrilla login/div_Bienvenido a Balance Metalrgico Irving' are matched.

2020-12-09 17:48:38 - [MESSAGE][PASSED] - Call Test Case 'Test Cases/Login/Log-in' successfully

2020-12-09 17:48:38 - [TEST_STEP][PASSED] - click(findTestObject("Catalogos/button_Catlogos"), CONTINUE_ON_FAILURE): Object: 'Object Repository/Catalogos/button_Catlogos' is clicked on

2020-12-09 17:48:39 - [MESSAGE][PASSED] - Object: 'Object Repository/Catalogos/button_Catlogos' is clicked on

2020-12-09 17:48:39 - [TEST_STEP][PASSED] - click(findTestObject("Catalogos/Transportistas/Transportistas/Transpor"), CONTINUE_ON_FAILURE): Object: 'Object Repository/Catalogos/Transportistas/Transportistas/Transpor' is clicked on

2020-12-09 17:48:39 - [MESSAGE][PASSED] - Object: 'Object Repository/Catalogos/Transportistas/Transportistas/Transpor' is clicked on

2020-12-09 17:48:39 - [TEST_STEP][PASSED] - click(findTestObject("Catalogos/Transportistas/Transportistas/Transpor_2"), CONTINUE_ON_FAILURE): Object: 'Object Repository/Catalogos/Transportistas/Transportistas/Transpor_2' is clicked on

2020-12-09 17:48:40 - [MESSAGE][PASSED] - Object: 'Object Repository/Catalogos/Transportistas/Transportistas/Transpor_2' is clicked on

2020-12-09 17:48:40 - [TEST_STEP][PASSED] - click(findTestObject("Catalogos/Transportistas/Transportistas/Btn_capturaT"), CONTINUE_ON_FAILURE): Object: 'Object Repository/Catalogos/Transportistas/Transportistas/Btn_capturaT' is clicked on

2020-12-09 17:48:41 - [MESSAGE][PASSED] - Object: 'Object Repository/Catalogos/Transportistas/Transportistas/Btn_capturaT' is clicked on

2020-12-09 17:48:41 - [TEST_STEP][PASSED] - setText(findTestObject("Catalogos/Transportistas/Transportistas/razon_social"), razon_s, CONTINUE_ON_FAILURE): Text 'ASES, S.A. DE C.V.' is set on object 'Object Repository/Catalogos/Transportistas/Transportistas/razon_social'

2020-12-09 17:48:41 - [MESSAGE][PASSED] - Text 'ASES, S.A. DE C.V.' is set on object 'Object Repository/Catalogos/Transportistas/Transportistas/razon_social'

2020-12-09 17:48:41 - [TEST_STEP][PASSED] - setText(findTestObject("Catalogos/Transportistas/Transportistas/contrato"), contrato, CONTINUE_ON_FAILURE): Text 'FMS-ASES-25' is set on object 'Object Repository/Catalogos/Transportistas/Transportistas/contrato'

2020-12-09 17:48:42 - [MESSAGE][PASSED] - Text 'FMS-ASES-25' is set on object 'Object Repository/Catalogos/Transportistas/Transportistas/contrato'

2020-12-09 17:48:42 - [TEST_STEP][PASSED] - click(findTestObject("Catalogos/Transportistas/Transportistas/Date/fecha"), CONTINUE_ON_FAILURE): Object: 'Object Repository/Catalogos/Transportistas/Transportistas/Date/fecha' is clicked on

2020-12-09 17:48:43 - [MESSAGE][PASSED] - Object: 'Object Repository/Catalogos/Transportistas/Transportistas/Date/fecha' is clicked on

2020-12-09 17:48:43 - [TEST_STEP][PASSED] - click(findTestObject("Catalogos/Transportistas/Transportistas/Date/year"), CONTINUE_ON_FAILURE): Object: 'Object Repository/Catalogos/Transportistas/Transportistas/Date/year' is clicked on

2020-12-09 17:48:43 - [MESSAGE][PASSED] - Object: 'Object Repository/Catalogos/Transportistas/Transportistas/Date/year' is clicked on

2020-12-09 17:48:43 - [TEST_STEP][PASSED] - click(findTestObject("Catalogos/Transportistas/Transportistas/Date/Year2025"), CONTINUE_ON_FAILURE): Object: 'Object Repository/Catalogos/Transportistas/Transportistas/Date/Year2025' is clicked on

2020-12-09 17:48:44 - [MESSAGE][PASSED] - Object: 'Object Repository/Catalogos/Transportistas/Transportistas/Date/Year2025' is clicked on

2020-12-09 17:48:44 - [TEST_STEP][PASSED] - click(findTestObject("Catalogos/Transportistas/Transportistas/Date/month"), CONTINUE_ON_FAILURE): Object: 'Object Repository/Catalogos/Transportistas/Transportistas/Date/month' is clicked on

2020-12-09 17:48:44 - [MESSAGE][PASSED] - Object: 'Object Repository/Catalogos/Transportistas/Transportistas/Date/month' is clicked on

2020-12-09 17:48:44 - [TEST_STEP][PASSED] - click(findTestObject("Catalogos/Transportistas/Transportistas/Date/december"), CONTINUE_ON_FAILURE): Object: 'Object Repository/Catalogos/Transportistas/Transportistas/Date/december' is clicked on

2020-12-09 17:48:45 - [MESSAGE][PASSED] - Object: 'Object Repository/Catalogos/Transportistas/Transportistas/Date/december' is clicked on

2020-12-09 17:48:45 - [TEST_STEP][PASSED] - click(findTestObject("Catalogos/Transportistas/Transportistas/Date/31December"), CONTINUE_ON_FAILURE): Object: 'Object Repository/Catalogos/Transportistas/Transportistas/Date/31December' is clicked on

2020-12-09 17:48:46 - [MESSAGE][PASSED] - Object: 'Object Repository/Catalogos/Transportistas/Transportistas/Date/31December' is clicked on

2020-12-09 17:48:46 - [TEST_STEP][PASSED] - delay(2): Delayed 2 second(s)

2020-12-09 17:48:48 - [MESSAGE][PASSED] - Delayed 2 second(s)

2020-12-09 17:48:48 - [TEST_STEP][PASSED] - click(findTestObject("Catalogos/Transportistas/Transportistas/Aceptar"), CONTINUE_ON_FAILURE): Object: 'Object Repository/Catalogos/Transportistas/Transportistas/Aceptar' is clicked on

2020-12-09 17:48:48 - [MESSAGE][PASSED] - Object: 'Object Repository/Catalogos/Transportistas/Transportistas/Aceptar' is clicked on

2020-12-09 17:48:48 - [TEST_STEP][PASSED] - closeBrowser(CONTINUE_ON_FAILURE): Browser is closed

2020-12-09 17:48:49 - [MESSAGE][PASSED] - Browser is closed]]></system-out>
         <system-err><![CDATA[]]></system-err>
      </testcase>
      <testcase name="Test Cases/Catalogos/Transportistas/Transportistas/Captura/Create_transpor" time="36.096" classname="Test Cases/Catalogos/Transportistas/Transportistas/Captura/Create_transpor" status="PASSED">
         <system-out><![CDATA[2020-12-09 17:48:49 - [TEST_CASE][PASSED] - Test Cases/Catalogos/Transportistas/Transportistas/Captura/Create_transpor: Test Cases/Catalogos/Transportistas/Transportistas/Captura/Create_transpor

2020-12-09 17:48:49 - [TEST_STEP][PASSED] - callTestCase(findTestCase("Login/Log-in"), ["unidad":"San Dimas"], CONTINUE_ON_FAILURE): Call Test Case 'Test Cases/Login/Log-in' successfully

2020-12-09 17:48:49 - [TEST_CASE][PASSED] - Test Cases/Login/Log-in: Test Cases/Login/Log-in

2020-12-09 17:48:49 - [TEST_STEP][PASSED] - openBrowser(url): Browser is opened with url: 'https://mb-dev.firstmajestic.com/'

2020-12-09 17:48:49 - [MESSAGE][INFO] - Starting 'Chrome' driver

2020-12-09 17:48:54 - [MESSAGE][PASSED] - Browser is opened with url: 'https://mb-dev.firstmajestic.com/'

2020-12-09 17:48:54 - [TEST_STEP][PASSED] - maximizeWindow(): Current window maximized

2020-12-09 17:48:56 - [MESSAGE][PASSED] - Current window maximized

2020-12-09 17:48:56 - [TEST_STEP][PASSED] - click(findTestObject("Login/La parrilla login/select_Seleccionar UnidadLa ParrillaLa Enca_3f6097")): Object: 'Object Repository/Login/La parrilla login/select_Seleccionar UnidadLa ParrillaLa Enca_3f6097' is clicked on

2020-12-09 17:48:56 - [MESSAGE][PASSED] - Object: 'Object Repository/Login/La parrilla login/select_Seleccionar UnidadLa ParrillaLa Enca_3f6097' is clicked on

2020-12-09 17:48:56 - [TEST_STEP][PASSED] - selectOptionByLabel(findTestObject("Login/La parrilla login/select_Seleccionar UnidadLa ParrillaLa Enca_3f6097"), unidad, false): All options with label 'San Dimas' are selected in object 'Object Repository/Login/La parrilla login/select_Seleccionar UnidadLa ParrillaLa Enca_3f6097' 

2020-12-09 17:48:57 - [MESSAGE][PASSED] - All options with label 'San Dimas' are selected in object 'Object Repository/Login/La parrilla login/select_Seleccionar UnidadLa ParrillaLa Enca_3f6097' 

2020-12-09 17:48:57 - [TEST_STEP][PASSED] - click(findTestObject("Login/La parrilla login/button_Iniciar Sesin")): Object: 'Object Repository/Login/La parrilla login/button_Iniciar Sesin' is clicked on

2020-12-09 17:48:57 - [MESSAGE][PASSED] - Object: 'Object Repository/Login/La parrilla login/button_Iniciar Sesin' is clicked on

2020-12-09 17:48:57 - [TEST_STEP][PASSED] - click(findTestObject("Login/La parrilla login/input_Sign in with your corporate ID_btn bt_b79ff6")): Object: 'Object Repository/Login/La parrilla login/input_Sign in with your corporate ID_btn bt_b79ff6' is clicked on

2020-12-09 17:49:01 - [MESSAGE][PASSED] - Object: 'Object Repository/Login/La parrilla login/input_Sign in with your corporate ID_btn bt_b79ff6' is clicked on

2020-12-09 17:49:01 - [TEST_STEP][PASSED] - setText(findTestObject("Login/La parrilla login/input_Sign in_loginfmt"), "iperez@firstmajestic.com"): Text 'iperez@firstmajestic.com' is set on object 'Object Repository/Login/La parrilla login/input_Sign in_loginfmt'

2020-12-09 17:49:03 - [MESSAGE][PASSED] - Text 'iperez@firstmajestic.com' is set on object 'Object Repository/Login/La parrilla login/input_Sign in_loginfmt'

2020-12-09 17:49:03 - [TEST_STEP][PASSED] - click(findTestObject("Login/La parrilla login/input_Sign in_idSIButton9")): Object: 'Object Repository/Login/La parrilla login/input_Sign in_idSIButton9' is clicked on

2020-12-09 17:49:04 - [MESSAGE][PASSED] - Object: 'Object Repository/Login/La parrilla login/input_Sign in_idSIButton9' is clicked on

2020-12-09 17:49:04 - [TEST_STEP][PASSED] - setEncryptedText(findTestObject("Login/La parrilla login/input_Enter password_passwd"), "ykGCkDCd7AS2UCfUpOmvYw=="): Text ****** has been set on object 'Object Repository/Login/La parrilla login/input_Enter password_passwd'

2020-12-09 17:49:05 - [MESSAGE][PASSED] - Text ****** has been set on object 'Object Repository/Login/La parrilla login/input_Enter password_passwd'

2020-12-09 17:49:05 - [TEST_STEP][PASSED] - click(findTestObject("Login/La parrilla login/input_Sign in_idSIButton9")): Object: 'Object Repository/Login/La parrilla login/input_Sign in_idSIButton9' is clicked on

2020-12-09 17:49:07 - [MESSAGE][PASSED] - Object: 'Object Repository/Login/La parrilla login/input_Sign in_idSIButton9' is clicked on

2020-12-09 17:49:07 - [TEST_STEP][PASSED] - click(findTestObject("Login/La parrilla login/input_Sign in_idSIButton9")): Object: 'Object Repository/Login/La parrilla login/input_Sign in_idSIButton9' is clicked on

2020-12-09 17:49:11 - [MESSAGE][PASSED] - Object: 'Object Repository/Login/La parrilla login/input_Sign in_idSIButton9' is clicked on

2020-12-09 17:49:11 - [TEST_STEP][PASSED] - verifyElementText(findTestObject("Login/La parrilla login/div_Bienvenido a Balance Metalrgico Irving"), "Bienvenido a Balance MetalÃºrgico: Irving"): Actual text and expected text of test object 'Object Repository/Login/La parrilla login/div_Bienvenido a Balance Metalrgico Irving' are matched.

2020-12-09 17:49:14 - [MESSAGE][PASSED] - Actual text and expected text of test object 'Object Repository/Login/La parrilla login/div_Bienvenido a Balance Metalrgico Irving' are matched.

2020-12-09 17:49:14 - [MESSAGE][PASSED] - Call Test Case 'Test Cases/Login/Log-in' successfully

2020-12-09 17:49:14 - [TEST_STEP][PASSED] - click(findTestObject("Catalogos/button_Catlogos"), CONTINUE_ON_FAILURE): Object: 'Object Repository/Catalogos/button_Catlogos' is clicked on

2020-12-09 17:49:15 - [MESSAGE][PASSED] - Object: 'Object Repository/Catalogos/button_Catlogos' is clicked on

2020-12-09 17:49:15 - [TEST_STEP][PASSED] - click(findTestObject("Catalogos/Transportistas/Transportistas/Transpor"), CONTINUE_ON_FAILURE): Object: 'Object Repository/Catalogos/Transportistas/Transportistas/Transpor' is clicked on

2020-12-09 17:49:15 - [MESSAGE][PASSED] - Object: 'Object Repository/Catalogos/Transportistas/Transportistas/Transpor' is clicked on

2020-12-09 17:49:15 - [TEST_STEP][PASSED] - click(findTestObject("Catalogos/Transportistas/Transportistas/Transpor_2"), CONTINUE_ON_FAILURE): Object: 'Object Repository/Catalogos/Transportistas/Transportistas/Transpor_2' is clicked on

2020-12-09 17:49:16 - [MESSAGE][PASSED] - Object: 'Object Repository/Catalogos/Transportistas/Transportistas/Transpor_2' is clicked on

2020-12-09 17:49:16 - [TEST_STEP][PASSED] - click(findTestObject("Catalogos/Transportistas/Transportistas/Btn_capturaT"), CONTINUE_ON_FAILURE): Object: 'Object Repository/Catalogos/Transportistas/Transportistas/Btn_capturaT' is clicked on

2020-12-09 17:49:17 - [MESSAGE][PASSED] - Object: 'Object Repository/Catalogos/Transportistas/Transportistas/Btn_capturaT' is clicked on

2020-12-09 17:49:17 - [TEST_STEP][PASSED] - setText(findTestObject("Catalogos/Transportistas/Transportistas/razon_social"), razon_s, CONTINUE_ON_FAILURE): Text 'Panamericana' is set on object 'Object Repository/Catalogos/Transportistas/Transportistas/razon_social'

2020-12-09 17:49:18 - [MESSAGE][PASSED] - Text 'Panamericana' is set on object 'Object Repository/Catalogos/Transportistas/Transportistas/razon_social'

2020-12-09 17:49:18 - [TEST_STEP][PASSED] - setText(findTestObject("Catalogos/Transportistas/Transportistas/contrato"), contrato, CONTINUE_ON_FAILURE): Text 'FMS-PANAM-25' is set on object 'Object Repository/Catalogos/Transportistas/Transportistas/contrato'

2020-12-09 17:49:18 - [MESSAGE][PASSED] - Text 'FMS-PANAM-25' is set on object 'Object Repository/Catalogos/Transportistas/Transportistas/contrato'

2020-12-09 17:49:18 - [TEST_STEP][PASSED] - click(findTestObject("Catalogos/Transportistas/Transportistas/Date/fecha"), CONTINUE_ON_FAILURE): Object: 'Object Repository/Catalogos/Transportistas/Transportistas/Date/fecha' is clicked on

2020-12-09 17:49:19 - [MESSAGE][PASSED] - Object: 'Object Repository/Catalogos/Transportistas/Transportistas/Date/fecha' is clicked on

2020-12-09 17:49:19 - [TEST_STEP][PASSED] - click(findTestObject("Catalogos/Transportistas/Transportistas/Date/year"), CONTINUE_ON_FAILURE): Object: 'Object Repository/Catalogos/Transportistas/Transportistas/Date/year' is clicked on

2020-12-09 17:49:19 - [MESSAGE][PASSED] - Object: 'Object Repository/Catalogos/Transportistas/Transportistas/Date/year' is clicked on

2020-12-09 17:49:19 - [TEST_STEP][PASSED] - click(findTestObject("Catalogos/Transportistas/Transportistas/Date/Year2025"), CONTINUE_ON_FAILURE): Object: 'Object Repository/Catalogos/Transportistas/Transportistas/Date/Year2025' is clicked on

2020-12-09 17:49:20 - [MESSAGE][PASSED] - Object: 'Object Repository/Catalogos/Transportistas/Transportistas/Date/Year2025' is clicked on

2020-12-09 17:49:20 - [TEST_STEP][PASSED] - click(findTestObject("Catalogos/Transportistas/Transportistas/Date/month"), CONTINUE_ON_FAILURE): Object: 'Object Repository/Catalogos/Transportistas/Transportistas/Date/month' is clicked on

2020-12-09 17:49:21 - [MESSAGE][PASSED] - Object: 'Object Repository/Catalogos/Transportistas/Transportistas/Date/month' is clicked on

2020-12-09 17:49:21 - [TEST_STEP][PASSED] - click(findTestObject("Catalogos/Transportistas/Transportistas/Date/december"), CONTINUE_ON_FAILURE): Object: 'Object Repository/Catalogos/Transportistas/Transportistas/Date/december' is clicked on

2020-12-09 17:49:21 - [MESSAGE][PASSED] - Object: 'Object Repository/Catalogos/Transportistas/Transportistas/Date/december' is clicked on

2020-12-09 17:49:21 - [TEST_STEP][PASSED] - click(findTestObject("Catalogos/Transportistas/Transportistas/Date/31December"), CONTINUE_ON_FAILURE): Object: 'Object Repository/Catalogos/Transportistas/Transportistas/Date/31December' is clicked on

2020-12-09 17:49:22 - [MESSAGE][PASSED] - Object: 'Object Repository/Catalogos/Transportistas/Transportistas/Date/31December' is clicked on

2020-12-09 17:49:22 - [TEST_STEP][PASSED] - delay(2): Delayed 2 second(s)

2020-12-09 17:49:24 - [MESSAGE][PASSED] - Delayed 2 second(s)

2020-12-09 17:49:24 - [TEST_STEP][PASSED] - click(findTestObject("Catalogos/Transportistas/Transportistas/Aceptar"), CONTINUE_ON_FAILURE): Object: 'Object Repository/Catalogos/Transportistas/Transportistas/Aceptar' is clicked on

2020-12-09 17:49:24 - [MESSAGE][PASSED] - Object: 'Object Repository/Catalogos/Transportistas/Transportistas/Aceptar' is clicked on

2020-12-09 17:49:24 - [TEST_STEP][PASSED] - closeBrowser(CONTINUE_ON_FAILURE): Browser is closed

2020-12-09 17:49:25 - [MESSAGE][PASSED] - Browser is closed]]></system-out>
         <system-err><![CDATA[]]></system-err>
      </testcase>
      <testcase name="Test Cases/Catalogos/Transportistas/Transportistas/Captura/Create_transpor" time="34.734" classname="Test Cases/Catalogos/Transportistas/Transportistas/Captura/Create_transpor" status="PASSED">
         <system-out><![CDATA[2020-12-09 17:49:25 - [TEST_CASE][PASSED] - Test Cases/Catalogos/Transportistas/Transportistas/Captura/Create_transpor: Test Cases/Catalogos/Transportistas/Transportistas/Captura/Create_transpor

2020-12-09 17:49:25 - [TEST_STEP][PASSED] - callTestCase(findTestCase("Login/Log-in"), ["unidad":"San Dimas"], CONTINUE_ON_FAILURE): Call Test Case 'Test Cases/Login/Log-in' successfully

2020-12-09 17:49:25 - [TEST_CASE][PASSED] - Test Cases/Login/Log-in: Test Cases/Login/Log-in

2020-12-09 17:49:25 - [TEST_STEP][PASSED] - openBrowser(url): Browser is opened with url: 'https://mb-dev.firstmajestic.com/'

2020-12-09 17:49:25 - [MESSAGE][INFO] - Starting 'Chrome' driver

2020-12-09 17:49:30 - [MESSAGE][PASSED] - Browser is opened with url: 'https://mb-dev.firstmajestic.com/'

2020-12-09 17:49:30 - [TEST_STEP][PASSED] - maximizeWindow(): Current window maximized

2020-12-09 17:49:32 - [MESSAGE][PASSED] - Current window maximized

2020-12-09 17:49:32 - [TEST_STEP][PASSED] - click(findTestObject("Login/La parrilla login/select_Seleccionar UnidadLa ParrillaLa Enca_3f6097")): Object: 'Object Repository/Login/La parrilla login/select_Seleccionar UnidadLa ParrillaLa Enca_3f6097' is clicked on

2020-12-09 17:49:32 - [MESSAGE][PASSED] - Object: 'Object Repository/Login/La parrilla login/select_Seleccionar UnidadLa ParrillaLa Enca_3f6097' is clicked on

2020-12-09 17:49:32 - [TEST_STEP][PASSED] - selectOptionByLabel(findTestObject("Login/La parrilla login/select_Seleccionar UnidadLa ParrillaLa Enca_3f6097"), unidad, false): All options with label 'San Dimas' are selected in object 'Object Repository/Login/La parrilla login/select_Seleccionar UnidadLa ParrillaLa Enca_3f6097' 

2020-12-09 17:49:33 - [MESSAGE][PASSED] - All options with label 'San Dimas' are selected in object 'Object Repository/Login/La parrilla login/select_Seleccionar UnidadLa ParrillaLa Enca_3f6097' 

2020-12-09 17:49:33 - [TEST_STEP][PASSED] - click(findTestObject("Login/La parrilla login/button_Iniciar Sesin")): Object: 'Object Repository/Login/La parrilla login/button_Iniciar Sesin' is clicked on

2020-12-09 17:49:33 - [MESSAGE][PASSED] - Object: 'Object Repository/Login/La parrilla login/button_Iniciar Sesin' is clicked on

2020-12-09 17:49:33 - [TEST_STEP][PASSED] - click(findTestObject("Login/La parrilla login/input_Sign in with your corporate ID_btn bt_b79ff6")): Object: 'Object Repository/Login/La parrilla login/input_Sign in with your corporate ID_btn bt_b79ff6' is clicked on

2020-12-09 17:49:35 - [MESSAGE][PASSED] - Object: 'Object Repository/Login/La parrilla login/input_Sign in with your corporate ID_btn bt_b79ff6' is clicked on

2020-12-09 17:49:35 - [TEST_STEP][PASSED] - setText(findTestObject("Login/La parrilla login/input_Sign in_loginfmt"), "iperez@firstmajestic.com"): Text 'iperez@firstmajestic.com' is set on object 'Object Repository/Login/La parrilla login/input_Sign in_loginfmt'

2020-12-09 17:49:38 - [MESSAGE][PASSED] - Text 'iperez@firstmajestic.com' is set on object 'Object Repository/Login/La parrilla login/input_Sign in_loginfmt'

2020-12-09 17:49:38 - [TEST_STEP][PASSED] - click(findTestObject("Login/La parrilla login/input_Sign in_idSIButton9")): Object: 'Object Repository/Login/La parrilla login/input_Sign in_idSIButton9' is clicked on

2020-12-09 17:49:38 - [MESSAGE][PASSED] - Object: 'Object Repository/Login/La parrilla login/input_Sign in_idSIButton9' is clicked on

2020-12-09 17:49:38 - [TEST_STEP][PASSED] - setEncryptedText(findTestObject("Login/La parrilla login/input_Enter password_passwd"), "ykGCkDCd7AS2UCfUpOmvYw=="): Text ****** has been set on object 'Object Repository/Login/La parrilla login/input_Enter password_passwd'

2020-12-09 17:49:40 - [MESSAGE][PASSED] - Text ****** has been set on object 'Object Repository/Login/La parrilla login/input_Enter password_passwd'

2020-12-09 17:49:40 - [TEST_STEP][PASSED] - click(findTestObject("Login/La parrilla login/input_Sign in_idSIButton9")): Object: 'Object Repository/Login/La parrilla login/input_Sign in_idSIButton9' is clicked on

2020-12-09 17:49:41 - [MESSAGE][PASSED] - Object: 'Object Repository/Login/La parrilla login/input_Sign in_idSIButton9' is clicked on

2020-12-09 17:49:41 - [TEST_STEP][PASSED] - click(findTestObject("Login/La parrilla login/input_Sign in_idSIButton9")): Object: 'Object Repository/Login/La parrilla login/input_Sign in_idSIButton9' is clicked on

2020-12-09 17:49:46 - [MESSAGE][PASSED] - Object: 'Object Repository/Login/La parrilla login/input_Sign in_idSIButton9' is clicked on

2020-12-09 17:49:46 - [TEST_STEP][PASSED] - verifyElementText(findTestObject("Login/La parrilla login/div_Bienvenido a Balance Metalrgico Irving"), "Bienvenido a Balance MetalÃºrgico: Irving"): Actual text and expected text of test object 'Object Repository/Login/La parrilla login/div_Bienvenido a Balance Metalrgico Irving' are matched.

2020-12-09 17:49:49 - [MESSAGE][PASSED] - Actual text and expected text of test object 'Object Repository/Login/La parrilla login/div_Bienvenido a Balance Metalrgico Irving' are matched.

2020-12-09 17:49:49 - [MESSAGE][PASSED] - Call Test Case 'Test Cases/Login/Log-in' successfully

2020-12-09 17:49:49 - [TEST_STEP][PASSED] - click(findTestObject("Catalogos/button_Catlogos"), CONTINUE_ON_FAILURE): Object: 'Object Repository/Catalogos/button_Catlogos' is clicked on

2020-12-09 17:49:50 - [MESSAGE][PASSED] - Object: 'Object Repository/Catalogos/button_Catlogos' is clicked on

2020-12-09 17:49:50 - [TEST_STEP][PASSED] - click(findTestObject("Catalogos/Transportistas/Transportistas/Transpor"), CONTINUE_ON_FAILURE): Object: 'Object Repository/Catalogos/Transportistas/Transportistas/Transpor' is clicked on

2020-12-09 17:49:50 - [MESSAGE][PASSED] - Object: 'Object Repository/Catalogos/Transportistas/Transportistas/Transpor' is clicked on

2020-12-09 17:49:50 - [TEST_STEP][PASSED] - click(findTestObject("Catalogos/Transportistas/Transportistas/Transpor_2"), CONTINUE_ON_FAILURE): Object: 'Object Repository/Catalogos/Transportistas/Transportistas/Transpor_2' is clicked on

2020-12-09 17:49:51 - [MESSAGE][PASSED] - Object: 'Object Repository/Catalogos/Transportistas/Transportistas/Transpor_2' is clicked on

2020-12-09 17:49:51 - [TEST_STEP][PASSED] - click(findTestObject("Catalogos/Transportistas/Transportistas/Btn_capturaT"), CONTINUE_ON_FAILURE): Object: 'Object Repository/Catalogos/Transportistas/Transportistas/Btn_capturaT' is clicked on

2020-12-09 17:49:51 - [MESSAGE][PASSED] - Object: 'Object Repository/Catalogos/Transportistas/Transportistas/Btn_capturaT' is clicked on

2020-12-09 17:49:51 - [TEST_STEP][PASSED] - setText(findTestObject("Catalogos/Transportistas/Transportistas/razon_social"), razon_s, CONTINUE_ON_FAILURE): Text 'Juan Manuel Gamez Gallegos' is set on object 'Object Repository/Catalogos/Transportistas/Transportistas/razon_social'

2020-12-09 17:49:52 - [MESSAGE][PASSED] - Text 'Juan Manuel Gamez Gallegos' is set on object 'Object Repository/Catalogos/Transportistas/Transportistas/razon_social'

2020-12-09 17:49:52 - [TEST_STEP][PASSED] - setText(findTestObject("Catalogos/Transportistas/Transportistas/contrato"), contrato, CONTINUE_ON_FAILURE): Text 'FMS-JMGG-25' is set on object 'Object Repository/Catalogos/Transportistas/Transportistas/contrato'

2020-12-09 17:49:53 - [MESSAGE][PASSED] - Text 'FMS-JMGG-25' is set on object 'Object Repository/Catalogos/Transportistas/Transportistas/contrato'

2020-12-09 17:49:53 - [TEST_STEP][PASSED] - click(findTestObject("Catalogos/Transportistas/Transportistas/Date/fecha"), CONTINUE_ON_FAILURE): Object: 'Object Repository/Catalogos/Transportistas/Transportistas/Date/fecha' is clicked on

2020-12-09 17:49:54 - [MESSAGE][PASSED] - Object: 'Object Repository/Catalogos/Transportistas/Transportistas/Date/fecha' is clicked on

2020-12-09 17:49:54 - [TEST_STEP][PASSED] - click(findTestObject("Catalogos/Transportistas/Transportistas/Date/year"), CONTINUE_ON_FAILURE): Object: 'Object Repository/Catalogos/Transportistas/Transportistas/Date/year' is clicked on

2020-12-09 17:49:54 - [MESSAGE][PASSED] - Object: 'Object Repository/Catalogos/Transportistas/Transportistas/Date/year' is clicked on

2020-12-09 17:49:54 - [TEST_STEP][PASSED] - click(findTestObject("Catalogos/Transportistas/Transportistas/Date/Year2025"), CONTINUE_ON_FAILURE): Object: 'Object Repository/Catalogos/Transportistas/Transportistas/Date/Year2025' is clicked on

2020-12-09 17:49:55 - [MESSAGE][PASSED] - Object: 'Object Repository/Catalogos/Transportistas/Transportistas/Date/Year2025' is clicked on

2020-12-09 17:49:55 - [TEST_STEP][PASSED] - click(findTestObject("Catalogos/Transportistas/Transportistas/Date/month"), CONTINUE_ON_FAILURE): Object: 'Object Repository/Catalogos/Transportistas/Transportistas/Date/month' is clicked on

2020-12-09 17:49:55 - [MESSAGE][PASSED] - Object: 'Object Repository/Catalogos/Transportistas/Transportistas/Date/month' is clicked on

2020-12-09 17:49:55 - [TEST_STEP][PASSED] - click(findTestObject("Catalogos/Transportistas/Transportistas/Date/december"), CONTINUE_ON_FAILURE): Object: 'Object Repository/Catalogos/Transportistas/Transportistas/Date/december' is clicked on

2020-12-09 17:49:56 - [MESSAGE][PASSED] - Object: 'Object Repository/Catalogos/Transportistas/Transportistas/Date/december' is clicked on

2020-12-09 17:49:56 - [TEST_STEP][PASSED] - click(findTestObject("Catalogos/Transportistas/Transportistas/Date/31December"), CONTINUE_ON_FAILURE): Object: 'Object Repository/Catalogos/Transportistas/Transportistas/Date/31December' is clicked on

2020-12-09 17:49:57 - [MESSAGE][PASSED] - Object: 'Object Repository/Catalogos/Transportistas/Transportistas/Date/31December' is clicked on

2020-12-09 17:49:57 - [TEST_STEP][PASSED] - delay(2): Delayed 2 second(s)

2020-12-09 17:49:59 - [MESSAGE][PASSED] - Delayed 2 second(s)

2020-12-09 17:49:59 - [TEST_STEP][PASSED] - click(findTestObject("Catalogos/Transportistas/Transportistas/Aceptar"), CONTINUE_ON_FAILURE): Object: 'Object Repository/Catalogos/Transportistas/Transportistas/Aceptar' is clicked on

2020-12-09 17:49:59 - [MESSAGE][PASSED] - Object: 'Object Repository/Catalogos/Transportistas/Transportistas/Aceptar' is clicked on

2020-12-09 17:49:59 - [TEST_STEP][PASSED] - closeBrowser(CONTINUE_ON_FAILURE): Browser is closed

2020-12-09 17:50:00 - [MESSAGE][PASSED] - Browser is closed]]></system-out>
         <system-err><![CDATA[]]></system-err>
      </testcase>
      <testcase name="Test Cases/Catalogos/Transportistas/Transportistas/Captura/Create_transpor" time="35.713" classname="Test Cases/Catalogos/Transportistas/Transportistas/Captura/Create_transpor" status="PASSED">
         <system-out><![CDATA[2020-12-09 17:50:00 - [TEST_CASE][PASSED] - Test Cases/Catalogos/Transportistas/Transportistas/Captura/Create_transpor: Test Cases/Catalogos/Transportistas/Transportistas/Captura/Create_transpor

2020-12-09 17:50:00 - [TEST_STEP][PASSED] - callTestCase(findTestCase("Login/Log-in"), ["unidad":"San Dimas"], CONTINUE_ON_FAILURE): Call Test Case 'Test Cases/Login/Log-in' successfully

2020-12-09 17:50:00 - [TEST_CASE][PASSED] - Test Cases/Login/Log-in: Test Cases/Login/Log-in

2020-12-09 17:50:00 - [TEST_STEP][PASSED] - openBrowser(url): Browser is opened with url: 'https://mb-dev.firstmajestic.com/'

2020-12-09 17:50:00 - [MESSAGE][INFO] - Starting 'Chrome' driver

2020-12-09 17:50:06 - [MESSAGE][PASSED] - Browser is opened with url: 'https://mb-dev.firstmajestic.com/'

2020-12-09 17:50:06 - [TEST_STEP][PASSED] - maximizeWindow(): Current window maximized

2020-12-09 17:50:07 - [MESSAGE][PASSED] - Current window maximized

2020-12-09 17:50:07 - [TEST_STEP][PASSED] - click(findTestObject("Login/La parrilla login/select_Seleccionar UnidadLa ParrillaLa Enca_3f6097")): Object: 'Object Repository/Login/La parrilla login/select_Seleccionar UnidadLa ParrillaLa Enca_3f6097' is clicked on

2020-12-09 17:50:07 - [MESSAGE][PASSED] - Object: 'Object Repository/Login/La parrilla login/select_Seleccionar UnidadLa ParrillaLa Enca_3f6097' is clicked on

2020-12-09 17:50:07 - [TEST_STEP][PASSED] - selectOptionByLabel(findTestObject("Login/La parrilla login/select_Seleccionar UnidadLa ParrillaLa Enca_3f6097"), unidad, false): All options with label 'San Dimas' are selected in object 'Object Repository/Login/La parrilla login/select_Seleccionar UnidadLa ParrillaLa Enca_3f6097' 

2020-12-09 17:50:08 - [MESSAGE][PASSED] - All options with label 'San Dimas' are selected in object 'Object Repository/Login/La parrilla login/select_Seleccionar UnidadLa ParrillaLa Enca_3f6097' 

2020-12-09 17:50:08 - [TEST_STEP][PASSED] - click(findTestObject("Login/La parrilla login/button_Iniciar Sesin")): Object: 'Object Repository/Login/La parrilla login/button_Iniciar Sesin' is clicked on

2020-12-09 17:50:08 - [MESSAGE][PASSED] - Object: 'Object Repository/Login/La parrilla login/button_Iniciar Sesin' is clicked on

2020-12-09 17:50:08 - [TEST_STEP][PASSED] - click(findTestObject("Login/La parrilla login/input_Sign in with your corporate ID_btn bt_b79ff6")): Object: 'Object Repository/Login/La parrilla login/input_Sign in with your corporate ID_btn bt_b79ff6' is clicked on

2020-12-09 17:50:11 - [MESSAGE][PASSED] - Object: 'Object Repository/Login/La parrilla login/input_Sign in with your corporate ID_btn bt_b79ff6' is clicked on

2020-12-09 17:50:11 - [TEST_STEP][PASSED] - setText(findTestObject("Login/La parrilla login/input_Sign in_loginfmt"), "iperez@firstmajestic.com"): Text 'iperez@firstmajestic.com' is set on object 'Object Repository/Login/La parrilla login/input_Sign in_loginfmt'

2020-12-09 17:50:13 - [MESSAGE][PASSED] - Text 'iperez@firstmajestic.com' is set on object 'Object Repository/Login/La parrilla login/input_Sign in_loginfmt'

2020-12-09 17:50:13 - [TEST_STEP][PASSED] - click(findTestObject("Login/La parrilla login/input_Sign in_idSIButton9")): Object: 'Object Repository/Login/La parrilla login/input_Sign in_idSIButton9' is clicked on

2020-12-09 17:50:13 - [MESSAGE][PASSED] - Object: 'Object Repository/Login/La parrilla login/input_Sign in_idSIButton9' is clicked on

2020-12-09 17:50:13 - [TEST_STEP][PASSED] - setEncryptedText(findTestObject("Login/La parrilla login/input_Enter password_passwd"), "ykGCkDCd7AS2UCfUpOmvYw=="): Text ****** has been set on object 'Object Repository/Login/La parrilla login/input_Enter password_passwd'

2020-12-09 17:50:15 - [MESSAGE][PASSED] - Text ****** has been set on object 'Object Repository/Login/La parrilla login/input_Enter password_passwd'

2020-12-09 17:50:15 - [TEST_STEP][PASSED] - click(findTestObject("Login/La parrilla login/input_Sign in_idSIButton9")): Object: 'Object Repository/Login/La parrilla login/input_Sign in_idSIButton9' is clicked on

2020-12-09 17:50:16 - [MESSAGE][PASSED] - Object: 'Object Repository/Login/La parrilla login/input_Sign in_idSIButton9' is clicked on

2020-12-09 17:50:16 - [TEST_STEP][PASSED] - click(findTestObject("Login/La parrilla login/input_Sign in_idSIButton9")): Object: 'Object Repository/Login/La parrilla login/input_Sign in_idSIButton9' is clicked on

2020-12-09 17:50:22 - [MESSAGE][PASSED] - Object: 'Object Repository/Login/La parrilla login/input_Sign in_idSIButton9' is clicked on

2020-12-09 17:50:22 - [TEST_STEP][PASSED] - verifyElementText(findTestObject("Login/La parrilla login/div_Bienvenido a Balance Metalrgico Irving"), "Bienvenido a Balance MetalÃºrgico: Irving"): Actual text and expected text of test object 'Object Repository/Login/La parrilla login/div_Bienvenido a Balance Metalrgico Irving' are matched.

2020-12-09 17:50:25 - [MESSAGE][PASSED] - Actual text and expected text of test object 'Object Repository/Login/La parrilla login/div_Bienvenido a Balance Metalrgico Irving' are matched.

2020-12-09 17:50:25 - [MESSAGE][PASSED] - Call Test Case 'Test Cases/Login/Log-in' successfully

2020-12-09 17:50:25 - [TEST_STEP][PASSED] - click(findTestObject("Catalogos/button_Catlogos"), CONTINUE_ON_FAILURE): Object: 'Object Repository/Catalogos/button_Catlogos' is clicked on

2020-12-09 17:50:25 - [MESSAGE][PASSED] - Object: 'Object Repository/Catalogos/button_Catlogos' is clicked on

2020-12-09 17:50:25 - [TEST_STEP][PASSED] - click(findTestObject("Catalogos/Transportistas/Transportistas/Transpor"), CONTINUE_ON_FAILURE): Object: 'Object Repository/Catalogos/Transportistas/Transportistas/Transpor' is clicked on

2020-12-09 17:50:26 - [MESSAGE][PASSED] - Object: 'Object Repository/Catalogos/Transportistas/Transportistas/Transpor' is clicked on

2020-12-09 17:50:26 - [TEST_STEP][PASSED] - click(findTestObject("Catalogos/Transportistas/Transportistas/Transpor_2"), CONTINUE_ON_FAILURE): Object: 'Object Repository/Catalogos/Transportistas/Transportistas/Transpor_2' is clicked on

2020-12-09 17:50:27 - [MESSAGE][PASSED] - Object: 'Object Repository/Catalogos/Transportistas/Transportistas/Transpor_2' is clicked on

2020-12-09 17:50:27 - [TEST_STEP][PASSED] - click(findTestObject("Catalogos/Transportistas/Transportistas/Btn_capturaT"), CONTINUE_ON_FAILURE): Object: 'Object Repository/Catalogos/Transportistas/Transportistas/Btn_capturaT' is clicked on

2020-12-09 17:50:27 - [MESSAGE][PASSED] - Object: 'Object Repository/Catalogos/Transportistas/Transportistas/Btn_capturaT' is clicked on

2020-12-09 17:50:27 - [TEST_STEP][PASSED] - setText(findTestObject("Catalogos/Transportistas/Transportistas/razon_social"), razon_s, CONTINUE_ON_FAILURE): Text 'TRESMIMACS' is set on object 'Object Repository/Catalogos/Transportistas/Transportistas/razon_social'

2020-12-09 17:50:28 - [MESSAGE][PASSED] - Text 'TRESMIMACS' is set on object 'Object Repository/Catalogos/Transportistas/Transportistas/razon_social'

2020-12-09 17:50:28 - [TEST_STEP][PASSED] - setText(findTestObject("Catalogos/Transportistas/Transportistas/contrato"), contrato, CONTINUE_ON_FAILURE): Text 'FMS-TRESMI-25' is set on object 'Object Repository/Catalogos/Transportistas/Transportistas/contrato'

2020-12-09 17:50:29 - [MESSAGE][PASSED] - Text 'FMS-TRESMI-25' is set on object 'Object Repository/Catalogos/Transportistas/Transportistas/contrato'

2020-12-09 17:50:29 - [TEST_STEP][PASSED] - click(findTestObject("Catalogos/Transportistas/Transportistas/Date/fecha"), CONTINUE_ON_FAILURE): Object: 'Object Repository/Catalogos/Transportistas/Transportistas/Date/fecha' is clicked on

2020-12-09 17:50:29 - [MESSAGE][PASSED] - Object: 'Object Repository/Catalogos/Transportistas/Transportistas/Date/fecha' is clicked on

2020-12-09 17:50:29 - [TEST_STEP][PASSED] - click(findTestObject("Catalogos/Transportistas/Transportistas/Date/year"), CONTINUE_ON_FAILURE): Object: 'Object Repository/Catalogos/Transportistas/Transportistas/Date/year' is clicked on

2020-12-09 17:50:30 - [MESSAGE][PASSED] - Object: 'Object Repository/Catalogos/Transportistas/Transportistas/Date/year' is clicked on

2020-12-09 17:50:30 - [TEST_STEP][PASSED] - click(findTestObject("Catalogos/Transportistas/Transportistas/Date/Year2025"), CONTINUE_ON_FAILURE): Object: 'Object Repository/Catalogos/Transportistas/Transportistas/Date/Year2025' is clicked on

2020-12-09 17:50:31 - [MESSAGE][PASSED] - Object: 'Object Repository/Catalogos/Transportistas/Transportistas/Date/Year2025' is clicked on

2020-12-09 17:50:31 - [TEST_STEP][PASSED] - click(findTestObject("Catalogos/Transportistas/Transportistas/Date/month"), CONTINUE_ON_FAILURE): Object: 'Object Repository/Catalogos/Transportistas/Transportistas/Date/month' is clicked on

2020-12-09 17:50:31 - [MESSAGE][PASSED] - Object: 'Object Repository/Catalogos/Transportistas/Transportistas/Date/month' is clicked on

2020-12-09 17:50:31 - [TEST_STEP][PASSED] - click(findTestObject("Catalogos/Transportistas/Transportistas/Date/december"), CONTINUE_ON_FAILURE): Object: 'Object Repository/Catalogos/Transportistas/Transportistas/Date/december' is clicked on

2020-12-09 17:50:32 - [MESSAGE][PASSED] - Object: 'Object Repository/Catalogos/Transportistas/Transportistas/Date/december' is clicked on

2020-12-09 17:50:32 - [TEST_STEP][PASSED] - click(findTestObject("Catalogos/Transportistas/Transportistas/Date/31December"), CONTINUE_ON_FAILURE): Object: 'Object Repository/Catalogos/Transportistas/Transportistas/Date/31December' is clicked on

2020-12-09 17:50:32 - [MESSAGE][PASSED] - Object: 'Object Repository/Catalogos/Transportistas/Transportistas/Date/31December' is clicked on

2020-12-09 17:50:32 - [TEST_STEP][PASSED] - delay(2): Delayed 2 second(s)

2020-12-09 17:50:34 - [MESSAGE][PASSED] - Delayed 2 second(s)

2020-12-09 17:50:34 - [TEST_STEP][PASSED] - click(findTestObject("Catalogos/Transportistas/Transportistas/Aceptar"), CONTINUE_ON_FAILURE): Object: 'Object Repository/Catalogos/Transportistas/Transportistas/Aceptar' is clicked on

2020-12-09 17:50:35 - [MESSAGE][PASSED] - Object: 'Object Repository/Catalogos/Transportistas/Transportistas/Aceptar' is clicked on

2020-12-09 17:50:35 - [TEST_STEP][PASSED] - closeBrowser(CONTINUE_ON_FAILURE): Browser is closed

2020-12-09 17:50:36 - [MESSAGE][PASSED] - Browser is closed]]></system-out>
         <system-err><![CDATA[]]></system-err>
      </testcase>
      <testcase name="Test Cases/Catalogos/Transportistas/Transportistas/Captura/Create_transpor" time="35.77" classname="Test Cases/Catalogos/Transportistas/Transportistas/Captura/Create_transpor" status="PASSED">
         <system-out><![CDATA[2020-12-09 17:50:36 - [TEST_CASE][PASSED] - Test Cases/Catalogos/Transportistas/Transportistas/Captura/Create_transpor: Test Cases/Catalogos/Transportistas/Transportistas/Captura/Create_transpor

2020-12-09 17:50:36 - [TEST_STEP][PASSED] - callTestCase(findTestCase("Login/Log-in"), ["unidad":"San Dimas"], CONTINUE_ON_FAILURE): Call Test Case 'Test Cases/Login/Log-in' successfully

2020-12-09 17:50:36 - [TEST_CASE][PASSED] - Test Cases/Login/Log-in: Test Cases/Login/Log-in

2020-12-09 17:50:36 - [TEST_STEP][PASSED] - openBrowser(url): Browser is opened with url: 'https://mb-dev.firstmajestic.com/'

2020-12-09 17:50:36 - [MESSAGE][INFO] - Starting 'Chrome' driver

2020-12-09 17:50:41 - [MESSAGE][PASSED] - Browser is opened with url: 'https://mb-dev.firstmajestic.com/'

2020-12-09 17:50:41 - [TEST_STEP][PASSED] - maximizeWindow(): Current window maximized

2020-12-09 17:50:42 - [MESSAGE][PASSED] - Current window maximized

2020-12-09 17:50:42 - [TEST_STEP][PASSED] - click(findTestObject("Login/La parrilla login/select_Seleccionar UnidadLa ParrillaLa Enca_3f6097")): Object: 'Object Repository/Login/La parrilla login/select_Seleccionar UnidadLa ParrillaLa Enca_3f6097' is clicked on

2020-12-09 17:50:43 - [MESSAGE][PASSED] - Object: 'Object Repository/Login/La parrilla login/select_Seleccionar UnidadLa ParrillaLa Enca_3f6097' is clicked on

2020-12-09 17:50:43 - [TEST_STEP][PASSED] - selectOptionByLabel(findTestObject("Login/La parrilla login/select_Seleccionar UnidadLa ParrillaLa Enca_3f6097"), unidad, false): All options with label 'San Dimas' are selected in object 'Object Repository/Login/La parrilla login/select_Seleccionar UnidadLa ParrillaLa Enca_3f6097' 

2020-12-09 17:50:44 - [MESSAGE][PASSED] - All options with label 'San Dimas' are selected in object 'Object Repository/Login/La parrilla login/select_Seleccionar UnidadLa ParrillaLa Enca_3f6097' 

2020-12-09 17:50:44 - [TEST_STEP][PASSED] - click(findTestObject("Login/La parrilla login/button_Iniciar Sesin")): Object: 'Object Repository/Login/La parrilla login/button_Iniciar Sesin' is clicked on

2020-12-09 17:50:44 - [MESSAGE][PASSED] - Object: 'Object Repository/Login/La parrilla login/button_Iniciar Sesin' is clicked on

2020-12-09 17:50:44 - [TEST_STEP][PASSED] - click(findTestObject("Login/La parrilla login/input_Sign in with your corporate ID_btn bt_b79ff6")): Object: 'Object Repository/Login/La parrilla login/input_Sign in with your corporate ID_btn bt_b79ff6' is clicked on

2020-12-09 17:50:47 - [MESSAGE][PASSED] - Object: 'Object Repository/Login/La parrilla login/input_Sign in with your corporate ID_btn bt_b79ff6' is clicked on

2020-12-09 17:50:47 - [TEST_STEP][PASSED] - setText(findTestObject("Login/La parrilla login/input_Sign in_loginfmt"), "iperez@firstmajestic.com"): Text 'iperez@firstmajestic.com' is set on object 'Object Repository/Login/La parrilla login/input_Sign in_loginfmt'

2020-12-09 17:50:50 - [MESSAGE][PASSED] - Text 'iperez@firstmajestic.com' is set on object 'Object Repository/Login/La parrilla login/input_Sign in_loginfmt'

2020-12-09 17:50:50 - [TEST_STEP][PASSED] - click(findTestObject("Login/La parrilla login/input_Sign in_idSIButton9")): Object: 'Object Repository/Login/La parrilla login/input_Sign in_idSIButton9' is clicked on

2020-12-09 17:50:50 - [MESSAGE][PASSED] - Object: 'Object Repository/Login/La parrilla login/input_Sign in_idSIButton9' is clicked on

2020-12-09 17:50:50 - [TEST_STEP][PASSED] - setEncryptedText(findTestObject("Login/La parrilla login/input_Enter password_passwd"), "ykGCkDCd7AS2UCfUpOmvYw=="): Text ****** has been set on object 'Object Repository/Login/La parrilla login/input_Enter password_passwd'

2020-12-09 17:50:52 - [MESSAGE][PASSED] - Text ****** has been set on object 'Object Repository/Login/La parrilla login/input_Enter password_passwd'

2020-12-09 17:50:52 - [TEST_STEP][PASSED] - click(findTestObject("Login/La parrilla login/input_Sign in_idSIButton9")): Object: 'Object Repository/Login/La parrilla login/input_Sign in_idSIButton9' is clicked on

2020-12-09 17:50:53 - [MESSAGE][PASSED] - Object: 'Object Repository/Login/La parrilla login/input_Sign in_idSIButton9' is clicked on

2020-12-09 17:50:53 - [TEST_STEP][PASSED] - click(findTestObject("Login/La parrilla login/input_Sign in_idSIButton9")): Object: 'Object Repository/Login/La parrilla login/input_Sign in_idSIButton9' is clicked on

2020-12-09 17:50:57 - [MESSAGE][PASSED] - Object: 'Object Repository/Login/La parrilla login/input_Sign in_idSIButton9' is clicked on

2020-12-09 17:50:57 - [TEST_STEP][PASSED] - verifyElementText(findTestObject("Login/La parrilla login/div_Bienvenido a Balance Metalrgico Irving"), "Bienvenido a Balance MetalÃºrgico: Irving"): Actual text and expected text of test object 'Object Repository/Login/La parrilla login/div_Bienvenido a Balance Metalrgico Irving' are matched.

2020-12-09 17:51:01 - [MESSAGE][PASSED] - Actual text and expected text of test object 'Object Repository/Login/La parrilla login/div_Bienvenido a Balance Metalrgico Irving' are matched.

2020-12-09 17:51:01 - [MESSAGE][PASSED] - Call Test Case 'Test Cases/Login/Log-in' successfully

2020-12-09 17:51:01 - [TEST_STEP][PASSED] - click(findTestObject("Catalogos/button_Catlogos"), CONTINUE_ON_FAILURE): Object: 'Object Repository/Catalogos/button_Catlogos' is clicked on

2020-12-09 17:51:01 - [MESSAGE][PASSED] - Object: 'Object Repository/Catalogos/button_Catlogos' is clicked on

2020-12-09 17:51:01 - [TEST_STEP][PASSED] - click(findTestObject("Catalogos/Transportistas/Transportistas/Transpor"), CONTINUE_ON_FAILURE): Object: 'Object Repository/Catalogos/Transportistas/Transportistas/Transpor' is clicked on

2020-12-09 17:51:01 - [MESSAGE][PASSED] - Object: 'Object Repository/Catalogos/Transportistas/Transportistas/Transpor' is clicked on

2020-12-09 17:51:01 - [TEST_STEP][PASSED] - click(findTestObject("Catalogos/Transportistas/Transportistas/Transpor_2"), CONTINUE_ON_FAILURE): Object: 'Object Repository/Catalogos/Transportistas/Transportistas/Transpor_2' is clicked on

2020-12-09 17:51:02 - [MESSAGE][PASSED] - Object: 'Object Repository/Catalogos/Transportistas/Transportistas/Transpor_2' is clicked on

2020-12-09 17:51:02 - [TEST_STEP][PASSED] - click(findTestObject("Catalogos/Transportistas/Transportistas/Btn_capturaT"), CONTINUE_ON_FAILURE): Object: 'Object Repository/Catalogos/Transportistas/Transportistas/Btn_capturaT' is clicked on

2020-12-09 17:51:03 - [MESSAGE][PASSED] - Object: 'Object Repository/Catalogos/Transportistas/Transportistas/Btn_capturaT' is clicked on

2020-12-09 17:51:03 - [TEST_STEP][PASSED] - setText(findTestObject("Catalogos/Transportistas/Transportistas/razon_social"), razon_s, CONTINUE_ON_FAILURE): Text 'Javier Elguezabal Elguezabal' is set on object 'Object Repository/Catalogos/Transportistas/Transportistas/razon_social'

2020-12-09 17:51:04 - [MESSAGE][PASSED] - Text 'Javier Elguezabal Elguezabal' is set on object 'Object Repository/Catalogos/Transportistas/Transportistas/razon_social'

2020-12-09 17:51:04 - [TEST_STEP][PASSED] - setText(findTestObject("Catalogos/Transportistas/Transportistas/contrato"), contrato, CONTINUE_ON_FAILURE): Text 'FMS-JEE-25' is set on object 'Object Repository/Catalogos/Transportistas/Transportistas/contrato'

2020-12-09 17:51:04 - [MESSAGE][PASSED] - Text 'FMS-JEE-25' is set on object 'Object Repository/Catalogos/Transportistas/Transportistas/contrato'

2020-12-09 17:51:04 - [TEST_STEP][PASSED] - click(findTestObject("Catalogos/Transportistas/Transportistas/Date/fecha"), CONTINUE_ON_FAILURE): Object: 'Object Repository/Catalogos/Transportistas/Transportistas/Date/fecha' is clicked on

2020-12-09 17:51:05 - [MESSAGE][PASSED] - Object: 'Object Repository/Catalogos/Transportistas/Transportistas/Date/fecha' is clicked on

2020-12-09 17:51:05 - [TEST_STEP][PASSED] - click(findTestObject("Catalogos/Transportistas/Transportistas/Date/year"), CONTINUE_ON_FAILURE): Object: 'Object Repository/Catalogos/Transportistas/Transportistas/Date/year' is clicked on

2020-12-09 17:51:06 - [MESSAGE][PASSED] - Object: 'Object Repository/Catalogos/Transportistas/Transportistas/Date/year' is clicked on

2020-12-09 17:51:06 - [TEST_STEP][PASSED] - click(findTestObject("Catalogos/Transportistas/Transportistas/Date/Year2025"), CONTINUE_ON_FAILURE): Object: 'Object Repository/Catalogos/Transportistas/Transportistas/Date/Year2025' is clicked on

2020-12-09 17:51:06 - [MESSAGE][PASSED] - Object: 'Object Repository/Catalogos/Transportistas/Transportistas/Date/Year2025' is clicked on

2020-12-09 17:51:06 - [TEST_STEP][PASSED] - click(findTestObject("Catalogos/Transportistas/Transportistas/Date/month"), CONTINUE_ON_FAILURE): Object: 'Object Repository/Catalogos/Transportistas/Transportistas/Date/month' is clicked on

2020-12-09 17:51:07 - [MESSAGE][PASSED] - Object: 'Object Repository/Catalogos/Transportistas/Transportistas/Date/month' is clicked on

2020-12-09 17:51:07 - [TEST_STEP][PASSED] - click(findTestObject("Catalogos/Transportistas/Transportistas/Date/december"), CONTINUE_ON_FAILURE): Object: 'Object Repository/Catalogos/Transportistas/Transportistas/Date/december' is clicked on

2020-12-09 17:51:08 - [MESSAGE][PASSED] - Object: 'Object Repository/Catalogos/Transportistas/Transportistas/Date/december' is clicked on

2020-12-09 17:51:08 - [TEST_STEP][PASSED] - click(findTestObject("Catalogos/Transportistas/Transportistas/Date/31December"), CONTINUE_ON_FAILURE): Object: 'Object Repository/Catalogos/Transportistas/Transportistas/Date/31December' is clicked on

2020-12-09 17:51:08 - [MESSAGE][PASSED] - Object: 'Object Repository/Catalogos/Transportistas/Transportistas/Date/31December' is clicked on

2020-12-09 17:51:08 - [TEST_STEP][PASSED] - delay(2): Delayed 2 second(s)

2020-12-09 17:51:10 - [MESSAGE][PASSED] - Delayed 2 second(s)

2020-12-09 17:51:10 - [TEST_STEP][PASSED] - click(findTestObject("Catalogos/Transportistas/Transportistas/Aceptar"), CONTINUE_ON_FAILURE): Object: 'Object Repository/Catalogos/Transportistas/Transportistas/Aceptar' is clicked on

2020-12-09 17:51:11 - [MESSAGE][PASSED] - Object: 'Object Repository/Catalogos/Transportistas/Transportistas/Aceptar' is clicked on

2020-12-09 17:51:11 - [TEST_STEP][PASSED] - closeBrowser(CONTINUE_ON_FAILURE): Browser is closed

2020-12-09 17:51:11 - [MESSAGE][PASSED] - Browser is closed]]></system-out>
         <system-err><![CDATA[]]></system-err>
      </testcase>
      <testcase name="Test Cases/Catalogos/Transportistas/Transportistas/Captura/Create_transpor" time="36.08" classname="Test Cases/Catalogos/Transportistas/Transportistas/Captura/Create_transpor" status="PASSED">
         <system-out><![CDATA[2020-12-09 17:51:11 - [TEST_CASE][PASSED] - Test Cases/Catalogos/Transportistas/Transportistas/Captura/Create_transpor: Test Cases/Catalogos/Transportistas/Transportistas/Captura/Create_transpor

2020-12-09 17:51:11 - [TEST_STEP][PASSED] - callTestCase(findTestCase("Login/Log-in"), ["unidad":"San Dimas"], CONTINUE_ON_FAILURE): Call Test Case 'Test Cases/Login/Log-in' successfully

2020-12-09 17:51:11 - [TEST_CASE][PASSED] - Test Cases/Login/Log-in: Test Cases/Login/Log-in

2020-12-09 17:51:11 - [TEST_STEP][PASSED] - openBrowser(url): Browser is opened with url: 'https://mb-dev.firstmajestic.com/'

2020-12-09 17:51:11 - [MESSAGE][INFO] - Starting 'Chrome' driver

2020-12-09 17:51:18 - [MESSAGE][PASSED] - Browser is opened with url: 'https://mb-dev.firstmajestic.com/'

2020-12-09 17:51:18 - [TEST_STEP][PASSED] - maximizeWindow(): Current window maximized

2020-12-09 17:51:19 - [MESSAGE][PASSED] - Current window maximized

2020-12-09 17:51:19 - [TEST_STEP][PASSED] - click(findTestObject("Login/La parrilla login/select_Seleccionar UnidadLa ParrillaLa Enca_3f6097")): Object: 'Object Repository/Login/La parrilla login/select_Seleccionar UnidadLa ParrillaLa Enca_3f6097' is clicked on

2020-12-09 17:51:20 - [MESSAGE][PASSED] - Object: 'Object Repository/Login/La parrilla login/select_Seleccionar UnidadLa ParrillaLa Enca_3f6097' is clicked on

2020-12-09 17:51:20 - [TEST_STEP][PASSED] - selectOptionByLabel(findTestObject("Login/La parrilla login/select_Seleccionar UnidadLa ParrillaLa Enca_3f6097"), unidad, false): All options with label 'San Dimas' are selected in object 'Object Repository/Login/La parrilla login/select_Seleccionar UnidadLa ParrillaLa Enca_3f6097' 

2020-12-09 17:51:20 - [MESSAGE][PASSED] - All options with label 'San Dimas' are selected in object 'Object Repository/Login/La parrilla login/select_Seleccionar UnidadLa ParrillaLa Enca_3f6097' 

2020-12-09 17:51:20 - [TEST_STEP][PASSED] - click(findTestObject("Login/La parrilla login/button_Iniciar Sesin")): Object: 'Object Repository/Login/La parrilla login/button_Iniciar Sesin' is clicked on

2020-12-09 17:51:21 - [MESSAGE][PASSED] - Object: 'Object Repository/Login/La parrilla login/button_Iniciar Sesin' is clicked on

2020-12-09 17:51:21 - [TEST_STEP][PASSED] - click(findTestObject("Login/La parrilla login/input_Sign in with your corporate ID_btn bt_b79ff6")): Object: 'Object Repository/Login/La parrilla login/input_Sign in with your corporate ID_btn bt_b79ff6' is clicked on

2020-12-09 17:51:23 - [MESSAGE][PASSED] - Object: 'Object Repository/Login/La parrilla login/input_Sign in with your corporate ID_btn bt_b79ff6' is clicked on

2020-12-09 17:51:23 - [TEST_STEP][PASSED] - setText(findTestObject("Login/La parrilla login/input_Sign in_loginfmt"), "iperez@firstmajestic.com"): Text 'iperez@firstmajestic.com' is set on object 'Object Repository/Login/La parrilla login/input_Sign in_loginfmt'

2020-12-09 17:51:26 - [MESSAGE][PASSED] - Text 'iperez@firstmajestic.com' is set on object 'Object Repository/Login/La parrilla login/input_Sign in_loginfmt'

2020-12-09 17:51:26 - [TEST_STEP][PASSED] - click(findTestObject("Login/La parrilla login/input_Sign in_idSIButton9")): Object: 'Object Repository/Login/La parrilla login/input_Sign in_idSIButton9' is clicked on

2020-12-09 17:51:26 - [MESSAGE][PASSED] - Object: 'Object Repository/Login/La parrilla login/input_Sign in_idSIButton9' is clicked on

2020-12-09 17:51:26 - [TEST_STEP][PASSED] - setEncryptedText(findTestObject("Login/La parrilla login/input_Enter password_passwd"), "ykGCkDCd7AS2UCfUpOmvYw=="): Text ****** has been set on object 'Object Repository/Login/La parrilla login/input_Enter password_passwd'

2020-12-09 17:51:28 - [MESSAGE][PASSED] - Text ****** has been set on object 'Object Repository/Login/La parrilla login/input_Enter password_passwd'

2020-12-09 17:51:28 - [TEST_STEP][PASSED] - click(findTestObject("Login/La parrilla login/input_Sign in_idSIButton9")): Object: 'Object Repository/Login/La parrilla login/input_Sign in_idSIButton9' is clicked on

2020-12-09 17:51:29 - [MESSAGE][PASSED] - Object: 'Object Repository/Login/La parrilla login/input_Sign in_idSIButton9' is clicked on

2020-12-09 17:51:29 - [TEST_STEP][PASSED] - click(findTestObject("Login/La parrilla login/input_Sign in_idSIButton9")): Object: 'Object Repository/Login/La parrilla login/input_Sign in_idSIButton9' is clicked on

2020-12-09 17:51:33 - [MESSAGE][PASSED] - Object: 'Object Repository/Login/La parrilla login/input_Sign in_idSIButton9' is clicked on

2020-12-09 17:51:33 - [TEST_STEP][PASSED] - verifyElementText(findTestObject("Login/La parrilla login/div_Bienvenido a Balance Metalrgico Irving"), "Bienvenido a Balance MetalÃºrgico: Irving"): Actual text and expected text of test object 'Object Repository/Login/La parrilla login/div_Bienvenido a Balance Metalrgico Irving' are matched.

2020-12-09 17:51:36 - [MESSAGE][PASSED] - Actual text and expected text of test object 'Object Repository/Login/La parrilla login/div_Bienvenido a Balance Metalrgico Irving' are matched.

2020-12-09 17:51:36 - [MESSAGE][PASSED] - Call Test Case 'Test Cases/Login/Log-in' successfully

2020-12-09 17:51:36 - [TEST_STEP][PASSED] - click(findTestObject("Catalogos/button_Catlogos"), CONTINUE_ON_FAILURE): Object: 'Object Repository/Catalogos/button_Catlogos' is clicked on

2020-12-09 17:51:37 - [MESSAGE][PASSED] - Object: 'Object Repository/Catalogos/button_Catlogos' is clicked on

2020-12-09 17:51:37 - [TEST_STEP][PASSED] - click(findTestObject("Catalogos/Transportistas/Transportistas/Transpor"), CONTINUE_ON_FAILURE): Object: 'Object Repository/Catalogos/Transportistas/Transportistas/Transpor' is clicked on

2020-12-09 17:51:38 - [MESSAGE][PASSED] - Object: 'Object Repository/Catalogos/Transportistas/Transportistas/Transpor' is clicked on

2020-12-09 17:51:38 - [TEST_STEP][PASSED] - click(findTestObject("Catalogos/Transportistas/Transportistas/Transpor_2"), CONTINUE_ON_FAILURE): Object: 'Object Repository/Catalogos/Transportistas/Transportistas/Transpor_2' is clicked on

2020-12-09 17:51:38 - [MESSAGE][PASSED] - Object: 'Object Repository/Catalogos/Transportistas/Transportistas/Transpor_2' is clicked on

2020-12-09 17:51:38 - [TEST_STEP][PASSED] - click(findTestObject("Catalogos/Transportistas/Transportistas/Btn_capturaT"), CONTINUE_ON_FAILURE): Object: 'Object Repository/Catalogos/Transportistas/Transportistas/Btn_capturaT' is clicked on

2020-12-09 17:51:39 - [MESSAGE][PASSED] - Object: 'Object Repository/Catalogos/Transportistas/Transportistas/Btn_capturaT' is clicked on

2020-12-09 17:51:39 - [TEST_STEP][PASSED] - setText(findTestObject("Catalogos/Transportistas/Transportistas/razon_social"), razon_s, CONTINUE_ON_FAILURE): Text 'SETRAMEX SA DE CV' is set on object 'Object Repository/Catalogos/Transportistas/Transportistas/razon_social'

2020-12-09 17:51:40 - [MESSAGE][PASSED] - Text 'SETRAMEX SA DE CV' is set on object 'Object Repository/Catalogos/Transportistas/Transportistas/razon_social'

2020-12-09 17:51:40 - [TEST_STEP][PASSED] - setText(findTestObject("Catalogos/Transportistas/Transportistas/contrato"), contrato, CONTINUE_ON_FAILURE): Text 'FMS-SETRA-25' is set on object 'Object Repository/Catalogos/Transportistas/Transportistas/contrato'

2020-12-09 17:51:40 - [MESSAGE][PASSED] - Text 'FMS-SETRA-25' is set on object 'Object Repository/Catalogos/Transportistas/Transportistas/contrato'

2020-12-09 17:51:40 - [TEST_STEP][PASSED] - click(findTestObject("Catalogos/Transportistas/Transportistas/Date/fecha"), CONTINUE_ON_FAILURE): Object: 'Object Repository/Catalogos/Transportistas/Transportistas/Date/fecha' is clicked on

2020-12-09 17:51:41 - [MESSAGE][PASSED] - Object: 'Object Repository/Catalogos/Transportistas/Transportistas/Date/fecha' is clicked on

2020-12-09 17:51:41 - [TEST_STEP][PASSED] - click(findTestObject("Catalogos/Transportistas/Transportistas/Date/year"), CONTINUE_ON_FAILURE): Object: 'Object Repository/Catalogos/Transportistas/Transportistas/Date/year' is clicked on

2020-12-09 17:51:42 - [MESSAGE][PASSED] - Object: 'Object Repository/Catalogos/Transportistas/Transportistas/Date/year' is clicked on

2020-12-09 17:51:42 - [TEST_STEP][PASSED] - click(findTestObject("Catalogos/Transportistas/Transportistas/Date/Year2025"), CONTINUE_ON_FAILURE): Object: 'Object Repository/Catalogos/Transportistas/Transportistas/Date/Year2025' is clicked on

2020-12-09 17:51:42 - [MESSAGE][PASSED] - Object: 'Object Repository/Catalogos/Transportistas/Transportistas/Date/Year2025' is clicked on

2020-12-09 17:51:42 - [TEST_STEP][PASSED] - click(findTestObject("Catalogos/Transportistas/Transportistas/Date/month"), CONTINUE_ON_FAILURE): Object: 'Object Repository/Catalogos/Transportistas/Transportistas/Date/month' is clicked on

2020-12-09 17:51:43 - [MESSAGE][PASSED] - Object: 'Object Repository/Catalogos/Transportistas/Transportistas/Date/month' is clicked on

2020-12-09 17:51:43 - [TEST_STEP][PASSED] - click(findTestObject("Catalogos/Transportistas/Transportistas/Date/december"), CONTINUE_ON_FAILURE): Object: 'Object Repository/Catalogos/Transportistas/Transportistas/Date/december' is clicked on

2020-12-09 17:51:44 - [MESSAGE][PASSED] - Object: 'Object Repository/Catalogos/Transportistas/Transportistas/Date/december' is clicked on

2020-12-09 17:51:44 - [TEST_STEP][PASSED] - click(findTestObject("Catalogos/Transportistas/Transportistas/Date/31December"), CONTINUE_ON_FAILURE): Object: 'Object Repository/Catalogos/Transportistas/Transportistas/Date/31December' is clicked on

2020-12-09 17:51:44 - [MESSAGE][PASSED] - Object: 'Object Repository/Catalogos/Transportistas/Transportistas/Date/31December' is clicked on

2020-12-09 17:51:44 - [TEST_STEP][PASSED] - delay(2): Delayed 2 second(s)

2020-12-09 17:51:46 - [MESSAGE][PASSED] - Delayed 2 second(s)

2020-12-09 17:51:46 - [TEST_STEP][PASSED] - click(findTestObject("Catalogos/Transportistas/Transportistas/Aceptar"), CONTINUE_ON_FAILURE): Object: 'Object Repository/Catalogos/Transportistas/Transportistas/Aceptar' is clicked on

2020-12-09 17:51:47 - [MESSAGE][PASSED] - Object: 'Object Repository/Catalogos/Transportistas/Transportistas/Aceptar' is clicked on

2020-12-09 17:51:47 - [TEST_STEP][PASSED] - closeBrowser(CONTINUE_ON_FAILURE): Browser is closed

2020-12-09 17:51:47 - [MESSAGE][PASSED] - Browser is closed]]></system-out>
         <system-err><![CDATA[]]></system-err>
      </testcase>
      <testcase name="Test Cases/Catalogos/Transportistas/Transportistas/Captura/Create_transpor" time="36.454" classname="Test Cases/Catalogos/Transportistas/Transportistas/Captura/Create_transpor" status="PASSED">
         <system-out><![CDATA[2020-12-09 17:51:47 - [TEST_CASE][PASSED] - Test Cases/Catalogos/Transportistas/Transportistas/Captura/Create_transpor: Test Cases/Catalogos/Transportistas/Transportistas/Captura/Create_transpor

2020-12-09 17:51:47 - [TEST_STEP][PASSED] - callTestCase(findTestCase("Login/Log-in"), ["unidad":"San Dimas"], CONTINUE_ON_FAILURE): Call Test Case 'Test Cases/Login/Log-in' successfully

2020-12-09 17:51:48 - [TEST_CASE][PASSED] - Test Cases/Login/Log-in: Test Cases/Login/Log-in

2020-12-09 17:51:48 - [TEST_STEP][PASSED] - openBrowser(url): Browser is opened with url: 'https://mb-dev.firstmajestic.com/'

2020-12-09 17:51:48 - [MESSAGE][INFO] - Starting 'Chrome' driver

2020-12-09 17:51:53 - [MESSAGE][PASSED] - Browser is opened with url: 'https://mb-dev.firstmajestic.com/'

2020-12-09 17:51:53 - [TEST_STEP][PASSED] - maximizeWindow(): Current window maximized

2020-12-09 17:51:54 - [MESSAGE][PASSED] - Current window maximized

2020-12-09 17:51:54 - [TEST_STEP][PASSED] - click(findTestObject("Login/La parrilla login/select_Seleccionar UnidadLa ParrillaLa Enca_3f6097")): Object: 'Object Repository/Login/La parrilla login/select_Seleccionar UnidadLa ParrillaLa Enca_3f6097' is clicked on

2020-12-09 17:51:55 - [MESSAGE][PASSED] - Object: 'Object Repository/Login/La parrilla login/select_Seleccionar UnidadLa ParrillaLa Enca_3f6097' is clicked on

2020-12-09 17:51:55 - [TEST_STEP][PASSED] - selectOptionByLabel(findTestObject("Login/La parrilla login/select_Seleccionar UnidadLa ParrillaLa Enca_3f6097"), unidad, false): All options with label 'San Dimas' are selected in object 'Object Repository/Login/La parrilla login/select_Seleccionar UnidadLa ParrillaLa Enca_3f6097' 

2020-12-09 17:51:55 - [MESSAGE][PASSED] - All options with label 'San Dimas' are selected in object 'Object Repository/Login/La parrilla login/select_Seleccionar UnidadLa ParrillaLa Enca_3f6097' 

2020-12-09 17:51:55 - [TEST_STEP][PASSED] - click(findTestObject("Login/La parrilla login/button_Iniciar Sesin")): Object: 'Object Repository/Login/La parrilla login/button_Iniciar Sesin' is clicked on

2020-12-09 17:51:56 - [MESSAGE][PASSED] - Object: 'Object Repository/Login/La parrilla login/button_Iniciar Sesin' is clicked on

2020-12-09 17:51:56 - [TEST_STEP][PASSED] - click(findTestObject("Login/La parrilla login/input_Sign in with your corporate ID_btn bt_b79ff6")): Object: 'Object Repository/Login/La parrilla login/input_Sign in with your corporate ID_btn bt_b79ff6' is clicked on

2020-12-09 17:51:58 - [MESSAGE][PASSED] - Object: 'Object Repository/Login/La parrilla login/input_Sign in with your corporate ID_btn bt_b79ff6' is clicked on

2020-12-09 17:51:58 - [TEST_STEP][PASSED] - setText(findTestObject("Login/La parrilla login/input_Sign in_loginfmt"), "iperez@firstmajestic.com"): Text 'iperez@firstmajestic.com' is set on object 'Object Repository/Login/La parrilla login/input_Sign in_loginfmt'

2020-12-09 17:52:00 - [MESSAGE][PASSED] - Text 'iperez@firstmajestic.com' is set on object 'Object Repository/Login/La parrilla login/input_Sign in_loginfmt'

2020-12-09 17:52:00 - [TEST_STEP][PASSED] - click(findTestObject("Login/La parrilla login/input_Sign in_idSIButton9")): Object: 'Object Repository/Login/La parrilla login/input_Sign in_idSIButton9' is clicked on

2020-12-09 17:52:01 - [MESSAGE][PASSED] - Object: 'Object Repository/Login/La parrilla login/input_Sign in_idSIButton9' is clicked on

2020-12-09 17:52:01 - [TEST_STEP][PASSED] - setEncryptedText(findTestObject("Login/La parrilla login/input_Enter password_passwd"), "ykGCkDCd7AS2UCfUpOmvYw=="): Text ****** has been set on object 'Object Repository/Login/La parrilla login/input_Enter password_passwd'

2020-12-09 17:52:02 - [MESSAGE][PASSED] - Text ****** has been set on object 'Object Repository/Login/La parrilla login/input_Enter password_passwd'

2020-12-09 17:52:02 - [TEST_STEP][PASSED] - click(findTestObject("Login/La parrilla login/input_Sign in_idSIButton9")): Object: 'Object Repository/Login/La parrilla login/input_Sign in_idSIButton9' is clicked on

2020-12-09 17:52:05 - [MESSAGE][PASSED] - Object: 'Object Repository/Login/La parrilla login/input_Sign in_idSIButton9' is clicked on

2020-12-09 17:52:05 - [TEST_STEP][PASSED] - click(findTestObject("Login/La parrilla login/input_Sign in_idSIButton9")): Object: 'Object Repository/Login/La parrilla login/input_Sign in_idSIButton9' is clicked on

2020-12-09 17:52:09 - [MESSAGE][PASSED] - Object: 'Object Repository/Login/La parrilla login/input_Sign in_idSIButton9' is clicked on

2020-12-09 17:52:09 - [TEST_STEP][PASSED] - verifyElementText(findTestObject("Login/La parrilla login/div_Bienvenido a Balance Metalrgico Irving"), "Bienvenido a Balance MetalÃºrgico: Irving"): Actual text and expected text of test object 'Object Repository/Login/La parrilla login/div_Bienvenido a Balance Metalrgico Irving' are matched.

2020-12-09 17:52:13 - [MESSAGE][PASSED] - Actual text and expected text of test object 'Object Repository/Login/La parrilla login/div_Bienvenido a Balance Metalrgico Irving' are matched.

2020-12-09 17:52:13 - [MESSAGE][PASSED] - Call Test Case 'Test Cases/Login/Log-in' successfully

2020-12-09 17:52:13 - [TEST_STEP][PASSED] - click(findTestObject("Catalogos/button_Catlogos"), CONTINUE_ON_FAILURE): Object: 'Object Repository/Catalogos/button_Catlogos' is clicked on

2020-12-09 17:52:13 - [MESSAGE][PASSED] - Object: 'Object Repository/Catalogos/button_Catlogos' is clicked on

2020-12-09 17:52:13 - [TEST_STEP][PASSED] - click(findTestObject("Catalogos/Transportistas/Transportistas/Transpor"), CONTINUE_ON_FAILURE): Object: 'Object Repository/Catalogos/Transportistas/Transportistas/Transpor' is clicked on

2020-12-09 17:52:14 - [MESSAGE][PASSED] - Object: 'Object Repository/Catalogos/Transportistas/Transportistas/Transpor' is clicked on

2020-12-09 17:52:14 - [TEST_STEP][PASSED] - click(findTestObject("Catalogos/Transportistas/Transportistas/Transpor_2"), CONTINUE_ON_FAILURE): Object: 'Object Repository/Catalogos/Transportistas/Transportistas/Transpor_2' is clicked on

2020-12-09 17:52:14 - [MESSAGE][PASSED] - Object: 'Object Repository/Catalogos/Transportistas/Transportistas/Transpor_2' is clicked on

2020-12-09 17:52:14 - [TEST_STEP][PASSED] - click(findTestObject("Catalogos/Transportistas/Transportistas/Btn_capturaT"), CONTINUE_ON_FAILURE): Object: 'Object Repository/Catalogos/Transportistas/Transportistas/Btn_capturaT' is clicked on

2020-12-09 17:52:15 - [MESSAGE][PASSED] - Object: 'Object Repository/Catalogos/Transportistas/Transportistas/Btn_capturaT' is clicked on

2020-12-09 17:52:15 - [TEST_STEP][PASSED] - setText(findTestObject("Catalogos/Transportistas/Transportistas/razon_social"), razon_s, CONTINUE_ON_FAILURE): Text 'ARLEQUIN, S.A. DE C.V.' is set on object 'Object Repository/Catalogos/Transportistas/Transportistas/razon_social'

2020-12-09 17:52:16 - [MESSAGE][PASSED] - Text 'ARLEQUIN, S.A. DE C.V.' is set on object 'Object Repository/Catalogos/Transportistas/Transportistas/razon_social'

2020-12-09 17:52:16 - [TEST_STEP][PASSED] - setText(findTestObject("Catalogos/Transportistas/Transportistas/contrato"), contrato, CONTINUE_ON_FAILURE): Text 'FMS-ARLEQUIN-25' is set on object 'Object Repository/Catalogos/Transportistas/Transportistas/contrato'

2020-12-09 17:52:17 - [MESSAGE][PASSED] - Text 'FMS-ARLEQUIN-25' is set on object 'Object Repository/Catalogos/Transportistas/Transportistas/contrato'

2020-12-09 17:52:17 - [TEST_STEP][PASSED] - click(findTestObject("Catalogos/Transportistas/Transportistas/Date/fecha"), CONTINUE_ON_FAILURE): Object: 'Object Repository/Catalogos/Transportistas/Transportistas/Date/fecha' is clicked on

2020-12-09 17:52:17 - [MESSAGE][PASSED] - Object: 'Object Repository/Catalogos/Transportistas/Transportistas/Date/fecha' is clicked on

2020-12-09 17:52:17 - [TEST_STEP][PASSED] - click(findTestObject("Catalogos/Transportistas/Transportistas/Date/year"), CONTINUE_ON_FAILURE): Object: 'Object Repository/Catalogos/Transportistas/Transportistas/Date/year' is clicked on

2020-12-09 17:52:18 - [MESSAGE][PASSED] - Object: 'Object Repository/Catalogos/Transportistas/Transportistas/Date/year' is clicked on

2020-12-09 17:52:18 - [TEST_STEP][PASSED] - click(findTestObject("Catalogos/Transportistas/Transportistas/Date/Year2025"), CONTINUE_ON_FAILURE): Object: 'Object Repository/Catalogos/Transportistas/Transportistas/Date/Year2025' is clicked on

2020-12-09 17:52:19 - [MESSAGE][PASSED] - Object: 'Object Repository/Catalogos/Transportistas/Transportistas/Date/Year2025' is clicked on

2020-12-09 17:52:19 - [TEST_STEP][PASSED] - click(findTestObject("Catalogos/Transportistas/Transportistas/Date/month"), CONTINUE_ON_FAILURE): Object: 'Object Repository/Catalogos/Transportistas/Transportistas/Date/month' is clicked on

2020-12-09 17:52:19 - [MESSAGE][PASSED] - Object: 'Object Repository/Catalogos/Transportistas/Transportistas/Date/month' is clicked on

2020-12-09 17:52:19 - [TEST_STEP][PASSED] - click(findTestObject("Catalogos/Transportistas/Transportistas/Date/december"), CONTINUE_ON_FAILURE): Object: 'Object Repository/Catalogos/Transportistas/Transportistas/Date/december' is clicked on

2020-12-09 17:52:20 - [MESSAGE][PASSED] - Object: 'Object Repository/Catalogos/Transportistas/Transportistas/Date/december' is clicked on

2020-12-09 17:52:20 - [TEST_STEP][PASSED] - click(findTestObject("Catalogos/Transportistas/Transportistas/Date/31December"), CONTINUE_ON_FAILURE): Object: 'Object Repository/Catalogos/Transportistas/Transportistas/Date/31December' is clicked on

2020-12-09 17:52:21 - [MESSAGE][PASSED] - Object: 'Object Repository/Catalogos/Transportistas/Transportistas/Date/31December' is clicked on

2020-12-09 17:52:21 - [TEST_STEP][PASSED] - delay(2): Delayed 2 second(s)

2020-12-09 17:52:23 - [MESSAGE][PASSED] - Delayed 2 second(s)

2020-12-09 17:52:23 - [TEST_STEP][PASSED] - click(findTestObject("Catalogos/Transportistas/Transportistas/Aceptar"), CONTINUE_ON_FAILURE): Object: 'Object Repository/Catalogos/Transportistas/Transportistas/Aceptar' is clicked on

2020-12-09 17:52:23 - [MESSAGE][PASSED] - Object: 'Object Repository/Catalogos/Transportistas/Transportistas/Aceptar' is clicked on

2020-12-09 17:52:23 - [TEST_STEP][PASSED] - closeBrowser(CONTINUE_ON_FAILURE): Browser is closed

2020-12-09 17:52:24 - [MESSAGE][PASSED] - Browser is closed]]></system-out>
         <system-err><![CDATA[]]></system-err>
      </testcase>
      <testcase name="Test Cases/Catalogos/Transportistas/Transportistas/Captura/Create_transpor" time="35.616" classname="Test Cases/Catalogos/Transportistas/Transportistas/Captura/Create_transpor" status="PASSED">
         <system-out><![CDATA[2020-12-09 17:52:24 - [TEST_CASE][PASSED] - Test Cases/Catalogos/Transportistas/Transportistas/Captura/Create_transpor: Test Cases/Catalogos/Transportistas/Transportistas/Captura/Create_transpor

2020-12-09 17:52:24 - [TEST_STEP][PASSED] - callTestCase(findTestCase("Login/Log-in"), ["unidad":"San Dimas"], CONTINUE_ON_FAILURE): Call Test Case 'Test Cases/Login/Log-in' successfully

2020-12-09 17:52:24 - [TEST_CASE][PASSED] - Test Cases/Login/Log-in: Test Cases/Login/Log-in

2020-12-09 17:52:24 - [TEST_STEP][PASSED] - openBrowser(url): Browser is opened with url: 'https://mb-dev.firstmajestic.com/'

2020-12-09 17:52:24 - [MESSAGE][INFO] - Starting 'Chrome' driver

2020-12-09 17:52:30 - [MESSAGE][PASSED] - Browser is opened with url: 'https://mb-dev.firstmajestic.com/'

2020-12-09 17:52:30 - [TEST_STEP][PASSED] - maximizeWindow(): Current window maximized

2020-12-09 17:52:32 - [MESSAGE][PASSED] - Current window maximized

2020-12-09 17:52:32 - [TEST_STEP][PASSED] - click(findTestObject("Login/La parrilla login/select_Seleccionar UnidadLa ParrillaLa Enca_3f6097")): Object: 'Object Repository/Login/La parrilla login/select_Seleccionar UnidadLa ParrillaLa Enca_3f6097' is clicked on

2020-12-09 17:52:32 - [MESSAGE][PASSED] - Object: 'Object Repository/Login/La parrilla login/select_Seleccionar UnidadLa ParrillaLa Enca_3f6097' is clicked on

2020-12-09 17:52:32 - [TEST_STEP][PASSED] - selectOptionByLabel(findTestObject("Login/La parrilla login/select_Seleccionar UnidadLa ParrillaLa Enca_3f6097"), unidad, false): All options with label 'San Dimas' are selected in object 'Object Repository/Login/La parrilla login/select_Seleccionar UnidadLa ParrillaLa Enca_3f6097' 

2020-12-09 17:52:33 - [MESSAGE][PASSED] - All options with label 'San Dimas' are selected in object 'Object Repository/Login/La parrilla login/select_Seleccionar UnidadLa ParrillaLa Enca_3f6097' 

2020-12-09 17:52:33 - [TEST_STEP][PASSED] - click(findTestObject("Login/La parrilla login/button_Iniciar Sesin")): Object: 'Object Repository/Login/La parrilla login/button_Iniciar Sesin' is clicked on

2020-12-09 17:52:34 - [MESSAGE][PASSED] - Object: 'Object Repository/Login/La parrilla login/button_Iniciar Sesin' is clicked on

2020-12-09 17:52:34 - [TEST_STEP][PASSED] - click(findTestObject("Login/La parrilla login/input_Sign in with your corporate ID_btn bt_b79ff6")): Object: 'Object Repository/Login/La parrilla login/input_Sign in with your corporate ID_btn bt_b79ff6' is clicked on

2020-12-09 17:52:36 - [MESSAGE][PASSED] - Object: 'Object Repository/Login/La parrilla login/input_Sign in with your corporate ID_btn bt_b79ff6' is clicked on

2020-12-09 17:52:36 - [TEST_STEP][PASSED] - setText(findTestObject("Login/La parrilla login/input_Sign in_loginfmt"), "iperez@firstmajestic.com"): Text 'iperez@firstmajestic.com' is set on object 'Object Repository/Login/La parrilla login/input_Sign in_loginfmt'

2020-12-09 17:52:38 - [MESSAGE][PASSED] - Text 'iperez@firstmajestic.com' is set on object 'Object Repository/Login/La parrilla login/input_Sign in_loginfmt'

2020-12-09 17:52:38 - [TEST_STEP][PASSED] - click(findTestObject("Login/La parrilla login/input_Sign in_idSIButton9")): Object: 'Object Repository/Login/La parrilla login/input_Sign in_idSIButton9' is clicked on

2020-12-09 17:52:38 - [MESSAGE][PASSED] - Object: 'Object Repository/Login/La parrilla login/input_Sign in_idSIButton9' is clicked on

2020-12-09 17:52:38 - [TEST_STEP][PASSED] - setEncryptedText(findTestObject("Login/La parrilla login/input_Enter password_passwd"), "ykGCkDCd7AS2UCfUpOmvYw=="): Text ****** has been set on object 'Object Repository/Login/La parrilla login/input_Enter password_passwd'

2020-12-09 17:52:40 - [MESSAGE][PASSED] - Text ****** has been set on object 'Object Repository/Login/La parrilla login/input_Enter password_passwd'

2020-12-09 17:52:40 - [TEST_STEP][PASSED] - click(findTestObject("Login/La parrilla login/input_Sign in_idSIButton9")): Object: 'Object Repository/Login/La parrilla login/input_Sign in_idSIButton9' is clicked on

2020-12-09 17:52:41 - [MESSAGE][PASSED] - Object: 'Object Repository/Login/La parrilla login/input_Sign in_idSIButton9' is clicked on

2020-12-09 17:52:41 - [TEST_STEP][PASSED] - click(findTestObject("Login/La parrilla login/input_Sign in_idSIButton9")): Object: 'Object Repository/Login/La parrilla login/input_Sign in_idSIButton9' is clicked on

2020-12-09 17:52:45 - [MESSAGE][PASSED] - Object: 'Object Repository/Login/La parrilla login/input_Sign in_idSIButton9' is clicked on

2020-12-09 17:52:45 - [TEST_STEP][PASSED] - verifyElementText(findTestObject("Login/La parrilla login/div_Bienvenido a Balance Metalrgico Irving"), "Bienvenido a Balance MetalÃºrgico: Irving"): Actual text and expected text of test object 'Object Repository/Login/La parrilla login/div_Bienvenido a Balance Metalrgico Irving' are matched.

2020-12-09 17:52:49 - [MESSAGE][PASSED] - Actual text and expected text of test object 'Object Repository/Login/La parrilla login/div_Bienvenido a Balance Metalrgico Irving' are matched.

2020-12-09 17:52:49 - [MESSAGE][PASSED] - Call Test Case 'Test Cases/Login/Log-in' successfully

2020-12-09 17:52:49 - [TEST_STEP][PASSED] - click(findTestObject("Catalogos/button_Catlogos"), CONTINUE_ON_FAILURE): Object: 'Object Repository/Catalogos/button_Catlogos' is clicked on

2020-12-09 17:52:49 - [MESSAGE][PASSED] - Object: 'Object Repository/Catalogos/button_Catlogos' is clicked on

2020-12-09 17:52:49 - [TEST_STEP][PASSED] - click(findTestObject("Catalogos/Transportistas/Transportistas/Transpor"), CONTINUE_ON_FAILURE): Object: 'Object Repository/Catalogos/Transportistas/Transportistas/Transpor' is clicked on

2020-12-09 17:52:50 - [MESSAGE][PASSED] - Object: 'Object Repository/Catalogos/Transportistas/Transportistas/Transpor' is clicked on

2020-12-09 17:52:50 - [TEST_STEP][PASSED] - click(findTestObject("Catalogos/Transportistas/Transportistas/Transpor_2"), CONTINUE_ON_FAILURE): Object: 'Object Repository/Catalogos/Transportistas/Transportistas/Transpor_2' is clicked on

2020-12-09 17:52:50 - [MESSAGE][PASSED] - Object: 'Object Repository/Catalogos/Transportistas/Transportistas/Transpor_2' is clicked on

2020-12-09 17:52:50 - [TEST_STEP][PASSED] - click(findTestObject("Catalogos/Transportistas/Transportistas/Btn_capturaT"), CONTINUE_ON_FAILURE): Object: 'Object Repository/Catalogos/Transportistas/Transportistas/Btn_capturaT' is clicked on

2020-12-09 17:52:51 - [MESSAGE][PASSED] - Object: 'Object Repository/Catalogos/Transportistas/Transportistas/Btn_capturaT' is clicked on

2020-12-09 17:52:51 - [TEST_STEP][PASSED] - setText(findTestObject("Catalogos/Transportistas/Transportistas/razon_social"), razon_s, CONTINUE_ON_FAILURE): Text 'ROBERTO SANTOS PEREZ' is set on object 'Object Repository/Catalogos/Transportistas/Transportistas/razon_social'

2020-12-09 17:52:52 - [MESSAGE][PASSED] - Text 'ROBERTO SANTOS PEREZ' is set on object 'Object Repository/Catalogos/Transportistas/Transportistas/razon_social'

2020-12-09 17:52:52 - [TEST_STEP][PASSED] - setText(findTestObject("Catalogos/Transportistas/Transportistas/contrato"), contrato, CONTINUE_ON_FAILURE): Text 'FMS-RSP-25' is set on object 'Object Repository/Catalogos/Transportistas/Transportistas/contrato'

2020-12-09 17:52:52 - [MESSAGE][PASSED] - Text 'FMS-RSP-25' is set on object 'Object Repository/Catalogos/Transportistas/Transportistas/contrato'

2020-12-09 17:52:52 - [TEST_STEP][PASSED] - click(findTestObject("Catalogos/Transportistas/Transportistas/Date/fecha"), CONTINUE_ON_FAILURE): Object: 'Object Repository/Catalogos/Transportistas/Transportistas/Date/fecha' is clicked on

2020-12-09 17:52:53 - [MESSAGE][PASSED] - Object: 'Object Repository/Catalogos/Transportistas/Transportistas/Date/fecha' is clicked on

2020-12-09 17:52:53 - [TEST_STEP][PASSED] - click(findTestObject("Catalogos/Transportistas/Transportistas/Date/year"), CONTINUE_ON_FAILURE): Object: 'Object Repository/Catalogos/Transportistas/Transportistas/Date/year' is clicked on

2020-12-09 17:52:54 - [MESSAGE][PASSED] - Object: 'Object Repository/Catalogos/Transportistas/Transportistas/Date/year' is clicked on

2020-12-09 17:52:54 - [TEST_STEP][PASSED] - click(findTestObject("Catalogos/Transportistas/Transportistas/Date/Year2025"), CONTINUE_ON_FAILURE): Object: 'Object Repository/Catalogos/Transportistas/Transportistas/Date/Year2025' is clicked on

2020-12-09 17:52:54 - [MESSAGE][PASSED] - Object: 'Object Repository/Catalogos/Transportistas/Transportistas/Date/Year2025' is clicked on

2020-12-09 17:52:54 - [TEST_STEP][PASSED] - click(findTestObject("Catalogos/Transportistas/Transportistas/Date/month"), CONTINUE_ON_FAILURE): Object: 'Object Repository/Catalogos/Transportistas/Transportistas/Date/month' is clicked on

2020-12-09 17:52:55 - [MESSAGE][PASSED] - Object: 'Object Repository/Catalogos/Transportistas/Transportistas/Date/month' is clicked on

2020-12-09 17:52:55 - [TEST_STEP][PASSED] - click(findTestObject("Catalogos/Transportistas/Transportistas/Date/december"), CONTINUE_ON_FAILURE): Object: 'Object Repository/Catalogos/Transportistas/Transportistas/Date/december' is clicked on

2020-12-09 17:52:56 - [MESSAGE][PASSED] - Object: 'Object Repository/Catalogos/Transportistas/Transportistas/Date/december' is clicked on

2020-12-09 17:52:56 - [TEST_STEP][PASSED] - click(findTestObject("Catalogos/Transportistas/Transportistas/Date/31December"), CONTINUE_ON_FAILURE): Object: 'Object Repository/Catalogos/Transportistas/Transportistas/Date/31December' is clicked on

2020-12-09 17:52:56 - [MESSAGE][PASSED] - Object: 'Object Repository/Catalogos/Transportistas/Transportistas/Date/31December' is clicked on

2020-12-09 17:52:56 - [TEST_STEP][PASSED] - delay(2): Delayed 2 second(s)

2020-12-09 17:52:58 - [MESSAGE][PASSED] - Delayed 2 second(s)

2020-12-09 17:52:58 - [TEST_STEP][PASSED] - click(findTestObject("Catalogos/Transportistas/Transportistas/Aceptar"), CONTINUE_ON_FAILURE): Object: 'Object Repository/Catalogos/Transportistas/Transportistas/Aceptar' is clicked on

2020-12-09 17:52:59 - [MESSAGE][PASSED] - Object: 'Object Repository/Catalogos/Transportistas/Transportistas/Aceptar' is clicked on

2020-12-09 17:52:59 - [TEST_STEP][PASSED] - closeBrowser(CONTINUE_ON_FAILURE): Browser is closed

2020-12-09 17:53:00 - [MESSAGE][PASSED] - Browser is closed]]></system-out>
         <system-err><![CDATA[]]></system-err>
      </testcase>
      <testcase name="Test Cases/Catalogos/Transportistas/Transportistas/Captura/Create_transpor" time="35.983" classname="Test Cases/Catalogos/Transportistas/Transportistas/Captura/Create_transpor" status="PASSED">
         <system-out><![CDATA[2020-12-09 17:53:00 - [TEST_CASE][PASSED] - Test Cases/Catalogos/Transportistas/Transportistas/Captura/Create_transpor: Test Cases/Catalogos/Transportistas/Transportistas/Captura/Create_transpor

2020-12-09 17:53:00 - [TEST_STEP][PASSED] - callTestCase(findTestCase("Login/Log-in"), ["unidad":"San Dimas"], CONTINUE_ON_FAILURE): Call Test Case 'Test Cases/Login/Log-in' successfully

2020-12-09 17:53:00 - [TEST_CASE][PASSED] - Test Cases/Login/Log-in: Test Cases/Login/Log-in

2020-12-09 17:53:00 - [TEST_STEP][PASSED] - openBrowser(url): Browser is opened with url: 'https://mb-dev.firstmajestic.com/'

2020-12-09 17:53:00 - [MESSAGE][INFO] - Starting 'Chrome' driver

2020-12-09 17:53:05 - [MESSAGE][PASSED] - Browser is opened with url: 'https://mb-dev.firstmajestic.com/'

2020-12-09 17:53:05 - [TEST_STEP][PASSED] - maximizeWindow(): Current window maximized

2020-12-09 17:53:06 - [MESSAGE][PASSED] - Current window maximized

2020-12-09 17:53:06 - [TEST_STEP][PASSED] - click(findTestObject("Login/La parrilla login/select_Seleccionar UnidadLa ParrillaLa Enca_3f6097")): Object: 'Object Repository/Login/La parrilla login/select_Seleccionar UnidadLa ParrillaLa Enca_3f6097' is clicked on

2020-12-09 17:53:07 - [MESSAGE][PASSED] - Object: 'Object Repository/Login/La parrilla login/select_Seleccionar UnidadLa ParrillaLa Enca_3f6097' is clicked on

2020-12-09 17:53:07 - [TEST_STEP][PASSED] - selectOptionByLabel(findTestObject("Login/La parrilla login/select_Seleccionar UnidadLa ParrillaLa Enca_3f6097"), unidad, false): All options with label 'San Dimas' are selected in object 'Object Repository/Login/La parrilla login/select_Seleccionar UnidadLa ParrillaLa Enca_3f6097' 

2020-12-09 17:53:08 - [MESSAGE][PASSED] - All options with label 'San Dimas' are selected in object 'Object Repository/Login/La parrilla login/select_Seleccionar UnidadLa ParrillaLa Enca_3f6097' 

2020-12-09 17:53:08 - [TEST_STEP][PASSED] - click(findTestObject("Login/La parrilla login/button_Iniciar Sesin")): Object: 'Object Repository/Login/La parrilla login/button_Iniciar Sesin' is clicked on

2020-12-09 17:53:08 - [MESSAGE][PASSED] - Object: 'Object Repository/Login/La parrilla login/button_Iniciar Sesin' is clicked on

2020-12-09 17:53:08 - [TEST_STEP][PASSED] - click(findTestObject("Login/La parrilla login/input_Sign in with your corporate ID_btn bt_b79ff6")): Object: 'Object Repository/Login/La parrilla login/input_Sign in with your corporate ID_btn bt_b79ff6' is clicked on

2020-12-09 17:53:12 - [MESSAGE][PASSED] - Object: 'Object Repository/Login/La parrilla login/input_Sign in with your corporate ID_btn bt_b79ff6' is clicked on

2020-12-09 17:53:12 - [TEST_STEP][PASSED] - setText(findTestObject("Login/La parrilla login/input_Sign in_loginfmt"), "iperez@firstmajestic.com"): Text 'iperez@firstmajestic.com' is set on object 'Object Repository/Login/La parrilla login/input_Sign in_loginfmt'

2020-12-09 17:53:14 - [MESSAGE][PASSED] - Text 'iperez@firstmajestic.com' is set on object 'Object Repository/Login/La parrilla login/input_Sign in_loginfmt'

2020-12-09 17:53:14 - [TEST_STEP][PASSED] - click(findTestObject("Login/La parrilla login/input_Sign in_idSIButton9")): Object: 'Object Repository/Login/La parrilla login/input_Sign in_idSIButton9' is clicked on

2020-12-09 17:53:14 - [MESSAGE][PASSED] - Object: 'Object Repository/Login/La parrilla login/input_Sign in_idSIButton9' is clicked on

2020-12-09 17:53:14 - [TEST_STEP][PASSED] - setEncryptedText(findTestObject("Login/La parrilla login/input_Enter password_passwd"), "ykGCkDCd7AS2UCfUpOmvYw=="): Text ****** has been set on object 'Object Repository/Login/La parrilla login/input_Enter password_passwd'

2020-12-09 17:53:16 - [MESSAGE][PASSED] - Text ****** has been set on object 'Object Repository/Login/La parrilla login/input_Enter password_passwd'

2020-12-09 17:53:16 - [TEST_STEP][PASSED] - click(findTestObject("Login/La parrilla login/input_Sign in_idSIButton9")): Object: 'Object Repository/Login/La parrilla login/input_Sign in_idSIButton9' is clicked on

2020-12-09 17:53:17 - [MESSAGE][PASSED] - Object: 'Object Repository/Login/La parrilla login/input_Sign in_idSIButton9' is clicked on

2020-12-09 17:53:17 - [TEST_STEP][PASSED] - click(findTestObject("Login/La parrilla login/input_Sign in_idSIButton9")): Object: 'Object Repository/Login/La parrilla login/input_Sign in_idSIButton9' is clicked on

2020-12-09 17:53:21 - [MESSAGE][PASSED] - Object: 'Object Repository/Login/La parrilla login/input_Sign in_idSIButton9' is clicked on

2020-12-09 17:53:21 - [TEST_STEP][PASSED] - verifyElementText(findTestObject("Login/La parrilla login/div_Bienvenido a Balance Metalrgico Irving"), "Bienvenido a Balance MetalÃºrgico: Irving"): Actual text and expected text of test object 'Object Repository/Login/La parrilla login/div_Bienvenido a Balance Metalrgico Irving' are matched.

2020-12-09 17:53:25 - [MESSAGE][PASSED] - Actual text and expected text of test object 'Object Repository/Login/La parrilla login/div_Bienvenido a Balance Metalrgico Irving' are matched.

2020-12-09 17:53:25 - [MESSAGE][PASSED] - Call Test Case 'Test Cases/Login/Log-in' successfully

2020-12-09 17:53:25 - [TEST_STEP][PASSED] - click(findTestObject("Catalogos/button_Catlogos"), CONTINUE_ON_FAILURE): Object: 'Object Repository/Catalogos/button_Catlogos' is clicked on

2020-12-09 17:53:25 - [MESSAGE][PASSED] - Object: 'Object Repository/Catalogos/button_Catlogos' is clicked on

2020-12-09 17:53:25 - [TEST_STEP][PASSED] - click(findTestObject("Catalogos/Transportistas/Transportistas/Transpor"), CONTINUE_ON_FAILURE): Object: 'Object Repository/Catalogos/Transportistas/Transportistas/Transpor' is clicked on

2020-12-09 17:53:26 - [MESSAGE][PASSED] - Object: 'Object Repository/Catalogos/Transportistas/Transportistas/Transpor' is clicked on

2020-12-09 17:53:26 - [TEST_STEP][PASSED] - click(findTestObject("Catalogos/Transportistas/Transportistas/Transpor_2"), CONTINUE_ON_FAILURE): Object: 'Object Repository/Catalogos/Transportistas/Transportistas/Transpor_2' is clicked on

2020-12-09 17:53:27 - [MESSAGE][PASSED] - Object: 'Object Repository/Catalogos/Transportistas/Transportistas/Transpor_2' is clicked on

2020-12-09 17:53:27 - [TEST_STEP][PASSED] - click(findTestObject("Catalogos/Transportistas/Transportistas/Btn_capturaT"), CONTINUE_ON_FAILURE): Object: 'Object Repository/Catalogos/Transportistas/Transportistas/Btn_capturaT' is clicked on

2020-12-09 17:53:27 - [MESSAGE][PASSED] - Object: 'Object Repository/Catalogos/Transportistas/Transportistas/Btn_capturaT' is clicked on

2020-12-09 17:53:27 - [TEST_STEP][PASSED] - setText(findTestObject("Catalogos/Transportistas/Transportistas/razon_social"), razon_s, CONTINUE_ON_FAILURE): Text 'ECO8760' is set on object 'Object Repository/Catalogos/Transportistas/Transportistas/razon_social'

2020-12-09 17:53:28 - [MESSAGE][PASSED] - Text 'ECO8760' is set on object 'Object Repository/Catalogos/Transportistas/Transportistas/razon_social'

2020-12-09 17:53:28 - [TEST_STEP][PASSED] - setText(findTestObject("Catalogos/Transportistas/Transportistas/contrato"), contrato, CONTINUE_ON_FAILURE): Text 'FMS-ECO87-25' is set on object 'Object Repository/Catalogos/Transportistas/Transportistas/contrato'

2020-12-09 17:53:29 - [MESSAGE][PASSED] - Text 'FMS-ECO87-25' is set on object 'Object Repository/Catalogos/Transportistas/Transportistas/contrato'

2020-12-09 17:53:29 - [TEST_STEP][PASSED] - click(findTestObject("Catalogos/Transportistas/Transportistas/Date/fecha"), CONTINUE_ON_FAILURE): Object: 'Object Repository/Catalogos/Transportistas/Transportistas/Date/fecha' is clicked on

2020-12-09 17:53:29 - [MESSAGE][PASSED] - Object: 'Object Repository/Catalogos/Transportistas/Transportistas/Date/fecha' is clicked on

2020-12-09 17:53:29 - [TEST_STEP][PASSED] - click(findTestObject("Catalogos/Transportistas/Transportistas/Date/year"), CONTINUE_ON_FAILURE): Object: 'Object Repository/Catalogos/Transportistas/Transportistas/Date/year' is clicked on

2020-12-09 17:53:30 - [MESSAGE][PASSED] - Object: 'Object Repository/Catalogos/Transportistas/Transportistas/Date/year' is clicked on

2020-12-09 17:53:30 - [TEST_STEP][PASSED] - click(findTestObject("Catalogos/Transportistas/Transportistas/Date/Year2025"), CONTINUE_ON_FAILURE): Object: 'Object Repository/Catalogos/Transportistas/Transportistas/Date/Year2025' is clicked on

2020-12-09 17:53:30 - [MESSAGE][PASSED] - Object: 'Object Repository/Catalogos/Transportistas/Transportistas/Date/Year2025' is clicked on

2020-12-09 17:53:30 - [TEST_STEP][PASSED] - click(findTestObject("Catalogos/Transportistas/Transportistas/Date/month"), CONTINUE_ON_FAILURE): Object: 'Object Repository/Catalogos/Transportistas/Transportistas/Date/month' is clicked on

2020-12-09 17:53:31 - [MESSAGE][PASSED] - Object: 'Object Repository/Catalogos/Transportistas/Transportistas/Date/month' is clicked on

2020-12-09 17:53:31 - [TEST_STEP][PASSED] - click(findTestObject("Catalogos/Transportistas/Transportistas/Date/december"), CONTINUE_ON_FAILURE): Object: 'Object Repository/Catalogos/Transportistas/Transportistas/Date/december' is clicked on

2020-12-09 17:53:32 - [MESSAGE][PASSED] - Object: 'Object Repository/Catalogos/Transportistas/Transportistas/Date/december' is clicked on

2020-12-09 17:53:32 - [TEST_STEP][PASSED] - click(findTestObject("Catalogos/Transportistas/Transportistas/Date/31December"), CONTINUE_ON_FAILURE): Object: 'Object Repository/Catalogos/Transportistas/Transportistas/Date/31December' is clicked on

2020-12-09 17:53:33 - [MESSAGE][PASSED] - Object: 'Object Repository/Catalogos/Transportistas/Transportistas/Date/31December' is clicked on

2020-12-09 17:53:33 - [TEST_STEP][PASSED] - delay(2): Delayed 2 second(s)

2020-12-09 17:53:35 - [MESSAGE][PASSED] - Delayed 2 second(s)

2020-12-09 17:53:35 - [TEST_STEP][PASSED] - click(findTestObject("Catalogos/Transportistas/Transportistas/Aceptar"), CONTINUE_ON_FAILURE): Object: 'Object Repository/Catalogos/Transportistas/Transportistas/Aceptar' is clicked on

2020-12-09 17:53:35 - [MESSAGE][PASSED] - Object: 'Object Repository/Catalogos/Transportistas/Transportistas/Aceptar' is clicked on

2020-12-09 17:53:35 - [TEST_STEP][PASSED] - closeBrowser(CONTINUE_ON_FAILURE): Browser is closed

2020-12-09 17:53:36 - [MESSAGE][PASSED] - Browser is closed]]></system-out>
         <system-err><![CDATA[]]></system-err>
      </testcase>
      <testcase name="Test Cases/Catalogos/Transportistas/Transportistas/Captura/Create_transpor" time="35.738" classname="Test Cases/Catalogos/Transportistas/Transportistas/Captura/Create_transpor" status="PASSED">
         <system-out><![CDATA[2020-12-09 17:53:36 - [TEST_CASE][PASSED] - Test Cases/Catalogos/Transportistas/Transportistas/Captura/Create_transpor: Test Cases/Catalogos/Transportistas/Transportistas/Captura/Create_transpor

2020-12-09 17:53:36 - [TEST_STEP][PASSED] - callTestCase(findTestCase("Login/Log-in"), ["unidad":"San Dimas"], CONTINUE_ON_FAILURE): Call Test Case 'Test Cases/Login/Log-in' successfully

2020-12-09 17:53:36 - [TEST_CASE][PASSED] - Test Cases/Login/Log-in: Test Cases/Login/Log-in

2020-12-09 17:53:36 - [TEST_STEP][PASSED] - openBrowser(url): Browser is opened with url: 'https://mb-dev.firstmajestic.com/'

2020-12-09 17:53:36 - [MESSAGE][INFO] - Starting 'Chrome' driver

2020-12-09 17:53:41 - [MESSAGE][PASSED] - Browser is opened with url: 'https://mb-dev.firstmajestic.com/'

2020-12-09 17:53:41 - [TEST_STEP][PASSED] - maximizeWindow(): Current window maximized

2020-12-09 17:53:42 - [MESSAGE][PASSED] - Current window maximized

2020-12-09 17:53:42 - [TEST_STEP][PASSED] - click(findTestObject("Login/La parrilla login/select_Seleccionar UnidadLa ParrillaLa Enca_3f6097")): Object: 'Object Repository/Login/La parrilla login/select_Seleccionar UnidadLa ParrillaLa Enca_3f6097' is clicked on

2020-12-09 17:53:43 - [MESSAGE][PASSED] - Object: 'Object Repository/Login/La parrilla login/select_Seleccionar UnidadLa ParrillaLa Enca_3f6097' is clicked on

2020-12-09 17:53:43 - [TEST_STEP][PASSED] - selectOptionByLabel(findTestObject("Login/La parrilla login/select_Seleccionar UnidadLa ParrillaLa Enca_3f6097"), unidad, false): All options with label 'San Dimas' are selected in object 'Object Repository/Login/La parrilla login/select_Seleccionar UnidadLa ParrillaLa Enca_3f6097' 

2020-12-09 17:53:43 - [MESSAGE][PASSED] - All options with label 'San Dimas' are selected in object 'Object Repository/Login/La parrilla login/select_Seleccionar UnidadLa ParrillaLa Enca_3f6097' 

2020-12-09 17:53:43 - [TEST_STEP][PASSED] - click(findTestObject("Login/La parrilla login/button_Iniciar Sesin")): Object: 'Object Repository/Login/La parrilla login/button_Iniciar Sesin' is clicked on

2020-12-09 17:53:44 - [MESSAGE][PASSED] - Object: 'Object Repository/Login/La parrilla login/button_Iniciar Sesin' is clicked on

2020-12-09 17:53:44 - [TEST_STEP][PASSED] - click(findTestObject("Login/La parrilla login/input_Sign in with your corporate ID_btn bt_b79ff6")): Object: 'Object Repository/Login/La parrilla login/input_Sign in with your corporate ID_btn bt_b79ff6' is clicked on

2020-12-09 17:53:46 - [MESSAGE][PASSED] - Object: 'Object Repository/Login/La parrilla login/input_Sign in with your corporate ID_btn bt_b79ff6' is clicked on

2020-12-09 17:53:46 - [TEST_STEP][PASSED] - setText(findTestObject("Login/La parrilla login/input_Sign in_loginfmt"), "iperez@firstmajestic.com"): Text 'iperez@firstmajestic.com' is set on object 'Object Repository/Login/La parrilla login/input_Sign in_loginfmt'

2020-12-09 17:53:49 - [MESSAGE][PASSED] - Text 'iperez@firstmajestic.com' is set on object 'Object Repository/Login/La parrilla login/input_Sign in_loginfmt'

2020-12-09 17:53:49 - [TEST_STEP][PASSED] - click(findTestObject("Login/La parrilla login/input_Sign in_idSIButton9")): Object: 'Object Repository/Login/La parrilla login/input_Sign in_idSIButton9' is clicked on

2020-12-09 17:53:50 - [MESSAGE][PASSED] - Object: 'Object Repository/Login/La parrilla login/input_Sign in_idSIButton9' is clicked on

2020-12-09 17:53:50 - [TEST_STEP][PASSED] - setEncryptedText(findTestObject("Login/La parrilla login/input_Enter password_passwd"), "ykGCkDCd7AS2UCfUpOmvYw=="): Text ****** has been set on object 'Object Repository/Login/La parrilla login/input_Enter password_passwd'

2020-12-09 17:53:51 - [MESSAGE][PASSED] - Text ****** has been set on object 'Object Repository/Login/La parrilla login/input_Enter password_passwd'

2020-12-09 17:53:51 - [TEST_STEP][PASSED] - click(findTestObject("Login/La parrilla login/input_Sign in_idSIButton9")): Object: 'Object Repository/Login/La parrilla login/input_Sign in_idSIButton9' is clicked on

2020-12-09 17:53:52 - [MESSAGE][PASSED] - Object: 'Object Repository/Login/La parrilla login/input_Sign in_idSIButton9' is clicked on

2020-12-09 17:53:52 - [TEST_STEP][PASSED] - click(findTestObject("Login/La parrilla login/input_Sign in_idSIButton9")): Object: 'Object Repository/Login/La parrilla login/input_Sign in_idSIButton9' is clicked on

2020-12-09 17:53:57 - [MESSAGE][PASSED] - Object: 'Object Repository/Login/La parrilla login/input_Sign in_idSIButton9' is clicked on

2020-12-09 17:53:57 - [TEST_STEP][PASSED] - verifyElementText(findTestObject("Login/La parrilla login/div_Bienvenido a Balance Metalrgico Irving"), "Bienvenido a Balance MetalÃºrgico: Irving"): Actual text and expected text of test object 'Object Repository/Login/La parrilla login/div_Bienvenido a Balance Metalrgico Irving' are matched.

2020-12-09 17:54:00 - [MESSAGE][PASSED] - Actual text and expected text of test object 'Object Repository/Login/La parrilla login/div_Bienvenido a Balance Metalrgico Irving' are matched.

2020-12-09 17:54:00 - [MESSAGE][PASSED] - Call Test Case 'Test Cases/Login/Log-in' successfully

2020-12-09 17:54:00 - [TEST_STEP][PASSED] - click(findTestObject("Catalogos/button_Catlogos"), CONTINUE_ON_FAILURE): Object: 'Object Repository/Catalogos/button_Catlogos' is clicked on

2020-12-09 17:54:01 - [MESSAGE][PASSED] - Object: 'Object Repository/Catalogos/button_Catlogos' is clicked on

2020-12-09 17:54:01 - [TEST_STEP][PASSED] - click(findTestObject("Catalogos/Transportistas/Transportistas/Transpor"), CONTINUE_ON_FAILURE): Object: 'Object Repository/Catalogos/Transportistas/Transportistas/Transpor' is clicked on

2020-12-09 17:54:01 - [MESSAGE][PASSED] - Object: 'Object Repository/Catalogos/Transportistas/Transportistas/Transpor' is clicked on

2020-12-09 17:54:01 - [TEST_STEP][PASSED] - click(findTestObject("Catalogos/Transportistas/Transportistas/Transpor_2"), CONTINUE_ON_FAILURE): Object: 'Object Repository/Catalogos/Transportistas/Transportistas/Transpor_2' is clicked on

2020-12-09 17:54:02 - [MESSAGE][PASSED] - Object: 'Object Repository/Catalogos/Transportistas/Transportistas/Transpor_2' is clicked on

2020-12-09 17:54:02 - [TEST_STEP][PASSED] - click(findTestObject("Catalogos/Transportistas/Transportistas/Btn_capturaT"), CONTINUE_ON_FAILURE): Object: 'Object Repository/Catalogos/Transportistas/Transportistas/Btn_capturaT' is clicked on

2020-12-09 17:54:03 - [MESSAGE][PASSED] - Object: 'Object Repository/Catalogos/Transportistas/Transportistas/Btn_capturaT' is clicked on

2020-12-09 17:54:03 - [TEST_STEP][PASSED] - setText(findTestObject("Catalogos/Transportistas/Transportistas/razon_social"), razon_s, CONTINUE_ON_FAILURE): Text 'SITI-LOGISTICS' is set on object 'Object Repository/Catalogos/Transportistas/Transportistas/razon_social'

2020-12-09 17:54:04 - [MESSAGE][PASSED] - Text 'SITI-LOGISTICS' is set on object 'Object Repository/Catalogos/Transportistas/Transportistas/razon_social'

2020-12-09 17:54:04 - [TEST_STEP][PASSED] - setText(findTestObject("Catalogos/Transportistas/Transportistas/contrato"), contrato, CONTINUE_ON_FAILURE): Text 'FMS-LG-C0434' is set on object 'Object Repository/Catalogos/Transportistas/Transportistas/contrato'

2020-12-09 17:54:04 - [MESSAGE][PASSED] - Text 'FMS-LG-C0434' is set on object 'Object Repository/Catalogos/Transportistas/Transportistas/contrato'

2020-12-09 17:54:04 - [TEST_STEP][PASSED] - click(findTestObject("Catalogos/Transportistas/Transportistas/Date/fecha"), CONTINUE_ON_FAILURE): Object: 'Object Repository/Catalogos/Transportistas/Transportistas/Date/fecha' is clicked on

2020-12-09 17:54:05 - [MESSAGE][PASSED] - Object: 'Object Repository/Catalogos/Transportistas/Transportistas/Date/fecha' is clicked on

2020-12-09 17:54:05 - [TEST_STEP][PASSED] - click(findTestObject("Catalogos/Transportistas/Transportistas/Date/year"), CONTINUE_ON_FAILURE): Object: 'Object Repository/Catalogos/Transportistas/Transportistas/Date/year' is clicked on

2020-12-09 17:54:05 - [MESSAGE][PASSED] - Object: 'Object Repository/Catalogos/Transportistas/Transportistas/Date/year' is clicked on

2020-12-09 17:54:05 - [TEST_STEP][PASSED] - click(findTestObject("Catalogos/Transportistas/Transportistas/Date/Year2025"), CONTINUE_ON_FAILURE): Object: 'Object Repository/Catalogos/Transportistas/Transportistas/Date/Year2025' is clicked on

2020-12-09 17:54:06 - [MESSAGE][PASSED] - Object: 'Object Repository/Catalogos/Transportistas/Transportistas/Date/Year2025' is clicked on

2020-12-09 17:54:06 - [TEST_STEP][PASSED] - click(findTestObject("Catalogos/Transportistas/Transportistas/Date/month"), CONTINUE_ON_FAILURE): Object: 'Object Repository/Catalogos/Transportistas/Transportistas/Date/month' is clicked on

2020-12-09 17:54:07 - [MESSAGE][PASSED] - Object: 'Object Repository/Catalogos/Transportistas/Transportistas/Date/month' is clicked on

2020-12-09 17:54:07 - [TEST_STEP][PASSED] - click(findTestObject("Catalogos/Transportistas/Transportistas/Date/december"), CONTINUE_ON_FAILURE): Object: 'Object Repository/Catalogos/Transportistas/Transportistas/Date/december' is clicked on

2020-12-09 17:54:07 - [MESSAGE][PASSED] - Object: 'Object Repository/Catalogos/Transportistas/Transportistas/Date/december' is clicked on

2020-12-09 17:54:07 - [TEST_STEP][PASSED] - click(findTestObject("Catalogos/Transportistas/Transportistas/Date/31December"), CONTINUE_ON_FAILURE): Object: 'Object Repository/Catalogos/Transportistas/Transportistas/Date/31December' is clicked on

2020-12-09 17:54:08 - [MESSAGE][PASSED] - Object: 'Object Repository/Catalogos/Transportistas/Transportistas/Date/31December' is clicked on

2020-12-09 17:54:08 - [TEST_STEP][PASSED] - delay(2): Delayed 2 second(s)

2020-12-09 17:54:10 - [MESSAGE][PASSED] - Delayed 2 second(s)

2020-12-09 17:54:10 - [TEST_STEP][PASSED] - click(findTestObject("Catalogos/Transportistas/Transportistas/Aceptar"), CONTINUE_ON_FAILURE): Object: 'Object Repository/Catalogos/Transportistas/Transportistas/Aceptar' is clicked on

2020-12-09 17:54:11 - [MESSAGE][PASSED] - Object: 'Object Repository/Catalogos/Transportistas/Transportistas/Aceptar' is clicked on

2020-12-09 17:54:11 - [TEST_STEP][PASSED] - closeBrowser(CONTINUE_ON_FAILURE): Browser is closed

2020-12-09 17:54:11 - [MESSAGE][PASSED] - Browser is closed]]></system-out>
         <system-err><![CDATA[]]></system-err>
      </testcase>
      <testcase name="Test Cases/Catalogos/Transportistas/Transportistas/Captura/Create_transpor" time="35.499" classname="Test Cases/Catalogos/Transportistas/Transportistas/Captura/Create_transpor" status="PASSED">
         <system-out><![CDATA[2020-12-09 17:54:11 - [TEST_CASE][PASSED] - Test Cases/Catalogos/Transportistas/Transportistas/Captura/Create_transpor: Test Cases/Catalogos/Transportistas/Transportistas/Captura/Create_transpor

2020-12-09 17:54:11 - [TEST_STEP][PASSED] - callTestCase(findTestCase("Login/Log-in"), ["unidad":"San Dimas"], CONTINUE_ON_FAILURE): Call Test Case 'Test Cases/Login/Log-in' successfully

2020-12-09 17:54:11 - [TEST_CASE][PASSED] - Test Cases/Login/Log-in: Test Cases/Login/Log-in

2020-12-09 17:54:11 - [TEST_STEP][PASSED] - openBrowser(url): Browser is opened with url: 'https://mb-dev.firstmajestic.com/'

2020-12-09 17:54:11 - [MESSAGE][INFO] - Starting 'Chrome' driver

2020-12-09 17:54:17 - [MESSAGE][PASSED] - Browser is opened with url: 'https://mb-dev.firstmajestic.com/'

2020-12-09 17:54:17 - [TEST_STEP][PASSED] - maximizeWindow(): Current window maximized

2020-12-09 17:54:19 - [MESSAGE][PASSED] - Current window maximized

2020-12-09 17:54:19 - [TEST_STEP][PASSED] - click(findTestObject("Login/La parrilla login/select_Seleccionar UnidadLa ParrillaLa Enca_3f6097")): Object: 'Object Repository/Login/La parrilla login/select_Seleccionar UnidadLa ParrillaLa Enca_3f6097' is clicked on

2020-12-09 17:54:19 - [MESSAGE][PASSED] - Object: 'Object Repository/Login/La parrilla login/select_Seleccionar UnidadLa ParrillaLa Enca_3f6097' is clicked on

2020-12-09 17:54:19 - [TEST_STEP][PASSED] - selectOptionByLabel(findTestObject("Login/La parrilla login/select_Seleccionar UnidadLa ParrillaLa Enca_3f6097"), unidad, false): All options with label 'San Dimas' are selected in object 'Object Repository/Login/La parrilla login/select_Seleccionar UnidadLa ParrillaLa Enca_3f6097' 

2020-12-09 17:54:20 - [MESSAGE][PASSED] - All options with label 'San Dimas' are selected in object 'Object Repository/Login/La parrilla login/select_Seleccionar UnidadLa ParrillaLa Enca_3f6097' 

2020-12-09 17:54:20 - [TEST_STEP][PASSED] - click(findTestObject("Login/La parrilla login/button_Iniciar Sesin")): Object: 'Object Repository/Login/La parrilla login/button_Iniciar Sesin' is clicked on

2020-12-09 17:54:20 - [MESSAGE][PASSED] - Object: 'Object Repository/Login/La parrilla login/button_Iniciar Sesin' is clicked on

2020-12-09 17:54:20 - [TEST_STEP][PASSED] - click(findTestObject("Login/La parrilla login/input_Sign in with your corporate ID_btn bt_b79ff6")): Object: 'Object Repository/Login/La parrilla login/input_Sign in with your corporate ID_btn bt_b79ff6' is clicked on

2020-12-09 17:54:23 - [MESSAGE][PASSED] - Object: 'Object Repository/Login/La parrilla login/input_Sign in with your corporate ID_btn bt_b79ff6' is clicked on

2020-12-09 17:54:23 - [TEST_STEP][PASSED] - setText(findTestObject("Login/La parrilla login/input_Sign in_loginfmt"), "iperez@firstmajestic.com"): Text 'iperez@firstmajestic.com' is set on object 'Object Repository/Login/La parrilla login/input_Sign in_loginfmt'

2020-12-09 17:54:25 - [MESSAGE][PASSED] - Text 'iperez@firstmajestic.com' is set on object 'Object Repository/Login/La parrilla login/input_Sign in_loginfmt'

2020-12-09 17:54:25 - [TEST_STEP][PASSED] - click(findTestObject("Login/La parrilla login/input_Sign in_idSIButton9")): Object: 'Object Repository/Login/La parrilla login/input_Sign in_idSIButton9' is clicked on

2020-12-09 17:54:26 - [MESSAGE][PASSED] - Object: 'Object Repository/Login/La parrilla login/input_Sign in_idSIButton9' is clicked on

2020-12-09 17:54:26 - [TEST_STEP][PASSED] - setEncryptedText(findTestObject("Login/La parrilla login/input_Enter password_passwd"), "ykGCkDCd7AS2UCfUpOmvYw=="): Text ****** has been set on object 'Object Repository/Login/La parrilla login/input_Enter password_passwd'

2020-12-09 17:54:27 - [MESSAGE][PASSED] - Text ****** has been set on object 'Object Repository/Login/La parrilla login/input_Enter password_passwd'

2020-12-09 17:54:27 - [TEST_STEP][PASSED] - click(findTestObject("Login/La parrilla login/input_Sign in_idSIButton9")): Object: 'Object Repository/Login/La parrilla login/input_Sign in_idSIButton9' is clicked on

2020-12-09 17:54:28 - [MESSAGE][PASSED] - Object: 'Object Repository/Login/La parrilla login/input_Sign in_idSIButton9' is clicked on

2020-12-09 17:54:28 - [TEST_STEP][PASSED] - click(findTestObject("Login/La parrilla login/input_Sign in_idSIButton9")): Object: 'Object Repository/Login/La parrilla login/input_Sign in_idSIButton9' is clicked on

2020-12-09 17:54:32 - [MESSAGE][PASSED] - Object: 'Object Repository/Login/La parrilla login/input_Sign in_idSIButton9' is clicked on

2020-12-09 17:54:32 - [TEST_STEP][PASSED] - verifyElementText(findTestObject("Login/La parrilla login/div_Bienvenido a Balance Metalrgico Irving"), "Bienvenido a Balance MetalÃºrgico: Irving"): Actual text and expected text of test object 'Object Repository/Login/La parrilla login/div_Bienvenido a Balance Metalrgico Irving' are matched.

2020-12-09 17:54:36 - [MESSAGE][PASSED] - Actual text and expected text of test object 'Object Repository/Login/La parrilla login/div_Bienvenido a Balance Metalrgico Irving' are matched.

2020-12-09 17:54:36 - [MESSAGE][PASSED] - Call Test Case 'Test Cases/Login/Log-in' successfully

2020-12-09 17:54:36 - [TEST_STEP][PASSED] - click(findTestObject("Catalogos/button_Catlogos"), CONTINUE_ON_FAILURE): Object: 'Object Repository/Catalogos/button_Catlogos' is clicked on

2020-12-09 17:54:36 - [MESSAGE][PASSED] - Object: 'Object Repository/Catalogos/button_Catlogos' is clicked on

2020-12-09 17:54:36 - [TEST_STEP][PASSED] - click(findTestObject("Catalogos/Transportistas/Transportistas/Transpor"), CONTINUE_ON_FAILURE): Object: 'Object Repository/Catalogos/Transportistas/Transportistas/Transpor' is clicked on

2020-12-09 17:54:37 - [MESSAGE][PASSED] - Object: 'Object Repository/Catalogos/Transportistas/Transportistas/Transpor' is clicked on

2020-12-09 17:54:37 - [TEST_STEP][PASSED] - click(findTestObject("Catalogos/Transportistas/Transportistas/Transpor_2"), CONTINUE_ON_FAILURE): Object: 'Object Repository/Catalogos/Transportistas/Transportistas/Transpor_2' is clicked on

2020-12-09 17:54:38 - [MESSAGE][PASSED] - Object: 'Object Repository/Catalogos/Transportistas/Transportistas/Transpor_2' is clicked on

2020-12-09 17:54:38 - [TEST_STEP][PASSED] - click(findTestObject("Catalogos/Transportistas/Transportistas/Btn_capturaT"), CONTINUE_ON_FAILURE): Object: 'Object Repository/Catalogos/Transportistas/Transportistas/Btn_capturaT' is clicked on

2020-12-09 17:54:38 - [MESSAGE][PASSED] - Object: 'Object Repository/Catalogos/Transportistas/Transportistas/Btn_capturaT' is clicked on

2020-12-09 17:54:38 - [TEST_STEP][PASSED] - setText(findTestObject("Catalogos/Transportistas/Transportistas/razon_social"), razon_s, CONTINUE_ON_FAILURE): Text 'Aerolineas Centauro, S.A. de C.V.' is set on object 'Object Repository/Catalogos/Transportistas/Transportistas/razon_social'

2020-12-09 17:54:39 - [MESSAGE][PASSED] - Text 'Aerolineas Centauro, S.A. de C.V.' is set on object 'Object Repository/Catalogos/Transportistas/Transportistas/razon_social'

2020-12-09 17:54:39 - [TEST_STEP][PASSED] - setText(findTestObject("Catalogos/Transportistas/Transportistas/contrato"), contrato, CONTINUE_ON_FAILURE): Text 'FMS-AERO-25' is set on object 'Object Repository/Catalogos/Transportistas/Transportistas/contrato'

2020-12-09 17:54:40 - [MESSAGE][PASSED] - Text 'FMS-AERO-25' is set on object 'Object Repository/Catalogos/Transportistas/Transportistas/contrato'

2020-12-09 17:54:40 - [TEST_STEP][PASSED] - click(findTestObject("Catalogos/Transportistas/Transportistas/Date/fecha"), CONTINUE_ON_FAILURE): Object: 'Object Repository/Catalogos/Transportistas/Transportistas/Date/fecha' is clicked on

2020-12-09 17:54:40 - [MESSAGE][PASSED] - Object: 'Object Repository/Catalogos/Transportistas/Transportistas/Date/fecha' is clicked on

2020-12-09 17:54:40 - [TEST_STEP][PASSED] - click(findTestObject("Catalogos/Transportistas/Transportistas/Date/year"), CONTINUE_ON_FAILURE): Object: 'Object Repository/Catalogos/Transportistas/Transportistas/Date/year' is clicked on

2020-12-09 17:54:41 - [MESSAGE][PASSED] - Object: 'Object Repository/Catalogos/Transportistas/Transportistas/Date/year' is clicked on

2020-12-09 17:54:41 - [TEST_STEP][PASSED] - click(findTestObject("Catalogos/Transportistas/Transportistas/Date/Year2025"), CONTINUE_ON_FAILURE): Object: 'Object Repository/Catalogos/Transportistas/Transportistas/Date/Year2025' is clicked on

2020-12-09 17:54:42 - [MESSAGE][PASSED] - Object: 'Object Repository/Catalogos/Transportistas/Transportistas/Date/Year2025' is clicked on

2020-12-09 17:54:42 - [TEST_STEP][PASSED] - click(findTestObject("Catalogos/Transportistas/Transportistas/Date/month"), CONTINUE_ON_FAILURE): Object: 'Object Repository/Catalogos/Transportistas/Transportistas/Date/month' is clicked on

2020-12-09 17:54:42 - [MESSAGE][PASSED] - Object: 'Object Repository/Catalogos/Transportistas/Transportistas/Date/month' is clicked on

2020-12-09 17:54:42 - [TEST_STEP][PASSED] - click(findTestObject("Catalogos/Transportistas/Transportistas/Date/december"), CONTINUE_ON_FAILURE): Object: 'Object Repository/Catalogos/Transportistas/Transportistas/Date/december' is clicked on

2020-12-09 17:54:43 - [MESSAGE][PASSED] - Object: 'Object Repository/Catalogos/Transportistas/Transportistas/Date/december' is clicked on

2020-12-09 17:54:43 - [TEST_STEP][PASSED] - click(findTestObject("Catalogos/Transportistas/Transportistas/Date/31December"), CONTINUE_ON_FAILURE): Object: 'Object Repository/Catalogos/Transportistas/Transportistas/Date/31December' is clicked on

2020-12-09 17:54:44 - [MESSAGE][PASSED] - Object: 'Object Repository/Catalogos/Transportistas/Transportistas/Date/31December' is clicked on

2020-12-09 17:54:44 - [TEST_STEP][PASSED] - delay(2): Delayed 2 second(s)

2020-12-09 17:54:46 - [MESSAGE][PASSED] - Delayed 2 second(s)

2020-12-09 17:54:46 - [TEST_STEP][PASSED] - click(findTestObject("Catalogos/Transportistas/Transportistas/Aceptar"), CONTINUE_ON_FAILURE): Object: 'Object Repository/Catalogos/Transportistas/Transportistas/Aceptar' is clicked on

2020-12-09 17:54:46 - [MESSAGE][PASSED] - Object: 'Object Repository/Catalogos/Transportistas/Transportistas/Aceptar' is clicked on

2020-12-09 17:54:46 - [TEST_STEP][PASSED] - closeBrowser(CONTINUE_ON_FAILURE): Browser is closed

2020-12-09 17:54:47 - [MESSAGE][PASSED] - Browser is closed]]></system-out>
         <system-err><![CDATA[]]></system-err>
      </testcase>
      <testcase name="Test Cases/Catalogos/Transportistas/Transportistas/Captura/Create_transpor" time="37.125" classname="Test Cases/Catalogos/Transportistas/Transportistas/Captura/Create_transpor" status="PASSED">
         <system-out><![CDATA[2020-12-09 17:54:47 - [TEST_CASE][PASSED] - Test Cases/Catalogos/Transportistas/Transportistas/Captura/Create_transpor: Test Cases/Catalogos/Transportistas/Transportistas/Captura/Create_transpor

2020-12-09 17:54:47 - [TEST_STEP][PASSED] - callTestCase(findTestCase("Login/Log-in"), ["unidad":"San Dimas"], CONTINUE_ON_FAILURE): Call Test Case 'Test Cases/Login/Log-in' successfully

2020-12-09 17:54:47 - [TEST_CASE][PASSED] - Test Cases/Login/Log-in: Test Cases/Login/Log-in

2020-12-09 17:54:47 - [TEST_STEP][PASSED] - openBrowser(url): Browser is opened with url: 'https://mb-dev.firstmajestic.com/'

2020-12-09 17:54:47 - [MESSAGE][INFO] - Starting 'Chrome' driver

2020-12-09 17:54:52 - [MESSAGE][PASSED] - Browser is opened with url: 'https://mb-dev.firstmajestic.com/'

2020-12-09 17:54:52 - [TEST_STEP][PASSED] - maximizeWindow(): Current window maximized

2020-12-09 17:54:53 - [MESSAGE][PASSED] - Current window maximized

2020-12-09 17:54:53 - [TEST_STEP][PASSED] - click(findTestObject("Login/La parrilla login/select_Seleccionar UnidadLa ParrillaLa Enca_3f6097")): Object: 'Object Repository/Login/La parrilla login/select_Seleccionar UnidadLa ParrillaLa Enca_3f6097' is clicked on

2020-12-09 17:54:54 - [MESSAGE][PASSED] - Object: 'Object Repository/Login/La parrilla login/select_Seleccionar UnidadLa ParrillaLa Enca_3f6097' is clicked on

2020-12-09 17:54:54 - [TEST_STEP][PASSED] - selectOptionByLabel(findTestObject("Login/La parrilla login/select_Seleccionar UnidadLa ParrillaLa Enca_3f6097"), unidad, false): All options with label 'San Dimas' are selected in object 'Object Repository/Login/La parrilla login/select_Seleccionar UnidadLa ParrillaLa Enca_3f6097' 

2020-12-09 17:54:55 - [MESSAGE][PASSED] - All options with label 'San Dimas' are selected in object 'Object Repository/Login/La parrilla login/select_Seleccionar UnidadLa ParrillaLa Enca_3f6097' 

2020-12-09 17:54:55 - [TEST_STEP][PASSED] - click(findTestObject("Login/La parrilla login/button_Iniciar Sesin")): Object: 'Object Repository/Login/La parrilla login/button_Iniciar Sesin' is clicked on

2020-12-09 17:54:55 - [MESSAGE][PASSED] - Object: 'Object Repository/Login/La parrilla login/button_Iniciar Sesin' is clicked on

2020-12-09 17:54:55 - [TEST_STEP][PASSED] - click(findTestObject("Login/La parrilla login/input_Sign in with your corporate ID_btn bt_b79ff6")): Object: 'Object Repository/Login/La parrilla login/input_Sign in with your corporate ID_btn bt_b79ff6' is clicked on

2020-12-09 17:54:58 - [MESSAGE][PASSED] - Object: 'Object Repository/Login/La parrilla login/input_Sign in with your corporate ID_btn bt_b79ff6' is clicked on

2020-12-09 17:54:58 - [TEST_STEP][PASSED] - setText(findTestObject("Login/La parrilla login/input_Sign in_loginfmt"), "iperez@firstmajestic.com"): Text 'iperez@firstmajestic.com' is set on object 'Object Repository/Login/La parrilla login/input_Sign in_loginfmt'

2020-12-09 17:55:00 - [MESSAGE][PASSED] - Text 'iperez@firstmajestic.com' is set on object 'Object Repository/Login/La parrilla login/input_Sign in_loginfmt'

2020-12-09 17:55:00 - [TEST_STEP][PASSED] - click(findTestObject("Login/La parrilla login/input_Sign in_idSIButton9")): Object: 'Object Repository/Login/La parrilla login/input_Sign in_idSIButton9' is clicked on

2020-12-09 17:55:01 - [MESSAGE][PASSED] - Object: 'Object Repository/Login/La parrilla login/input_Sign in_idSIButton9' is clicked on

2020-12-09 17:55:01 - [TEST_STEP][PASSED] - setEncryptedText(findTestObject("Login/La parrilla login/input_Enter password_passwd"), "ykGCkDCd7AS2UCfUpOmvYw=="): Text ****** has been set on object 'Object Repository/Login/La parrilla login/input_Enter password_passwd'

2020-12-09 17:55:02 - [MESSAGE][PASSED] - Text ****** has been set on object 'Object Repository/Login/La parrilla login/input_Enter password_passwd'

2020-12-09 17:55:02 - [TEST_STEP][PASSED] - click(findTestObject("Login/La parrilla login/input_Sign in_idSIButton9")): Object: 'Object Repository/Login/La parrilla login/input_Sign in_idSIButton9' is clicked on

2020-12-09 17:55:05 - [MESSAGE][PASSED] - Object: 'Object Repository/Login/La parrilla login/input_Sign in_idSIButton9' is clicked on

2020-12-09 17:55:05 - [TEST_STEP][PASSED] - click(findTestObject("Login/La parrilla login/input_Sign in_idSIButton9")): Object: 'Object Repository/Login/La parrilla login/input_Sign in_idSIButton9' is clicked on

2020-12-09 17:55:09 - [MESSAGE][PASSED] - Object: 'Object Repository/Login/La parrilla login/input_Sign in_idSIButton9' is clicked on

2020-12-09 17:55:09 - [TEST_STEP][PASSED] - verifyElementText(findTestObject("Login/La parrilla login/div_Bienvenido a Balance Metalrgico Irving"), "Bienvenido a Balance MetalÃºrgico: Irving"): Actual text and expected text of test object 'Object Repository/Login/La parrilla login/div_Bienvenido a Balance Metalrgico Irving' are matched.

2020-12-09 17:55:13 - [MESSAGE][PASSED] - Actual text and expected text of test object 'Object Repository/Login/La parrilla login/div_Bienvenido a Balance Metalrgico Irving' are matched.

2020-12-09 17:55:13 - [MESSAGE][PASSED] - Call Test Case 'Test Cases/Login/Log-in' successfully

2020-12-09 17:55:13 - [TEST_STEP][PASSED] - click(findTestObject("Catalogos/button_Catlogos"), CONTINUE_ON_FAILURE): Object: 'Object Repository/Catalogos/button_Catlogos' is clicked on

2020-12-09 17:55:13 - [MESSAGE][PASSED] - Object: 'Object Repository/Catalogos/button_Catlogos' is clicked on

2020-12-09 17:55:13 - [TEST_STEP][PASSED] - click(findTestObject("Catalogos/Transportistas/Transportistas/Transpor"), CONTINUE_ON_FAILURE): Object: 'Object Repository/Catalogos/Transportistas/Transportistas/Transpor' is clicked on

2020-12-09 17:55:14 - [MESSAGE][PASSED] - Object: 'Object Repository/Catalogos/Transportistas/Transportistas/Transpor' is clicked on

2020-12-09 17:55:14 - [TEST_STEP][PASSED] - click(findTestObject("Catalogos/Transportistas/Transportistas/Transpor_2"), CONTINUE_ON_FAILURE): Object: 'Object Repository/Catalogos/Transportistas/Transportistas/Transpor_2' is clicked on

2020-12-09 17:55:15 - [MESSAGE][PASSED] - Object: 'Object Repository/Catalogos/Transportistas/Transportistas/Transpor_2' is clicked on

2020-12-09 17:55:15 - [TEST_STEP][PASSED] - click(findTestObject("Catalogos/Transportistas/Transportistas/Btn_capturaT"), CONTINUE_ON_FAILURE): Object: 'Object Repository/Catalogos/Transportistas/Transportistas/Btn_capturaT' is clicked on

2020-12-09 17:55:15 - [MESSAGE][PASSED] - Object: 'Object Repository/Catalogos/Transportistas/Transportistas/Btn_capturaT' is clicked on

2020-12-09 17:55:15 - [TEST_STEP][PASSED] - setText(findTestObject("Catalogos/Transportistas/Transportistas/razon_social"), razon_s, CONTINUE_ON_FAILURE): Text 'PRIMERO TRANSPORTES AEREOS SA de CV.' is set on object 'Object Repository/Catalogos/Transportistas/Transportistas/razon_social'

2020-12-09 17:55:16 - [MESSAGE][PASSED] - Text 'PRIMERO TRANSPORTES AEREOS SA de CV.' is set on object 'Object Repository/Catalogos/Transportistas/Transportistas/razon_social'

2020-12-09 17:55:16 - [TEST_STEP][PASSED] - setText(findTestObject("Catalogos/Transportistas/Transportistas/contrato"), contrato, CONTINUE_ON_FAILURE): Text 'FMS-PRIMERO-25' is set on object 'Object Repository/Catalogos/Transportistas/Transportistas/contrato'

2020-12-09 17:55:17 - [MESSAGE][PASSED] - Text 'FMS-PRIMERO-25' is set on object 'Object Repository/Catalogos/Transportistas/Transportistas/contrato'

2020-12-09 17:55:17 - [TEST_STEP][PASSED] - click(findTestObject("Catalogos/Transportistas/Transportistas/Date/fecha"), CONTINUE_ON_FAILURE): Object: 'Object Repository/Catalogos/Transportistas/Transportistas/Date/fecha' is clicked on

2020-12-09 17:55:18 - [MESSAGE][PASSED] - Object: 'Object Repository/Catalogos/Transportistas/Transportistas/Date/fecha' is clicked on

2020-12-09 17:55:18 - [TEST_STEP][PASSED] - click(findTestObject("Catalogos/Transportistas/Transportistas/Date/year"), CONTINUE_ON_FAILURE): Object: 'Object Repository/Catalogos/Transportistas/Transportistas/Date/year' is clicked on

2020-12-09 17:55:18 - [MESSAGE][PASSED] - Object: 'Object Repository/Catalogos/Transportistas/Transportistas/Date/year' is clicked on

2020-12-09 17:55:18 - [TEST_STEP][PASSED] - click(findTestObject("Catalogos/Transportistas/Transportistas/Date/Year2025"), CONTINUE_ON_FAILURE): Object: 'Object Repository/Catalogos/Transportistas/Transportistas/Date/Year2025' is clicked on

2020-12-09 17:55:19 - [MESSAGE][PASSED] - Object: 'Object Repository/Catalogos/Transportistas/Transportistas/Date/Year2025' is clicked on

2020-12-09 17:55:19 - [TEST_STEP][PASSED] - click(findTestObject("Catalogos/Transportistas/Transportistas/Date/month"), CONTINUE_ON_FAILURE): Object: 'Object Repository/Catalogos/Transportistas/Transportistas/Date/month' is clicked on

2020-12-09 17:55:20 - [MESSAGE][PASSED] - Object: 'Object Repository/Catalogos/Transportistas/Transportistas/Date/month' is clicked on

2020-12-09 17:55:20 - [TEST_STEP][PASSED] - click(findTestObject("Catalogos/Transportistas/Transportistas/Date/december"), CONTINUE_ON_FAILURE): Object: 'Object Repository/Catalogos/Transportistas/Transportistas/Date/december' is clicked on

2020-12-09 17:55:20 - [MESSAGE][PASSED] - Object: 'Object Repository/Catalogos/Transportistas/Transportistas/Date/december' is clicked on

2020-12-09 17:55:20 - [TEST_STEP][PASSED] - click(findTestObject("Catalogos/Transportistas/Transportistas/Date/31December"), CONTINUE_ON_FAILURE): Object: 'Object Repository/Catalogos/Transportistas/Transportistas/Date/31December' is clicked on

2020-12-09 17:55:21 - [MESSAGE][PASSED] - Object: 'Object Repository/Catalogos/Transportistas/Transportistas/Date/31December' is clicked on

2020-12-09 17:55:21 - [TEST_STEP][PASSED] - delay(2): Delayed 2 second(s)

2020-12-09 17:55:23 - [MESSAGE][PASSED] - Delayed 2 second(s)

2020-12-09 17:55:23 - [TEST_STEP][PASSED] - click(findTestObject("Catalogos/Transportistas/Transportistas/Aceptar"), CONTINUE_ON_FAILURE): Object: 'Object Repository/Catalogos/Transportistas/Transportistas/Aceptar' is clicked on

2020-12-09 17:55:23 - [MESSAGE][PASSED] - Object: 'Object Repository/Catalogos/Transportistas/Transportistas/Aceptar' is clicked on

2020-12-09 17:55:23 - [TEST_STEP][PASSED] - closeBrowser(CONTINUE_ON_FAILURE): Browser is closed

2020-12-09 17:55:24 - [MESSAGE][PASSED] - Browser is closed]]></system-out>
         <system-err><![CDATA[]]></system-err>
      </testcase>
      <system-out><![CDATA[2020-12-09 17:46:06 - [TEST_SUITE][PASSED] - Transportista: Test Cases/Catalogos/Transportistas/Transportistas/Captura/Create_transpor]]></system-out>
      <system-err><![CDATA[]]></system-err>
   </testsuite>
</testsuites>
