<?xml version="1.0" encoding="UTF-8"?>
<testsuites name="San dimas" time="166.652" tests="4" failures="0" errors="0">
   <testsuite name="San dimas" tests="4" failures="0" errors="0" time="166.652" timestamp="2020-12-03 14:04:26" hostname="iperez - EC2AMAZ-DJL71OR.firstmajestic.local" id="Test Suites/San Dimas/San dimas">
      <properties>
         <property name="deviceName" value=""/>
         <property name="devicePlatform" value=""/>
         <property name="logFolder" value="D:\\Users\\iperez\\Katalon Studio\\Balance metalurgico\\Reports\\20201203_140421\\San Dimas\\San dimas\\20201203_140421"/>
         <property name="logFiles" value="D:\\Users\\iperez\\Katalon Studio\\Balance metalurgico\\Reports\\20201203_140421\\San Dimas\\San dimas\\20201203_140421\\execution0.log"/>
         <property name="attachments" value=""/>
         <property name="hostName" value="iperez - EC2AMAZ-DJL71OR.firstmajestic.local"/>
         <property name="os" value="Windows Server 2016 64bit"/>
         <property name="katalonVersion" value="7.0.4.1"/>
         <property name="browser" value="Chrome 86.0.4240.198"/>
         <property name="hostAddress" value="10.41.50.193"/>
         <property name="sessionId" value="8a492555c044e4a726cf7fecf699141c"/>
         <property name="seleniumVersion" value="3.141.59"/>
         <property name="proxyInformation" value="ProxyInformation{proxyOption=NO_PROXY, proxyServerType=HTTP, password=, proxyServerAddress=, proxyServerPort=0}"/>
         <property name="platform" value="Windows Server 2016"/>
      </properties>
      <testcase name="Test Cases/Embarques/Barras/Produccion (San Dimas)/Barras embarcadas/Consulta de embarques/Validacion de error lote embarque" time="44.597" classname="Test Cases/Embarques/Barras/Produccion (San Dimas)/Barras embarcadas/Consulta de embarques/Validacion de error lote embarque" status="PASSED">
         <system-out><![CDATA[2020-12-03 14:04:27 - [TEST_CASE][PASSED] - Test Cases/Embarques/Barras/Produccion (San Dimas)/Barras embarcadas/Consulta de embarques/Validacion de error lote embarque: Test Cases/Embarques/Barras/Produccion (San Dimas)/Barras embarcadas/Consulta de embarques/Validacion de error lote embarque

2020-12-03 14:04:27 - [TEST_STEP][PASSED] - callTestCase(findTestCase("Login/Log-in"), [:], CONTINUE_ON_FAILURE): Call Test Case 'Test Cases/Login/Log-in' successfully

2020-12-03 14:04:28 - [TEST_CASE][PASSED] - Test Cases/Login/Log-in: Test Cases/Login/Log-in

2020-12-03 14:04:28 - [TEST_STEP][PASSED] - openBrowser(url): Browser is opened with url: 'https://mb-testing.firstmajestic.com'

2020-12-03 14:04:28 - [MESSAGE][INFO] - Starting 'Chrome' driver

2020-12-03 14:04:28 - [MESSAGE][INFO] - Action delay is set to 0 seconds

2020-12-03 14:04:36 - [MESSAGE][PASSED] - Browser is opened with url: 'https://mb-testing.firstmajestic.com'

2020-12-03 14:04:36 - [TEST_STEP][PASSED] - maximizeWindow(): Current window maximized

2020-12-03 14:04:37 - [MESSAGE][PASSED] - Current window maximized

2020-12-03 14:04:37 - [TEST_STEP][PASSED] - click(findTestObject("Login/La parrilla login/select_Seleccionar UnidadLa ParrillaLa Enca_3f6097")): Object: 'Object Repository/Login/La parrilla login/select_Seleccionar UnidadLa ParrillaLa Enca_3f6097' is clicked on

2020-12-03 14:04:38 - [MESSAGE][PASSED] - Object: 'Object Repository/Login/La parrilla login/select_Seleccionar UnidadLa ParrillaLa Enca_3f6097' is clicked on

2020-12-03 14:04:38 - [TEST_STEP][PASSED] - selectOptionByLabel(findTestObject("Login/La parrilla login/select_Seleccionar UnidadLa ParrillaLa Enca_3f6097"), unidad, false): All options with label 'San Dimas' are selected in object 'Object Repository/Login/La parrilla login/select_Seleccionar UnidadLa ParrillaLa Enca_3f6097' 

2020-12-03 14:04:39 - [MESSAGE][PASSED] - All options with label 'San Dimas' are selected in object 'Object Repository/Login/La parrilla login/select_Seleccionar UnidadLa ParrillaLa Enca_3f6097' 

2020-12-03 14:04:39 - [TEST_STEP][PASSED] - click(findTestObject("Login/La parrilla login/button_Iniciar Sesin")): Object: 'Object Repository/Login/La parrilla login/button_Iniciar Sesin' is clicked on

2020-12-03 14:04:40 - [MESSAGE][PASSED] - Object: 'Object Repository/Login/La parrilla login/button_Iniciar Sesin' is clicked on

2020-12-03 14:04:40 - [TEST_STEP][PASSED] - click(findTestObject("Login/La parrilla login/input_Sign in with your corporate ID_btn bt_b79ff6")): Object: 'Object Repository/Login/La parrilla login/input_Sign in with your corporate ID_btn bt_b79ff6' is clicked on

2020-12-03 14:04:43 - [MESSAGE][PASSED] - Object: 'Object Repository/Login/La parrilla login/input_Sign in with your corporate ID_btn bt_b79ff6' is clicked on

2020-12-03 14:04:43 - [TEST_STEP][PASSED] - setText(findTestObject("Login/La parrilla login/input_Sign in_loginfmt"), "iperez@firstmajestic.com"): Text 'iperez@firstmajestic.com' is set on object 'Object Repository/Login/La parrilla login/input_Sign in_loginfmt'

2020-12-03 14:04:46 - [MESSAGE][PASSED] - Text 'iperez@firstmajestic.com' is set on object 'Object Repository/Login/La parrilla login/input_Sign in_loginfmt'

2020-12-03 14:04:46 - [TEST_STEP][PASSED] - click(findTestObject("Login/La parrilla login/input_Sign in_idSIButton9")): Object: 'Object Repository/Login/La parrilla login/input_Sign in_idSIButton9' is clicked on

2020-12-03 14:04:47 - [MESSAGE][PASSED] - Object: 'Object Repository/Login/La parrilla login/input_Sign in_idSIButton9' is clicked on

2020-12-03 14:04:47 - [TEST_STEP][PASSED] - setEncryptedText(findTestObject("Login/La parrilla login/input_Enter password_passwd"), "ykGCkDCd7AS2UCfUpOmvYw=="): Text ****** has been set on object 'Object Repository/Login/La parrilla login/input_Enter password_passwd'

2020-12-03 14:04:49 - [MESSAGE][PASSED] - Text ****** has been set on object 'Object Repository/Login/La parrilla login/input_Enter password_passwd'

2020-12-03 14:04:49 - [TEST_STEP][PASSED] - click(findTestObject("Login/La parrilla login/input_Sign in_idSIButton9")): Object: 'Object Repository/Login/La parrilla login/input_Sign in_idSIButton9' is clicked on

2020-12-03 14:04:53 - [MESSAGE][PASSED] - Object: 'Object Repository/Login/La parrilla login/input_Sign in_idSIButton9' is clicked on

2020-12-03 14:04:53 - [TEST_STEP][PASSED] - click(findTestObject("Login/La parrilla login/input_Sign in_idSIButton9")): Object: 'Object Repository/Login/La parrilla login/input_Sign in_idSIButton9' is clicked on

2020-12-03 14:04:58 - [MESSAGE][PASSED] - Object: 'Object Repository/Login/La parrilla login/input_Sign in_idSIButton9' is clicked on

2020-12-03 14:04:58 - [TEST_STEP][PASSED] - delay(2): Delayed 2 second(s)

2020-12-03 14:05:00 - [MESSAGE][PASSED] - Delayed 2 second(s)

2020-12-03 14:05:00 - [MESSAGE][PASSED] - Call Test Case 'Test Cases/Login/Log-in' successfully

2020-12-03 14:05:00 - [TEST_STEP][PASSED] - click(findTestObject("Embarques/Barras/Produccion/Consulta de Embarque/button_Embarques")): Object: 'Object Repository/Embarques/Barras/Produccion/Consulta de Embarque/button_Embarques' is clicked on

2020-12-03 14:05:01 - [MESSAGE][PASSED] - Object: 'Object Repository/Embarques/Barras/Produccion/Consulta de Embarque/button_Embarques' is clicked on

2020-12-03 14:05:01 - [TEST_STEP][PASSED] - click(findTestObject("Object Repository/Embarques/Barras/Produccion/Consulta de Embarque/button_Barras")): Object: 'Object Repository/Embarques/Barras/Produccion/Consulta de Embarque/button_Barras' is clicked on

2020-12-03 14:05:02 - [MESSAGE][PASSED] - Object: 'Object Repository/Embarques/Barras/Produccion/Consulta de Embarque/button_Barras' is clicked on

2020-12-03 14:05:02 - [TEST_STEP][PASSED] - click(findTestObject("Object Repository/Embarques/Barras/Produccion/Consulta de Embarque/button_Produccin")): Object: 'Object Repository/Embarques/Barras/Produccion/Consulta de Embarque/button_Produccin' is clicked on

2020-12-03 14:05:03 - [MESSAGE][PASSED] - Object: 'Object Repository/Embarques/Barras/Produccion/Consulta de Embarque/button_Produccin' is clicked on

2020-12-03 14:05:03 - [TEST_STEP][PASSED] - click(findTestObject("Embarques/Barras/Produccion/Consulta de Embarque/button_Barras_Embarcadas")): Object: 'Object Repository/Embarques/Barras/Produccion/Consulta de Embarque/button_Barras_Embarcadas' is clicked on

2020-12-03 14:05:03 - [MESSAGE][PASSED] - Object: 'Object Repository/Embarques/Barras/Produccion/Consulta de Embarque/button_Barras_Embarcadas' is clicked on

2020-12-03 14:05:03 - [TEST_STEP][PASSED] - click(findTestObject("Embarques/Barras/Produccion/Consulta de Embarque/button_Consulta de Embarques")): Object: 'Object Repository/Embarques/Barras/Produccion/Consulta de Embarque/button_Consulta de Embarques' is clicked on

2020-12-03 14:05:04 - [MESSAGE][PASSED] - Object: 'Object Repository/Embarques/Barras/Produccion/Consulta de Embarque/button_Consulta de Embarques' is clicked on

2020-12-03 14:05:04 - [TEST_STEP][PASSED] - click(findTestObject("Object Repository/Embarques/Barras/Produccion/Consulta de Embarque/input_De_Fecha")): Object: 'Object Repository/Embarques/Barras/Produccion/Consulta de Embarque/input_De_Fecha' is clicked on

2020-12-03 14:05:05 - [MESSAGE][PASSED] - Object: 'Object Repository/Embarques/Barras/Produccion/Consulta de Embarque/input_De_Fecha' is clicked on

2020-12-03 14:05:05 - [TEST_STEP][PASSED] - doubleClick(findTestObject("Ventas/Barras/Ensayes oficiales/Captura/button_Previous Month")): Object: 'Object Repository/Ventas/Barras/Ensayes oficiales/Captura/button_Previous Month' is double clicked on

2020-12-03 14:05:06 - [MESSAGE][PASSED] - Object: 'Object Repository/Ventas/Barras/Ensayes oficiales/Captura/button_Previous Month' is double clicked on

2020-12-03 14:05:06 - [TEST_STEP][PASSED] - click(findTestObject("Object Repository/Embarques/Barras/Produccion/Consulta de Embarque/div_1")): Object: 'Object Repository/Embarques/Barras/Produccion/Consulta de Embarque/div_1' is clicked on

2020-12-03 14:05:06 - [MESSAGE][PASSED] - Object: 'Object Repository/Embarques/Barras/Produccion/Consulta de Embarque/div_1' is clicked on

2020-12-03 14:05:06 - [TEST_STEP][PASSED] - click(findTestObject("Object Repository/Embarques/Barras/Produccion/Consulta de Embarque/button_Consultar")): Object: 'Object Repository/Embarques/Barras/Produccion/Consulta de Embarque/button_Consultar' is clicked on

2020-12-03 14:05:07 - [MESSAGE][PASSED] - Object: 'Object Repository/Embarques/Barras/Produccion/Consulta de Embarque/button_Consultar' is clicked on

2020-12-03 14:05:07 - [TEST_STEP][PASSED] - waitForElementPresent(findTestObject("Error"), 2): Object 'Object Repository/Error' is not present after 2 second(s)

2020-12-03 14:05:10 - [MESSAGE][INFO] - Unable to find the element located by 'By.xpath: /html/body/div[1]/div/main/div/div/div/div[2]/div/div/div[1]/img'. Please recheck the objects properties to make sure the desired element is located. 

2020-12-03 14:05:11 - [MESSAGE][WARNING] - Object 'Object Repository/Error' is not present after 2 second(s)

2020-12-03 14:05:11 - [TEST_STEP][PASSED] - closeBrowser(): Browser is closed

2020-12-03 14:05:11 - [MESSAGE][PASSED] - Browser is closed]]></system-out>
         <system-err><![CDATA[]]></system-err>
      </testcase>
      <testcase name="Test Cases/Embarques/Barras/Produccion (San Dimas)/Barras embarcadas/Consulta de volumen/Validacion de error volumen embarque" time="36.207" classname="Test Cases/Embarques/Barras/Produccion (San Dimas)/Barras embarcadas/Consulta de volumen/Validacion de error volumen embarque" status="PASSED">
         <system-out><![CDATA[2020-12-03 14:05:11 - [TEST_CASE][PASSED] - Test Cases/Embarques/Barras/Produccion (San Dimas)/Barras embarcadas/Consulta de volumen/Validacion de error volumen embarque: Test Cases/Embarques/Barras/Produccion (San Dimas)/Barras embarcadas/Consulta de volumen/Validacion de error volumen embarque

2020-12-03 14:05:12 - [TEST_STEP][PASSED] - callTestCase(findTestCase("Login/Log-in"), [:], CONTINUE_ON_FAILURE): Call Test Case 'Test Cases/Login/Log-in' successfully

2020-12-03 14:05:12 - [TEST_CASE][PASSED] - Test Cases/Login/Log-in: Test Cases/Login/Log-in

2020-12-03 14:05:12 - [TEST_STEP][PASSED] - openBrowser(url): Browser is opened with url: 'https://mb-testing.firstmajestic.com'

2020-12-03 14:05:12 - [MESSAGE][INFO] - Starting 'Chrome' driver

2020-12-03 14:05:17 - [MESSAGE][PASSED] - Browser is opened with url: 'https://mb-testing.firstmajestic.com'

2020-12-03 14:05:17 - [TEST_STEP][PASSED] - maximizeWindow(): Current window maximized

2020-12-03 14:05:19 - [MESSAGE][PASSED] - Current window maximized

2020-12-03 14:05:19 - [TEST_STEP][PASSED] - click(findTestObject("Login/La parrilla login/select_Seleccionar UnidadLa ParrillaLa Enca_3f6097")): Object: 'Object Repository/Login/La parrilla login/select_Seleccionar UnidadLa ParrillaLa Enca_3f6097' is clicked on

2020-12-03 14:05:19 - [MESSAGE][PASSED] - Object: 'Object Repository/Login/La parrilla login/select_Seleccionar UnidadLa ParrillaLa Enca_3f6097' is clicked on

2020-12-03 14:05:19 - [TEST_STEP][PASSED] - selectOptionByLabel(findTestObject("Login/La parrilla login/select_Seleccionar UnidadLa ParrillaLa Enca_3f6097"), unidad, false): All options with label 'San Dimas' are selected in object 'Object Repository/Login/La parrilla login/select_Seleccionar UnidadLa ParrillaLa Enca_3f6097' 

2020-12-03 14:05:20 - [MESSAGE][PASSED] - All options with label 'San Dimas' are selected in object 'Object Repository/Login/La parrilla login/select_Seleccionar UnidadLa ParrillaLa Enca_3f6097' 

2020-12-03 14:05:20 - [TEST_STEP][PASSED] - click(findTestObject("Login/La parrilla login/button_Iniciar Sesin")): Object: 'Object Repository/Login/La parrilla login/button_Iniciar Sesin' is clicked on

2020-12-03 14:05:20 - [MESSAGE][PASSED] - Object: 'Object Repository/Login/La parrilla login/button_Iniciar Sesin' is clicked on

2020-12-03 14:05:20 - [TEST_STEP][PASSED] - click(findTestObject("Login/La parrilla login/input_Sign in with your corporate ID_btn bt_b79ff6")): Object: 'Object Repository/Login/La parrilla login/input_Sign in with your corporate ID_btn bt_b79ff6' is clicked on

2020-12-03 14:05:23 - [MESSAGE][PASSED] - Object: 'Object Repository/Login/La parrilla login/input_Sign in with your corporate ID_btn bt_b79ff6' is clicked on

2020-12-03 14:05:23 - [TEST_STEP][PASSED] - setText(findTestObject("Login/La parrilla login/input_Sign in_loginfmt"), "iperez@firstmajestic.com"): Text 'iperez@firstmajestic.com' is set on object 'Object Repository/Login/La parrilla login/input_Sign in_loginfmt'

2020-12-03 14:05:25 - [MESSAGE][PASSED] - Text 'iperez@firstmajestic.com' is set on object 'Object Repository/Login/La parrilla login/input_Sign in_loginfmt'

2020-12-03 14:05:25 - [TEST_STEP][PASSED] - click(findTestObject("Login/La parrilla login/input_Sign in_idSIButton9")): Object: 'Object Repository/Login/La parrilla login/input_Sign in_idSIButton9' is clicked on

2020-12-03 14:05:26 - [MESSAGE][PASSED] - Object: 'Object Repository/Login/La parrilla login/input_Sign in_idSIButton9' is clicked on

2020-12-03 14:05:26 - [TEST_STEP][PASSED] - setEncryptedText(findTestObject("Login/La parrilla login/input_Enter password_passwd"), "ykGCkDCd7AS2UCfUpOmvYw=="): Text ****** has been set on object 'Object Repository/Login/La parrilla login/input_Enter password_passwd'

2020-12-03 14:05:28 - [MESSAGE][PASSED] - Text ****** has been set on object 'Object Repository/Login/La parrilla login/input_Enter password_passwd'

2020-12-03 14:05:28 - [TEST_STEP][PASSED] - click(findTestObject("Login/La parrilla login/input_Sign in_idSIButton9")): Object: 'Object Repository/Login/La parrilla login/input_Sign in_idSIButton9' is clicked on

2020-12-03 14:05:30 - [MESSAGE][PASSED] - Object: 'Object Repository/Login/La parrilla login/input_Sign in_idSIButton9' is clicked on

2020-12-03 14:05:30 - [TEST_STEP][PASSED] - click(findTestObject("Login/La parrilla login/input_Sign in_idSIButton9")): Object: 'Object Repository/Login/La parrilla login/input_Sign in_idSIButton9' is clicked on

2020-12-03 14:05:35 - [MESSAGE][PASSED] - Object: 'Object Repository/Login/La parrilla login/input_Sign in_idSIButton9' is clicked on

2020-12-03 14:05:35 - [TEST_STEP][PASSED] - delay(2): Delayed 2 second(s)

2020-12-03 14:05:37 - [MESSAGE][PASSED] - Delayed 2 second(s)

2020-12-03 14:05:37 - [MESSAGE][PASSED] - Call Test Case 'Test Cases/Login/Log-in' successfully

2020-12-03 14:05:37 - [TEST_STEP][PASSED] - click(findTestObject("Object Repository/Embarques/Barras/Produccion/Consulta de volumen/button_Embarques")): Object: 'Object Repository/Embarques/Barras/Produccion/Consulta de volumen/button_Embarques' is clicked on

2020-12-03 14:05:39 - [MESSAGE][PASSED] - Object: 'Object Repository/Embarques/Barras/Produccion/Consulta de volumen/button_Embarques' is clicked on

2020-12-03 14:05:39 - [TEST_STEP][PASSED] - click(findTestObject("Object Repository/Embarques/Barras/Produccion/Consulta de volumen/button_Barras")): Object: 'Object Repository/Embarques/Barras/Produccion/Consulta de volumen/button_Barras' is clicked on

2020-12-03 14:05:39 - [MESSAGE][PASSED] - Object: 'Object Repository/Embarques/Barras/Produccion/Consulta de volumen/button_Barras' is clicked on

2020-12-03 14:05:39 - [TEST_STEP][PASSED] - click(findTestObject("Object Repository/Embarques/Barras/Produccion/Consulta de volumen/button_Produccin")): Object: 'Object Repository/Embarques/Barras/Produccion/Consulta de volumen/button_Produccin' is clicked on

2020-12-03 14:05:40 - [MESSAGE][PASSED] - Object: 'Object Repository/Embarques/Barras/Produccion/Consulta de volumen/button_Produccin' is clicked on

2020-12-03 14:05:40 - [TEST_STEP][PASSED] - click(findTestObject("Embarques/Barras/Produccion/Consulta de Embarque/button_Barras_Embarcadas")): Object: 'Object Repository/Embarques/Barras/Produccion/Consulta de Embarque/button_Barras_Embarcadas' is clicked on

2020-12-03 14:05:41 - [MESSAGE][PASSED] - Object: 'Object Repository/Embarques/Barras/Produccion/Consulta de Embarque/button_Barras_Embarcadas' is clicked on

2020-12-03 14:05:41 - [TEST_STEP][PASSED] - click(findTestObject("Embarques/Barras/Produccion/Consulta de volumen/button_Volumen_Embarcados")): Object: 'Object Repository/Embarques/Barras/Produccion/Consulta de volumen/button_Volumen_Embarcados' is clicked on

2020-12-03 14:05:42 - [MESSAGE][PASSED] - Object: 'Object Repository/Embarques/Barras/Produccion/Consulta de volumen/button_Volumen_Embarcados' is clicked on

2020-12-03 14:05:42 - [TEST_STEP][PASSED] - setText(findTestObject("Embarques/Barras/Produccion/Consulta de volumen/input_barra_ini_emb"), "1"): Text '1' is set on object 'Object Repository/Embarques/Barras/Produccion/Consulta de volumen/input_barra_ini_emb'

2020-12-03 14:05:42 - [MESSAGE][PASSED] - Text '1' is set on object 'Object Repository/Embarques/Barras/Produccion/Consulta de volumen/input_barra_ini_emb'

2020-12-03 14:05:42 - [TEST_STEP][PASSED] - setText(findTestObject("Embarques/Barras/Produccion/Consulta de volumen/input_barra_fin_emb"), "100"): Text '100' is set on object 'Object Repository/Embarques/Barras/Produccion/Consulta de volumen/input_barra_fin_emb'

2020-12-03 14:05:43 - [MESSAGE][PASSED] - Text '100' is set on object 'Object Repository/Embarques/Barras/Produccion/Consulta de volumen/input_barra_fin_emb'

2020-12-03 14:05:43 - [TEST_STEP][PASSED] - setText(findTestObject("Embarques/Barras/Produccion/Consulta de volumen/input_lote_emb"), "SD-03-12"): Text 'SD-03-12' is set on object 'Object Repository/Embarques/Barras/Produccion/Consulta de volumen/input_lote_emb'

2020-12-03 14:05:43 - [MESSAGE][PASSED] - Text 'SD-03-12' is set on object 'Object Repository/Embarques/Barras/Produccion/Consulta de volumen/input_lote_emb'

2020-12-03 14:05:43 - [TEST_STEP][PASSED] - click(findTestObject("Embarques/Barras/Produccion/Consulta de volumen/button_Consultar_Emb")): Object: 'Object Repository/Embarques/Barras/Produccion/Consulta de volumen/button_Consultar_Emb' is clicked on

2020-12-03 14:05:43 - [MESSAGE][PASSED] - Object: 'Object Repository/Embarques/Barras/Produccion/Consulta de volumen/button_Consultar_Emb' is clicked on

2020-12-03 14:05:43 - [TEST_STEP][PASSED] - waitForElementPresent(findTestObject("Error"), 2): Object 'Object Repository/Error' is not present after 2 second(s)

2020-12-03 14:05:47 - [MESSAGE][INFO] - Unable to find the element located by 'By.xpath: /html/body/div[1]/div/main/div/div/div/div[2]/div/div/div[1]/img'. Please recheck the objects properties to make sure the desired element is located. 

2020-12-03 14:05:47 - [MESSAGE][WARNING] - Object 'Object Repository/Error' is not present after 2 second(s)

2020-12-03 14:05:47 - [TEST_STEP][PASSED] - closeBrowser(): Browser is closed

2020-12-03 14:05:48 - [MESSAGE][PASSED] - Browser is closed]]></system-out>
         <system-err><![CDATA[]]></system-err>
      </testcase>
      <testcase name="Test Cases/Embarques/Barras/Produccion (San Dimas)/Consulta de embarques/Validacion de error lote" time="37.159" classname="Test Cases/Embarques/Barras/Produccion (San Dimas)/Consulta de embarques/Validacion de error lote" status="PASSED">
         <system-out><![CDATA[2020-12-03 14:05:48 - [TEST_CASE][PASSED] - Test Cases/Embarques/Barras/Produccion (San Dimas)/Consulta de embarques/Validacion de error lote: Test Cases/Embarques/Barras/Produccion (San Dimas)/Consulta de embarques/Validacion de error lote

2020-12-03 14:05:48 - [TEST_STEP][PASSED] - callTestCase(findTestCase("Login/Log-in"), [:], CONTINUE_ON_FAILURE): Call Test Case 'Test Cases/Login/Log-in' successfully

2020-12-03 14:05:48 - [TEST_CASE][PASSED] - Test Cases/Login/Log-in: Test Cases/Login/Log-in

2020-12-03 14:05:48 - [TEST_STEP][PASSED] - openBrowser(url): Browser is opened with url: 'https://mb-testing.firstmajestic.com'

2020-12-03 14:05:48 - [MESSAGE][INFO] - Starting 'Chrome' driver

2020-12-03 14:05:53 - [MESSAGE][PASSED] - Browser is opened with url: 'https://mb-testing.firstmajestic.com'

2020-12-03 14:05:53 - [TEST_STEP][PASSED] - maximizeWindow(): Current window maximized

2020-12-03 14:05:55 - [MESSAGE][PASSED] - Current window maximized

2020-12-03 14:05:55 - [TEST_STEP][PASSED] - click(findTestObject("Login/La parrilla login/select_Seleccionar UnidadLa ParrillaLa Enca_3f6097")): Object: 'Object Repository/Login/La parrilla login/select_Seleccionar UnidadLa ParrillaLa Enca_3f6097' is clicked on

2020-12-03 14:05:55 - [MESSAGE][PASSED] - Object: 'Object Repository/Login/La parrilla login/select_Seleccionar UnidadLa ParrillaLa Enca_3f6097' is clicked on

2020-12-03 14:05:55 - [TEST_STEP][PASSED] - selectOptionByLabel(findTestObject("Login/La parrilla login/select_Seleccionar UnidadLa ParrillaLa Enca_3f6097"), unidad, false): All options with label 'San Dimas' are selected in object 'Object Repository/Login/La parrilla login/select_Seleccionar UnidadLa ParrillaLa Enca_3f6097' 

2020-12-03 14:05:56 - [MESSAGE][PASSED] - All options with label 'San Dimas' are selected in object 'Object Repository/Login/La parrilla login/select_Seleccionar UnidadLa ParrillaLa Enca_3f6097' 

2020-12-03 14:05:56 - [TEST_STEP][PASSED] - click(findTestObject("Login/La parrilla login/button_Iniciar Sesin")): Object: 'Object Repository/Login/La parrilla login/button_Iniciar Sesin' is clicked on

2020-12-03 14:05:57 - [MESSAGE][PASSED] - Object: 'Object Repository/Login/La parrilla login/button_Iniciar Sesin' is clicked on

2020-12-03 14:05:57 - [TEST_STEP][PASSED] - click(findTestObject("Login/La parrilla login/input_Sign in with your corporate ID_btn bt_b79ff6")): Object: 'Object Repository/Login/La parrilla login/input_Sign in with your corporate ID_btn bt_b79ff6' is clicked on

2020-12-03 14:06:00 - [MESSAGE][PASSED] - Object: 'Object Repository/Login/La parrilla login/input_Sign in with your corporate ID_btn bt_b79ff6' is clicked on

2020-12-03 14:06:00 - [TEST_STEP][PASSED] - setText(findTestObject("Login/La parrilla login/input_Sign in_loginfmt"), "iperez@firstmajestic.com"): Text 'iperez@firstmajestic.com' is set on object 'Object Repository/Login/La parrilla login/input_Sign in_loginfmt'

2020-12-03 14:06:03 - [MESSAGE][PASSED] - Text 'iperez@firstmajestic.com' is set on object 'Object Repository/Login/La parrilla login/input_Sign in_loginfmt'

2020-12-03 14:06:03 - [TEST_STEP][PASSED] - click(findTestObject("Login/La parrilla login/input_Sign in_idSIButton9")): Object: 'Object Repository/Login/La parrilla login/input_Sign in_idSIButton9' is clicked on

2020-12-03 14:06:03 - [MESSAGE][PASSED] - Object: 'Object Repository/Login/La parrilla login/input_Sign in_idSIButton9' is clicked on

2020-12-03 14:06:03 - [TEST_STEP][PASSED] - setEncryptedText(findTestObject("Login/La parrilla login/input_Enter password_passwd"), "ykGCkDCd7AS2UCfUpOmvYw=="): Text ****** has been set on object 'Object Repository/Login/La parrilla login/input_Enter password_passwd'

2020-12-03 14:06:05 - [MESSAGE][PASSED] - Text ****** has been set on object 'Object Repository/Login/La parrilla login/input_Enter password_passwd'

2020-12-03 14:06:05 - [TEST_STEP][PASSED] - click(findTestObject("Login/La parrilla login/input_Sign in_idSIButton9")): Object: 'Object Repository/Login/La parrilla login/input_Sign in_idSIButton9' is clicked on

2020-12-03 14:06:07 - [MESSAGE][PASSED] - Object: 'Object Repository/Login/La parrilla login/input_Sign in_idSIButton9' is clicked on

2020-12-03 14:06:07 - [TEST_STEP][PASSED] - click(findTestObject("Login/La parrilla login/input_Sign in_idSIButton9")): Object: 'Object Repository/Login/La parrilla login/input_Sign in_idSIButton9' is clicked on

2020-12-03 14:06:12 - [MESSAGE][PASSED] - Object: 'Object Repository/Login/La parrilla login/input_Sign in_idSIButton9' is clicked on

2020-12-03 14:06:12 - [TEST_STEP][PASSED] - delay(2): Delayed 2 second(s)

2020-12-03 14:06:14 - [MESSAGE][PASSED] - Delayed 2 second(s)

2020-12-03 14:06:14 - [MESSAGE][PASSED] - Call Test Case 'Test Cases/Login/Log-in' successfully

2020-12-03 14:06:14 - [TEST_STEP][PASSED] - click(findTestObject("Object Repository/Embarques/Barras/Produccion/Consulta de Embarque/button_Embarques")): Object: 'Object Repository/Embarques/Barras/Produccion/Consulta de Embarque/button_Embarques' is clicked on

2020-12-03 14:06:15 - [MESSAGE][PASSED] - Object: 'Object Repository/Embarques/Barras/Produccion/Consulta de Embarque/button_Embarques' is clicked on

2020-12-03 14:06:15 - [TEST_STEP][PASSED] - click(findTestObject("Object Repository/Embarques/Barras/Produccion/Consulta de Embarque/button_Barras")): Object: 'Object Repository/Embarques/Barras/Produccion/Consulta de Embarque/button_Barras' is clicked on

2020-12-03 14:06:16 - [MESSAGE][PASSED] - Object: 'Object Repository/Embarques/Barras/Produccion/Consulta de Embarque/button_Barras' is clicked on

2020-12-03 14:06:16 - [TEST_STEP][PASSED] - click(findTestObject("Object Repository/Embarques/Barras/Produccion/Consulta de Embarque/button_Produccin")): Object: 'Object Repository/Embarques/Barras/Produccion/Consulta de Embarque/button_Produccin' is clicked on

2020-12-03 14:06:17 - [MESSAGE][PASSED] - Object: 'Object Repository/Embarques/Barras/Produccion/Consulta de Embarque/button_Produccin' is clicked on

2020-12-03 14:06:17 - [TEST_STEP][PASSED] - click(findTestObject("Object Repository/Embarques/Barras/Produccion/Consulta de Embarque/button_Consulta de Embarques")): Object: 'Object Repository/Embarques/Barras/Produccion/Consulta de Embarque/button_Consulta de Embarques' is clicked on

2020-12-03 14:06:18 - [MESSAGE][PASSED] - Object: 'Object Repository/Embarques/Barras/Produccion/Consulta de Embarque/button_Consulta de Embarques' is clicked on

2020-12-03 14:06:18 - [TEST_STEP][PASSED] - click(findTestObject("Object Repository/Embarques/Barras/Produccion/Consulta de Embarque/input_De_Fecha")): Object: 'Object Repository/Embarques/Barras/Produccion/Consulta de Embarque/input_De_Fecha' is clicked on

2020-12-03 14:06:18 - [MESSAGE][PASSED] - Object: 'Object Repository/Embarques/Barras/Produccion/Consulta de Embarque/input_De_Fecha' is clicked on

2020-12-03 14:06:18 - [TEST_STEP][PASSED] - doubleClick(findTestObject("Ventas/Barras/Ensayes oficiales/Captura/button_Previous Month")): Object: 'Object Repository/Ventas/Barras/Ensayes oficiales/Captura/button_Previous Month' is double clicked on

2020-12-03 14:06:19 - [MESSAGE][PASSED] - Object: 'Object Repository/Ventas/Barras/Ensayes oficiales/Captura/button_Previous Month' is double clicked on

2020-12-03 14:06:19 - [TEST_STEP][PASSED] - click(findTestObject("Object Repository/Embarques/Barras/Produccion/Consulta de Embarque/div_1")): Object: 'Object Repository/Embarques/Barras/Produccion/Consulta de Embarque/div_1' is clicked on

2020-12-03 14:06:20 - [MESSAGE][PASSED] - Object: 'Object Repository/Embarques/Barras/Produccion/Consulta de Embarque/div_1' is clicked on

2020-12-03 14:06:20 - [TEST_STEP][PASSED] - click(findTestObject("Object Repository/Embarques/Barras/Produccion/Consulta de Embarque/button_Consultar")): Object: 'Object Repository/Embarques/Barras/Produccion/Consulta de Embarque/button_Consultar' is clicked on

2020-12-03 14:06:20 - [MESSAGE][PASSED] - Object: 'Object Repository/Embarques/Barras/Produccion/Consulta de Embarque/button_Consultar' is clicked on

2020-12-03 14:06:20 - [TEST_STEP][PASSED] - waitForElementPresent(findTestObject("Error"), 2): Object 'Object Repository/Error' is not present after 2 second(s)

2020-12-03 14:06:24 - [MESSAGE][INFO] - Unable to find the element located by 'By.xpath: /html/body/div[1]/div/main/div/div/div/div[2]/div/div/div[1]/img'. Please recheck the objects properties to make sure the desired element is located. 

2020-12-03 14:06:24 - [MESSAGE][WARNING] - Object 'Object Repository/Error' is not present after 2 second(s)

2020-12-03 14:06:24 - [TEST_STEP][PASSED] - closeBrowser(): Browser is closed

2020-12-03 14:06:25 - [MESSAGE][PASSED] - Browser is closed]]></system-out>
         <system-err><![CDATA[]]></system-err>
      </testcase>
      <testcase name="Test Cases/Embarques/Barras/Produccion (San Dimas)/Consulta de volumen/Validacion de error volumen" time="37.017" classname="Test Cases/Embarques/Barras/Produccion (San Dimas)/Consulta de volumen/Validacion de error volumen" status="PASSED">
         <system-out><![CDATA[2020-12-03 14:06:25 - [TEST_CASE][PASSED] - Test Cases/Embarques/Barras/Produccion (San Dimas)/Consulta de volumen/Validacion de error volumen: Test Cases/Embarques/Barras/Produccion (San Dimas)/Consulta de volumen/Validacion de error volumen

2020-12-03 14:06:25 - [TEST_STEP][PASSED] - callTestCase(findTestCase("Login/Log-in"), [:], CONTINUE_ON_FAILURE): Call Test Case 'Test Cases/Login/Log-in' successfully

2020-12-03 14:06:25 - [TEST_CASE][PASSED] - Test Cases/Login/Log-in: Test Cases/Login/Log-in

2020-12-03 14:06:25 - [TEST_STEP][PASSED] - openBrowser(url): Browser is opened with url: 'https://mb-testing.firstmajestic.com'

2020-12-03 14:06:25 - [MESSAGE][INFO] - Starting 'Chrome' driver

2020-12-03 14:06:32 - [MESSAGE][PASSED] - Browser is opened with url: 'https://mb-testing.firstmajestic.com'

2020-12-03 14:06:32 - [TEST_STEP][PASSED] - maximizeWindow(): Current window maximized

2020-12-03 14:06:33 - [MESSAGE][PASSED] - Current window maximized

2020-12-03 14:06:33 - [TEST_STEP][PASSED] - click(findTestObject("Login/La parrilla login/select_Seleccionar UnidadLa ParrillaLa Enca_3f6097")): Object: 'Object Repository/Login/La parrilla login/select_Seleccionar UnidadLa ParrillaLa Enca_3f6097' is clicked on

2020-12-03 14:06:33 - [MESSAGE][PASSED] - Object: 'Object Repository/Login/La parrilla login/select_Seleccionar UnidadLa ParrillaLa Enca_3f6097' is clicked on

2020-12-03 14:06:33 - [TEST_STEP][PASSED] - selectOptionByLabel(findTestObject("Login/La parrilla login/select_Seleccionar UnidadLa ParrillaLa Enca_3f6097"), unidad, false): All options with label 'San Dimas' are selected in object 'Object Repository/Login/La parrilla login/select_Seleccionar UnidadLa ParrillaLa Enca_3f6097' 

2020-12-03 14:06:34 - [MESSAGE][PASSED] - All options with label 'San Dimas' are selected in object 'Object Repository/Login/La parrilla login/select_Seleccionar UnidadLa ParrillaLa Enca_3f6097' 

2020-12-03 14:06:34 - [TEST_STEP][PASSED] - click(findTestObject("Login/La parrilla login/button_Iniciar Sesin")): Object: 'Object Repository/Login/La parrilla login/button_Iniciar Sesin' is clicked on

2020-12-03 14:06:35 - [MESSAGE][PASSED] - Object: 'Object Repository/Login/La parrilla login/button_Iniciar Sesin' is clicked on

2020-12-03 14:06:35 - [TEST_STEP][PASSED] - click(findTestObject("Login/La parrilla login/input_Sign in with your corporate ID_btn bt_b79ff6")): Object: 'Object Repository/Login/La parrilla login/input_Sign in with your corporate ID_btn bt_b79ff6' is clicked on

2020-12-03 14:06:38 - [MESSAGE][PASSED] - Object: 'Object Repository/Login/La parrilla login/input_Sign in with your corporate ID_btn bt_b79ff6' is clicked on

2020-12-03 14:06:38 - [TEST_STEP][PASSED] - setText(findTestObject("Login/La parrilla login/input_Sign in_loginfmt"), "iperez@firstmajestic.com"): Text 'iperez@firstmajestic.com' is set on object 'Object Repository/Login/La parrilla login/input_Sign in_loginfmt'

2020-12-03 14:06:41 - [MESSAGE][PASSED] - Text 'iperez@firstmajestic.com' is set on object 'Object Repository/Login/La parrilla login/input_Sign in_loginfmt'

2020-12-03 14:06:41 - [TEST_STEP][PASSED] - click(findTestObject("Login/La parrilla login/input_Sign in_idSIButton9")): Object: 'Object Repository/Login/La parrilla login/input_Sign in_idSIButton9' is clicked on

2020-12-03 14:06:41 - [MESSAGE][PASSED] - Object: 'Object Repository/Login/La parrilla login/input_Sign in_idSIButton9' is clicked on

2020-12-03 14:06:41 - [TEST_STEP][PASSED] - setEncryptedText(findTestObject("Login/La parrilla login/input_Enter password_passwd"), "ykGCkDCd7AS2UCfUpOmvYw=="): Text ****** has been set on object 'Object Repository/Login/La parrilla login/input_Enter password_passwd'

2020-12-03 14:06:43 - [MESSAGE][PASSED] - Text ****** has been set on object 'Object Repository/Login/La parrilla login/input_Enter password_passwd'

2020-12-03 14:06:43 - [TEST_STEP][PASSED] - click(findTestObject("Login/La parrilla login/input_Sign in_idSIButton9")): Object: 'Object Repository/Login/La parrilla login/input_Sign in_idSIButton9' is clicked on

2020-12-03 14:06:45 - [MESSAGE][PASSED] - Object: 'Object Repository/Login/La parrilla login/input_Sign in_idSIButton9' is clicked on

2020-12-03 14:06:45 - [TEST_STEP][PASSED] - click(findTestObject("Login/La parrilla login/input_Sign in_idSIButton9")): Object: 'Object Repository/Login/La parrilla login/input_Sign in_idSIButton9' is clicked on

2020-12-03 14:06:50 - [MESSAGE][PASSED] - Object: 'Object Repository/Login/La parrilla login/input_Sign in_idSIButton9' is clicked on

2020-12-03 14:06:50 - [TEST_STEP][PASSED] - delay(2): Delayed 2 second(s)

2020-12-03 14:06:52 - [MESSAGE][PASSED] - Delayed 2 second(s)

2020-12-03 14:06:52 - [MESSAGE][PASSED] - Call Test Case 'Test Cases/Login/Log-in' successfully

2020-12-03 14:06:52 - [TEST_STEP][PASSED] - click(findTestObject("Object Repository/Embarques/Barras/Produccion/Consulta de volumen/button_Embarques")): Object: 'Object Repository/Embarques/Barras/Produccion/Consulta de volumen/button_Embarques' is clicked on

2020-12-03 14:06:53 - [MESSAGE][PASSED] - Object: 'Object Repository/Embarques/Barras/Produccion/Consulta de volumen/button_Embarques' is clicked on

2020-12-03 14:06:53 - [TEST_STEP][PASSED] - click(findTestObject("Object Repository/Embarques/Barras/Produccion/Consulta de volumen/button_Barras")): Object: 'Object Repository/Embarques/Barras/Produccion/Consulta de volumen/button_Barras' is clicked on

2020-12-03 14:06:54 - [MESSAGE][PASSED] - Object: 'Object Repository/Embarques/Barras/Produccion/Consulta de volumen/button_Barras' is clicked on

2020-12-03 14:06:54 - [TEST_STEP][PASSED] - click(findTestObject("Object Repository/Embarques/Barras/Produccion/Consulta de volumen/button_Produccin")): Object: 'Object Repository/Embarques/Barras/Produccion/Consulta de volumen/button_Produccin' is clicked on

2020-12-03 14:06:55 - [MESSAGE][PASSED] - Object: 'Object Repository/Embarques/Barras/Produccion/Consulta de volumen/button_Produccin' is clicked on

2020-12-03 14:06:55 - [TEST_STEP][PASSED] - click(findTestObject("Object Repository/Embarques/Barras/Produccion/Consulta de volumen/button_Consulta de Volumen")): Object: 'Object Repository/Embarques/Barras/Produccion/Consulta de volumen/button_Consulta de Volumen' is clicked on

2020-12-03 14:06:55 - [MESSAGE][PASSED] - Object: 'Object Repository/Embarques/Barras/Produccion/Consulta de volumen/button_Consulta de Volumen' is clicked on

2020-12-03 14:06:55 - [TEST_STEP][PASSED] - setText(findTestObject("Object Repository/Embarques/Barras/Produccion/Consulta de volumen/input_No De Barra Inicial_initBar"), "1"): Text '1' is set on object 'Object Repository/Embarques/Barras/Produccion/Consulta de volumen/input_No De Barra Inicial_initBar'

2020-12-03 14:06:56 - [MESSAGE][PASSED] - Text '1' is set on object 'Object Repository/Embarques/Barras/Produccion/Consulta de volumen/input_No De Barra Inicial_initBar'

2020-12-03 14:06:56 - [TEST_STEP][PASSED] - setText(findTestObject("Object Repository/Embarques/Barras/Produccion/Consulta de volumen/input_No de Barra Final_endBar"), "100"): Text '100' is set on object 'Object Repository/Embarques/Barras/Produccion/Consulta de volumen/input_No de Barra Final_endBar'

2020-12-03 14:06:56 - [MESSAGE][PASSED] - Text '100' is set on object 'Object Repository/Embarques/Barras/Produccion/Consulta de volumen/input_No de Barra Final_endBar'

2020-12-03 14:06:56 - [TEST_STEP][PASSED] - setText(findTestObject("Object Repository/Embarques/Barras/Produccion/Consulta de volumen/input_Lote_Batch"), "SD-03-12"): Text 'SD-03-12' is set on object 'Object Repository/Embarques/Barras/Produccion/Consulta de volumen/input_Lote_Batch'

2020-12-03 14:06:57 - [MESSAGE][PASSED] - Text 'SD-03-12' is set on object 'Object Repository/Embarques/Barras/Produccion/Consulta de volumen/input_Lote_Batch'

2020-12-03 14:06:57 - [TEST_STEP][PASSED] - click(findTestObject("Object Repository/Embarques/Barras/Produccion/Consulta de volumen/button_Consultar")): Object: 'Object Repository/Embarques/Barras/Produccion/Consulta de volumen/button_Consultar' is clicked on

2020-12-03 14:06:57 - [MESSAGE][PASSED] - Object: 'Object Repository/Embarques/Barras/Produccion/Consulta de volumen/button_Consultar' is clicked on

2020-12-03 14:06:57 - [TEST_STEP][PASSED] - waitForElementPresent(findTestObject("Error"), 2): Object 'Object Repository/Error' is not present after 2 second(s)

2020-12-03 14:07:01 - [MESSAGE][INFO] - Unable to find the element located by 'By.xpath: /html/body/div[1]/div/main/div/div/div/div[2]/div/div/div[1]/img'. Please recheck the objects properties to make sure the desired element is located. 

2020-12-03 14:07:01 - [MESSAGE][WARNING] - Object 'Object Repository/Error' is not present after 2 second(s)

2020-12-03 14:07:01 - [TEST_STEP][PASSED] - closeBrowser(): Browser is closed

2020-12-03 14:07:02 - [MESSAGE][PASSED] - Browser is closed]]></system-out>
         <system-err><![CDATA[]]></system-err>
      </testcase>
      <system-out><![CDATA[2020-12-03 14:04:26 - [TEST_SUITE][PASSED] - San dimas: Test Cases/Embarques/Barras/Produccion (San Dimas)/Consulta de volumen/Validacion de error volumen]]></system-out>
      <system-err><![CDATA[]]></system-err>
   </testsuite>
</testsuites>
